<?xml version="1.0" encoding="UTF-8"?>
<coverage generated="1774050243154" clover="3.2.0">
  <project timestamp="1774050243154" name="All files">
    <metrics statements="1220" coveredstatements="840" conditionals="789" coveredconditionals="514" methods="329" coveredmethods="242" elements="2338" coveredelements="1596" complexity="0" loc="1220" ncloc="1220" packages="31" files="67" classes="67"/>
    <package name="core.auth">
      <metrics statements="41" coveredstatements="13" conditionals="23" coveredconditionals="6" methods="12" coveredmethods="4"/>
      <file name="biometric-service.native.ts" path="/Users/karimmeguenni-tani/BodyOrthox/bodyorthox-rn/src/core/auth/biometric-service.native.ts">
        <metrics statements="12" coveredstatements="11" conditionals="7" coveredconditionals="6" methods="3" coveredmethods="2"/>
        <line num="5" count="8" type="stmt"/>
        <line num="8" count="3" type="stmt"/>
        <line num="9" count="3" type="stmt"/>
        <line num="10" count="2" type="stmt"/>
        <line num="12" count="1" type="stmt"/>
        <line num="17" count="5" type="stmt"/>
        <line num="18" count="5" type="stmt"/>
        <line num="23" count="4" type="cond" truecount="2" falsecount="0"/>
        <line num="26" count="2" type="cond" truecount="2" falsecount="0"/>
        <line num="27" count="2" type="stmt"/>
        <line num="29" count="1" type="stmt"/>
        <line num="38" count="0" type="stmt"/>
      </file>
      <file name="biometric-service.ts" path="/Users/karimmeguenni-tani/BodyOrthox/bodyorthox-rn/src/core/auth/biometric-service.ts">
        <metrics statements="0" coveredstatements="0" conditionals="0" coveredconditionals="0" methods="0" coveredmethods="0"/>
      </file>
      <file name="biometric-service.web.ts" path="/Users/karimmeguenni-tani/BodyOrthox/bodyorthox-rn/src/core/auth/biometric-service.web.ts">
        <metrics statements="3" coveredstatements="2" conditionals="0" coveredconditionals="0" methods="3" coveredmethods="2"/>
        <line num="10" count="1" type="stmt"/>
        <line num="14" count="2" type="stmt"/>
        <line num="19" count="0" type="stmt"/>
      </file>
      <file name="use-biometric-auth.ts" path="/Users/karimmeguenni-tani/BodyOrthox/bodyorthox-rn/src/core/auth/use-biometric-auth.ts">
        <metrics statements="26" coveredstatements="0" conditionals="16" coveredconditionals="0" methods="6" coveredmethods="0"/>
        <line num="8" count="0" type="cond" truecount="0" falsecount="2"/>
        <line num="9" count="0" type="cond" truecount="0" falsecount="2"/>
        <line num="10" count="0" type="stmt"/>
        <line num="12" count="0" type="stmt"/>
        <line num="15" count="0" type="stmt"/>
        <line num="19" count="0" type="stmt"/>
        <line num="20" count="0" type="stmt"/>
        <line num="22" count="0" type="stmt"/>
        <line num="24" count="0" type="stmt"/>
        <line num="25" count="0" type="stmt"/>
        <line num="26" count="0" type="cond" truecount="0" falsecount="2"/>
        <line num="28" count="0" type="stmt"/>
        <line num="31" count="0" type="stmt"/>
        <line num="34" count="0" type="stmt"/>
        <line num="35" count="0" type="stmt"/>
        <line num="36" count="0" type="stmt"/>
        <line num="37" count="0" type="stmt"/>
        <line num="38" count="0" type="stmt"/>
        <line num="39" count="0" type="cond" truecount="0" falsecount="2"/>
        <line num="40" count="0" type="stmt"/>
        <line num="42" count="0" type="cond" truecount="0" falsecount="2"/>
        <line num="45" count="0" type="stmt"/>
        <line num="50" count="0" type="stmt"/>
        <line num="54" count="0" type="stmt"/>
        <line num="55" count="0" type="stmt"/>
        <line num="58" count="0" type="stmt"/>
      </file>
    </package>
    <package name="core.config">
      <metrics statements="4" coveredstatements="4" conditionals="2" coveredconditionals="1" methods="0" coveredmethods="0"/>
      <file name="app-config.ts" path="/Users/karimmeguenni-tani/BodyOrthox/bodyorthox-rn/src/core/config/app-config.ts">
        <metrics statements="4" coveredstatements="4" conditionals="2" coveredconditionals="1" methods="0" coveredmethods="0"/>
        <line num="12" count="1" type="stmt"/>
        <line num="20" count="1" type="stmt"/>
        <line num="28" count="1" type="stmt"/>
        <line num="30" count="1" type="cond" truecount="1" falsecount="1"/>
      </file>
    </package>
    <package name="core.database">
      <metrics statements="121" coveredstatements="91" conditionals="62" coveredconditionals="35" methods="25" coveredmethods="17"/>
      <file name="database.native.ts" path="/Users/karimmeguenni-tani/BodyOrthox/bodyorthox-rn/src/core/database/database.native.ts">
        <metrics statements="14" coveredstatements="0" conditionals="3" coveredconditionals="0" methods="5" coveredmethods="0"/>
        <line num="5" count="0" type="stmt"/>
        <line num="8" count="0" type="stmt"/>
        <line num="13" count="0" type="stmt"/>
        <line num="14" count="0" type="stmt"/>
        <line num="15" count="0" type="stmt"/>
        <line num="20" count="0" type="cond" truecount="0" falsecount="2"/>
        <line num="22" count="0" type="stmt"/>
        <line num="23" count="0" type="stmt"/>
        <line num="24" count="0" type="stmt"/>
        <line num="25" count="0" type="stmt"/>
        <line num="27" count="0" type="stmt"/>
        <line num="35" count="0" type="stmt"/>
        <line num="36" count="0" type="stmt"/>
        <line num="41" count="0" type="stmt"/>
      </file>
      <file name="database.ts" path="/Users/karimmeguenni-tani/BodyOrthox/bodyorthox-rn/src/core/database/database.ts">
        <metrics statements="0" coveredstatements="0" conditionals="0" coveredconditionals="0" methods="0" coveredmethods="0"/>
      </file>
      <file name="database.web.ts" path="/Users/karimmeguenni-tani/BodyOrthox/bodyorthox-rn/src/core/database/database.web.ts">
        <metrics statements="92" coveredstatements="86" conditionals="53" coveredconditionals="35" methods="18" coveredmethods="17"/>
        <line num="11" count="10" type="stmt"/>
        <line num="15" count="10" type="stmt"/>
        <line num="17" count="10" type="cond" truecount="1" falsecount="1"/>
        <line num="20" count="10" type="cond" truecount="1" falsecount="1"/>
        <line num="21" count="0" type="stmt"/>
        <line num="25" count="0" type="stmt"/>
        <line num="26" count="0" type="stmt"/>
        <line num="35" count="17" type="stmt"/>
        <line num="37" count="17" type="cond" truecount="4" falsecount="0"/>
        <line num="38" count="2" type="stmt"/>
        <line num="41" count="15" type="cond" truecount="2" falsecount="0"/>
        <line num="42" count="5" type="stmt"/>
        <line num="45" count="10" type="cond" truecount="2" falsecount="0"/>
        <line num="46" count="8" type="stmt"/>
        <line num="49" count="2" type="cond" truecount="2" falsecount="0"/>
        <line num="50" count="1" type="stmt"/>
        <line num="53" count="1" type="cond" truecount="1" falsecount="1"/>
        <line num="54" count="1" type="stmt"/>
        <line num="57" count="0" type="stmt"/>
        <line num="61" count="5" type="stmt"/>
        <line num="62" count="5" type="cond" truecount="1" falsecount="1"/>
        <line num="64" count="5" type="stmt"/>
        <line num="65" count="5" type="cond" truecount="1" falsecount="1"/>
        <line num="68" count="5" type="stmt"/>
        <line num="69" count="5" type="cond" truecount="2" falsecount="0"/>
        <line num="70" count="3" type="stmt"/>
        <line num="71" count="3" type="stmt"/>
        <line num="72" count="3" type="stmt"/>
        <line num="73" count="3" type="stmt"/>
        <line num="75" count="3" type="stmt"/>
        <line num="76" count="3" type="stmt"/>
        <line num="78" count="3" type="cond" truecount="1" falsecount="1"/>
        <line num="79" count="0" type="stmt"/>
        <line num="80" count="0" type="stmt"/>
        <line num="82" count="3" type="cond" truecount="2" falsecount="0"/>
        <line num="83" count="3" type="stmt"/>
        <line num="84" count="1" type="cond" truecount="1" falsecount="1"/>
        <line num="85" count="1" type="stmt"/>
        <line num="86" count="1" type="stmt"/>
        <line num="87" count="2" type="stmt"/>
        <line num="91" count="3" type="stmt"/>
        <line num="94" count="2" type="stmt"/>
        <line num="98" count="8" type="stmt"/>
        <line num="99" count="8" type="cond" truecount="1" falsecount="1"/>
        <line num="101" count="8" type="stmt"/>
        <line num="102" count="8" type="stmt"/>
        <line num="103" count="8" type="cond" truecount="1" falsecount="1"/>
        <line num="105" count="8" type="stmt"/>
        <line num="107" count="40" type="stmt"/>
        <line num="108" count="8" type="stmt"/>
        <line num="109" count="8" type="stmt"/>
        <line num="110" count="40" type="stmt"/>
        <line num="113" count="8" type="cond" truecount="2" falsecount="0"/>
        <line num="114" count="6" type="stmt"/>
        <line num="116" count="8" type="stmt"/>
        <line num="117" count="8" type="stmt"/>
        <line num="119" count="8" type="stmt"/>
        <line num="123" count="1" type="stmt"/>
        <line num="124" count="1" type="cond" truecount="1" falsecount="1"/>
        <line num="126" count="1" type="stmt"/>
        <line num="127" count="1" type="cond" truecount="1" falsecount="1"/>
        <line num="128" count="1" type="stmt"/>
        <line num="129" count="1" type="stmt"/>
        <line num="131" count="1" type="stmt"/>
        <line num="132" count="1" type="cond" truecount="1" falsecount="1"/>
        <line num="133" count="1" type="stmt"/>
        <line num="134" count="1" type="stmt"/>
        <line num="135" count="1" type="cond" truecount="1" falsecount="1"/>
        <line num="136" count="1" type="stmt"/>
        <line num="137" count="1" type="stmt"/>
        <line num="138" count="1" type="cond" truecount="1" falsecount="1"/>
        <line num="140" count="1" type="stmt"/>
        <line num="145" count="1" type="stmt"/>
        <line num="146" count="1" type="stmt"/>
        <line num="150" count="1" type="stmt"/>
        <line num="151" count="1" type="cond" truecount="1" falsecount="1"/>
        <line num="153" count="1" type="stmt"/>
        <line num="154" count="1" type="cond" truecount="1" falsecount="1"/>
        <line num="155" count="1" type="stmt"/>
        <line num="156" count="1" type="stmt"/>
        <line num="157" count="1" type="stmt"/>
        <line num="159" count="1" type="stmt"/>
        <line num="161" count="1" type="stmt"/>
        <line num="163" count="1" type="stmt"/>
        <line num="170" count="20" type="stmt"/>
        <line num="171" count="20" type="cond" truecount="1" falsecount="1"/>
        <line num="172" count="20" type="stmt"/>
        <line num="173" count="20" type="stmt"/>
        <line num="174" count="17" type="stmt"/>
        <line num="176" count="20" type="stmt"/>
        <line num="184" count="10" type="stmt"/>
        <line num="189" count="10" type="stmt"/>
      </file>
      <file name="init.ts" path="/Users/karimmeguenni-tani/BodyOrthox/bodyorthox-rn/src/core/database/init.ts">
        <metrics statements="10" coveredstatements="0" conditionals="6" coveredconditionals="0" methods="2" coveredmethods="0"/>
        <line num="9" count="0" type="stmt"/>
        <line num="12" count="0" type="cond" truecount="0" falsecount="2"/>
        <line num="15" count="0" type="cond" truecount="0" falsecount="2"/>
        <line num="19" count="0" type="stmt"/>
        <line num="20" count="0" type="stmt"/>
        <line num="22" count="0" type="stmt"/>
        <line num="23" count="0" type="stmt"/>
        <line num="25" count="0" type="stmt"/>
        <line num="29" count="0" type="cond" truecount="0" falsecount="2"/>
        <line num="30" count="0" type="stmt"/>
      </file>
      <file name="schema.ts" path="/Users/karimmeguenni-tani/BodyOrthox/bodyorthox-rn/src/core/database/schema.ts">
        <metrics statements="5" coveredstatements="5" conditionals="0" coveredconditionals="0" methods="0" coveredmethods="0"/>
        <line num="6" count="1" type="stmt"/>
        <line num="16" count="1" type="stmt"/>
        <line num="30" count="1" type="stmt"/>
        <line num="34" count="1" type="stmt"/>
        <line num="39" count="1" type="stmt"/>
      </file>
    </package>
    <package name="core.legal">
      <metrics statements="1" coveredstatements="1" conditionals="0" coveredconditionals="0" methods="0" coveredmethods="0"/>
      <file name="legal-constants.ts" path="/Users/karimmeguenni-tani/BodyOrthox/bodyorthox-rn/src/core/legal/legal-constants.ts">
        <metrics statements="1" coveredstatements="1" conditionals="0" coveredconditionals="0" methods="0" coveredmethods="0"/>
        <line num="6" count="4" type="stmt"/>
      </file>
    </package>
    <package name="core.notifications">
      <metrics statements="50" coveredstatements="47" conditionals="22" coveredconditionals="20" methods="9" coveredmethods="7"/>
      <file name="notification-service.native.ts" path="/Users/karimmeguenni-tani/BodyOrthox/bodyorthox-rn/src/core/notifications/notification-service.native.ts">
        <metrics statements="21" coveredstatements="20" conditionals="10" coveredconditionals="9" methods="4" coveredmethods="3"/>
        <line num="14" count="12" type="stmt"/>
        <line num="17" count="6" type="cond" truecount="2" falsecount="0"/>
        <line num="18" count="1" type="stmt"/>
        <line num="21" count="5" type="stmt"/>
        <line num="23" count="5" type="stmt"/>
        <line num="24" count="5" type="stmt"/>
        <line num="25" count="4" type="stmt"/>
        <line num="30" count="1" type="stmt"/>
        <line num="35" count="7" type="stmt"/>
        <line num="36" count="7" type="stmt"/>
        <line num="37" count="6" type="stmt"/>
        <line num="42" count="1" type="stmt"/>
        <line num="50" count="3" type="stmt"/>
        <line num="51" count="3" type="cond" truecount="2" falsecount="0"/>
        <line num="52" count="1" type="stmt"/>
        <line num="55" count="2" type="stmt"/>
        <line num="56" count="2" type="stmt"/>
        <line num="57" count="2" type="stmt"/>
        <line num="61" count="1" type="stmt"/>
        <line num="63" count="1" type="stmt"/>
        <line num="72" count="0" type="stmt"/>
      </file>
      <file name="notification-service.web.ts" path="/Users/karimmeguenni-tani/BodyOrthox/bodyorthox-rn/src/core/notifications/notification-service.web.ts">
        <metrics statements="24" coveredstatements="22" conditionals="12" coveredconditionals="11" methods="4" coveredmethods="3"/>
        <line num="13" count="15" type="stmt"/>
        <line num="16" count="5" type="cond" truecount="2" falsecount="0"/>
        <line num="17" count="1" type="stmt"/>
        <line num="20" count="4" type="cond" truecount="2" falsecount="0"/>
        <line num="21" count="1" type="stmt"/>
        <line num="24" count="3" type="stmt"/>
        <line num="26" count="3" type="stmt"/>
        <line num="27" count="3" type="stmt"/>
        <line num="28" count="3" type="stmt"/>
        <line num="30" count="0" type="stmt"/>
        <line num="35" count="7" type="cond" truecount="2" falsecount="0"/>
        <line num="36" count="1" type="stmt"/>
        <line num="38" count="6" type="stmt"/>
        <line num="45" count="4" type="cond" truecount="2" falsecount="0"/>
        <line num="46" count="1" type="stmt"/>
        <line num="52" count="3" type="stmt"/>
        <line num="53" count="3" type="cond" truecount="2" falsecount="0"/>
        <line num="54" count="1" type="stmt"/>
        <line num="57" count="2" type="stmt"/>
        <line num="58" count="2" type="stmt"/>
        <line num="59" count="2" type="stmt"/>
        <line num="60" count="1" type="stmt"/>
        <line num="62" count="1" type="stmt"/>
        <line num="71" count="0" type="stmt"/>
      </file>
      <file name="notification-types.ts" path="/Users/karimmeguenni-tani/BodyOrthox/bodyorthox-rn/src/core/notifications/notification-types.ts">
        <metrics statements="0" coveredstatements="0" conditionals="0" coveredconditionals="0" methods="0" coveredmethods="0"/>
      </file>
      <file name="notification-utils.ts" path="/Users/karimmeguenni-tani/BodyOrthox/bodyorthox-rn/src/core/notifications/notification-utils.ts">
        <metrics statements="5" coveredstatements="5" conditionals="0" coveredconditionals="0" methods="1" coveredmethods="1"/>
        <line num="14" count="7" type="stmt"/>
        <line num="15" count="7" type="stmt"/>
        <line num="16" count="7" type="stmt"/>
        <line num="17" count="7" type="stmt"/>
        <line num="20" count="1" type="stmt"/>
      </file>
    </package>
    <package name="features.capture.components">
      <metrics statements="95" coveredstatements="9" conditionals="48" coveredconditionals="16" methods="18" coveredmethods="3"/>
      <file name="guided-camera-overlay.tsx" path="/Users/karimmeguenni-tani/BodyOrthox/bodyorthox-rn/src/features/capture/components/guided-camera-overlay.tsx">
        <metrics statements="2" coveredstatements="2" conditionals="10" coveredconditionals="10" methods="1" coveredmethods="1"/>
        <line num="21" count="8" type="stmt"/>
        <line num="66" count="1" type="stmt"/>
      </file>
      <file name="luminosity-indicator.tsx" path="/Users/karimmeguenni-tani/BodyOrthox/bodyorthox-rn/src/features/capture/components/luminosity-indicator.tsx">
        <metrics statements="7" coveredstatements="7" conditionals="6" coveredconditionals="6" methods="2" coveredmethods="2"/>
        <line num="15" count="17" type="cond" truecount="2" falsecount="0"/>
        <line num="16" count="15" type="cond" truecount="2" falsecount="0"/>
        <line num="17" count="13" type="cond" truecount="2" falsecount="0"/>
        <line num="18" count="11" type="stmt"/>
        <line num="22" count="17" type="stmt"/>
        <line num="24" count="17" type="stmt"/>
        <line num="32" count="2" type="stmt"/>
      </file>
      <file name="photo-upload.tsx" path="/Users/karimmeguenni-tani/BodyOrthox/bodyorthox-rn/src/features/capture/components/photo-upload.tsx">
        <metrics statements="31" coveredstatements="0" conditionals="10" coveredconditionals="0" methods="6" coveredmethods="0"/>
        <line num="11" count="0" type="stmt"/>
        <line num="13" count="0" type="stmt"/>
        <line num="14" count="0" type="cond" truecount="0" falsecount="2"/>
        <line num="16" count="0" type="stmt"/>
        <line num="17" count="0" type="stmt"/>
        <line num="18" count="0" type="stmt"/>
        <line num="19" count="0" type="stmt"/>
        <line num="20" count="0" type="stmt"/>
        <line num="21" count="0" type="stmt"/>
        <line num="23" count="0" type="stmt"/>
        <line num="24" count="0" type="stmt"/>
        <line num="25" count="0" type="cond" truecount="0" falsecount="2"/>
        <line num="27" count="0" type="stmt"/>
        <line num="28" count="0" type="stmt"/>
        <line num="29" count="0" type="stmt"/>
        <line num="30" count="0" type="cond" truecount="0" falsecount="2"/>
        <line num="31" count="0" type="stmt"/>
        <line num="34" count="0" type="stmt"/>
        <line num="35" count="0" type="stmt"/>
        <line num="38" count="0" type="stmt"/>
        <line num="40" count="0" type="stmt"/>
        <line num="41" count="0" type="stmt"/>
        <line num="42" count="0" type="cond" truecount="0" falsecount="2"/>
        <line num="43" count="0" type="stmt"/>
        <line num="45" count="0" type="stmt"/>
        <line num="49" count="0" type="stmt"/>
        <line num="50" count="0" type="stmt"/>
        <line num="53" count="0" type="cond" truecount="0" falsecount="2"/>
        <line num="54" count="0" type="stmt"/>
        <line num="57" count="0" type="stmt"/>
        <line num="69" count="0" type="stmt"/>
      </file>
      <file name="web-camera.tsx" path="/Users/karimmeguenni-tani/BodyOrthox/bodyorthox-rn/src/features/capture/components/web-camera.tsx">
        <metrics statements="55" coveredstatements="0" conditionals="22" coveredconditionals="0" methods="9" coveredmethods="0"/>
        <line num="22" count="0" type="stmt"/>
        <line num="24" count="0" type="stmt"/>
        <line num="25" count="0" type="stmt"/>
        <line num="26" count="0" type="stmt"/>
        <line num="27" count="0" type="stmt"/>
        <line num="29" count="0" type="stmt"/>
        <line num="30" count="0" type="stmt"/>
        <line num="31" count="0" type="cond" truecount="0" falsecount="4"/>
        <line num="33" count="0" type="stmt"/>
        <line num="34" count="0" type="stmt"/>
        <line num="35" count="0" type="stmt"/>
        <line num="36" count="0" type="stmt"/>
        <line num="37" count="0" type="cond" truecount="0" falsecount="2"/>
        <line num="39" count="0" type="stmt"/>
        <line num="40" count="0" type="stmt"/>
        <line num="43" count="0" type="stmt"/>
        <line num="46" count="0" type="stmt"/>
        <line num="47" count="0" type="stmt"/>
        <line num="48" count="0" type="stmt"/>
        <line num="49" count="0" type="stmt"/>
        <line num="51" count="0" type="stmt"/>
        <line num="52" count="0" type="cond" truecount="0" falsecount="2"/>
        <line num="54" count="0" type="stmt"/>
        <line num="55" count="0" type="cond" truecount="0" falsecount="2"/>
        <line num="57" count="0" type="stmt"/>
        <line num="58" count="0" type="stmt"/>
        <line num="59" count="0" type="stmt"/>
        <line num="60" count="0" type="stmt"/>
        <line num="61" count="0" type="stmt"/>
        <line num="62" count="0" type="stmt"/>
        <line num="63" count="0" type="stmt"/>
        <line num="64" count="0" type="stmt"/>
        <line num="65" count="0" type="stmt"/>
        <line num="66" count="0" type="stmt"/>
        <line num="68" count="0" type="stmt"/>
        <line num="77" count="0" type="stmt"/>
        <line num="78" count="0" type="stmt"/>
        <line num="79" count="0" type="stmt"/>
        <line num="80" count="0" type="stmt"/>
        <line num="85" count="0" type="cond" truecount="0" falsecount="2"/>
        <line num="90" count="0" type="stmt"/>
        <line num="91" count="0" type="stmt"/>
        <line num="94" count="0" type="stmt"/>
        <line num="95" count="0" type="cond" truecount="0" falsecount="2"/>
        <line num="96" count="0" type="stmt"/>
        <line num="97" count="0" type="stmt"/>
        <line num="99" count="0" type="stmt"/>
        <line num="100" count="0" type="cond" truecount="0" falsecount="2"/>
        <line num="101" count="0" type="stmt"/>
        <line num="106" count="0" type="cond" truecount="0" falsecount="2"/>
        <line num="107" count="0" type="stmt"/>
        <line num="110" count="0" type="cond" truecount="0" falsecount="2"/>
        <line num="111" count="0" type="stmt"/>
        <line num="119" count="0" type="stmt"/>
        <line num="129" count="0" type="stmt"/>
      </file>
    </package>
    <package name="features.capture.data">
      <metrics statements="121" coveredstatements="63" conditionals="81" coveredconditionals="53" methods="35" coveredmethods="20"/>
      <file name="analysis-repository.ts" path="/Users/karimmeguenni-tani/BodyOrthox/bodyorthox-rn/src/features/capture/data/analysis-repository.ts">
        <metrics statements="0" coveredstatements="0" conditionals="0" coveredconditionals="0" methods="0" coveredmethods="0"/>
      </file>
      <file name="angle-calculator.ts" path="/Users/karimmeguenni-tani/BodyOrthox/bodyorthox-rn/src/features/capture/data/angle-calculator.ts">
        <metrics statements="30" coveredstatements="30" conditionals="41" coveredconditionals="40" methods="8" coveredmethods="8"/>
        <line num="25" count="24" type="stmt"/>
        <line num="26" count="24" type="stmt"/>
        <line num="28" count="24" type="stmt"/>
        <line num="29" count="24" type="stmt"/>
        <line num="30" count="24" type="stmt"/>
        <line num="32" count="24" type="cond" truecount="3" falsecount="1"/>
        <line num="34" count="24" type="stmt"/>
        <line num="35" count="24" type="stmt"/>
        <line num="36" count="24" type="stmt"/>
        <line num="41" count="11" type="cond" truecount="2" falsecount="0"/>
        <line num="42" count="11" type="cond" truecount="2" falsecount="0"/>
        <line num="43" count="11" type="cond" truecount="2" falsecount="0"/>
        <line num="45" count="11" type="cond" truecount="5" falsecount="0"/>
        <line num="46" count="10" type="stmt"/>
        <line num="51" count="8" type="cond" truecount="2" falsecount="0"/>
        <line num="52" count="8" type="cond" truecount="2" falsecount="0"/>
        <line num="53" count="8" type="cond" truecount="2" falsecount="0"/>
        <line num="55" count="8" type="cond" truecount="5" falsecount="0"/>
        <line num="56" count="7" type="stmt"/>
        <line num="61" count="8" type="cond" truecount="2" falsecount="0"/>
        <line num="62" count="8" type="cond" truecount="2" falsecount="0"/>
        <line num="63" count="8" type="cond" truecount="2" falsecount="0"/>
        <line num="65" count="8" type="cond" truecount="5" falsecount="0"/>
        <line num="66" count="7" type="stmt"/>
        <line num="70" count="13" type="stmt"/>
        <line num="71" count="13" type="stmt"/>
        <line num="72" count="104" type="cond" truecount="2" falsecount="0"/>
        <line num="73" count="104" type="stmt"/>
        <line num="75" count="13" type="cond" truecount="2" falsecount="0"/>
        <line num="76" count="51" type="stmt"/>
      </file>
      <file name="pose-detector.native.ts" path="/Users/karimmeguenni-tani/BodyOrthox/bodyorthox-rn/src/features/capture/data/pose-detector.native.ts">
        <metrics statements="6" coveredstatements="0" conditionals="2" coveredconditionals="0" methods="5" coveredmethods="0"/>
        <line num="17" count="0" type="stmt"/>
        <line num="23" count="0" type="stmt"/>
        <line num="32" count="0" type="stmt"/>
        <line num="35" count="0" type="cond" truecount="0" falsecount="2"/>
        <line num="36" count="0" type="stmt"/>
        <line num="38" count="0" type="stmt"/>
      </file>
      <file name="pose-detector.ts" path="/Users/karimmeguenni-tani/BodyOrthox/bodyorthox-rn/src/features/capture/data/pose-detector.ts">
        <metrics statements="0" coveredstatements="0" conditionals="0" coveredconditionals="0" methods="0" coveredmethods="0"/>
      </file>
      <file name="pose-detector.web.ts" path="/Users/karimmeguenni-tani/BodyOrthox/bodyorthox-rn/src/features/capture/data/pose-detector.web.ts">
        <metrics statements="60" coveredstatements="22" conditionals="22" coveredconditionals="8" methods="15" coveredmethods="6"/>
        <line num="21" count="1" type="stmt"/>
        <line num="24" count="1" type="stmt"/>
        <line num="27" count="1" type="stmt"/>
        <line num="30" count="1" type="stmt"/>
        <line num="39" count="3" type="stmt"/>
        <line num="40" count="3" type="stmt"/>
        <line num="41" count="30" type="stmt"/>
        <line num="42" count="30" type="cond" truecount="2" falsecount="0"/>
        <line num="43" count="22" type="stmt"/>
        <line num="50" count="3" type="stmt"/>
        <line num="59" count="5" type="stmt"/>
        <line num="64" count="5" type="stmt"/>
        <line num="65" count="16" type="cond" truecount="2" falsecount="0"/>
        <line num="70" count="1" type="stmt"/>
        <line num="71" count="1" type="stmt"/>
        <line num="72" count="1" type="stmt"/>
        <line num="75" count="0" type="cond" truecount="0" falsecount="2"/>
        <line num="76" count="0" type="cond" truecount="0" falsecount="2"/>
        <line num="78" count="0" type="stmt"/>
        <line num="79" count="0" type="stmt"/>
        <line num="83" count="0" type="stmt"/>
        <line num="84" count="0" type="stmt"/>
        <line num="86" count="0" type="stmt"/>
        <line num="87" count="0" type="stmt"/>
        <line num="97" count="0" type="stmt"/>
        <line num="107" count="0" type="stmt"/>
        <line num="109" count="0" type="stmt"/>
        <line num="110" count="0" type="stmt"/>
        <line num="117" count="0" type="cond" truecount="0" falsecount="2"/>
        <line num="118" count="0" type="stmt"/>
        <line num="121" count="0" type="stmt"/>
        <line num="122" count="0" type="stmt"/>
        <line num="123" count="0" type="stmt"/>
        <line num="125" count="0" type="cond" truecount="0" falsecount="4"/>
        <line num="126" count="0" type="stmt"/>
        <line num="131" count="0" type="stmt"/>
        <line num="133" count="0" type="cond" truecount="0" falsecount="2"/>
        <line num="134" count="0" type="stmt"/>
        <line num="139" count="0" type="stmt"/>
        <line num="141" count="0" type="stmt"/>
        <line num="144" count="0" type="stmt"/>
        <line num="145" count="0" type="stmt"/>
        <line num="146" count="0" type="stmt"/>
        <line num="151" count="0" type="stmt"/>
        <line num="152" count="0" type="stmt"/>
        <line num="153" count="0" type="stmt"/>
        <line num="154" count="0" type="stmt"/>
        <line num="158" count="0" type="stmt"/>
        <line num="162" count="0" type="stmt"/>
        <line num="163" count="0" type="stmt"/>
        <line num="164" count="0" type="stmt"/>
        <line num="165" count="0" type="stmt"/>
        <line num="166" count="0" type="stmt"/>
        <line num="167" count="0" type="stmt"/>
        <line num="174" count="1" type="stmt"/>
        <line num="175" count="1" type="stmt"/>
        <line num="180" count="1" type="stmt"/>
        <line num="183" count="3" type="cond" truecount="2" falsecount="0"/>
        <line num="184" count="1" type="stmt"/>
        <line num="186" count="3" type="stmt"/>
      </file>
      <file name="sqlite-analysis-repository.ts" path="/Users/karimmeguenni-tani/BodyOrthox/bodyorthox-rn/src/features/capture/data/sqlite-analysis-repository.ts">
        <metrics statements="25" coveredstatements="11" conditionals="16" coveredconditionals="5" methods="7" coveredmethods="6"/>
        <line num="22" count="3" type="stmt"/>
        <line num="23" count="3" type="stmt"/>
        <line num="43" count="3" type="stmt"/>
        <line num="47" count="3" type="stmt"/>
        <line num="51" count="2" type="stmt"/>
        <line num="55" count="2" type="cond" truecount="2" falsecount="0"/>
        <line num="56" count="1" type="stmt"/>
        <line num="60" count="2" type="stmt"/>
        <line num="61" count="1" type="stmt"/>
        <line num="78" count="1" type="stmt"/>
        <line num="90" count="0" type="stmt"/>
        <line num="91" count="0" type="stmt"/>
        <line num="93" count="0" type="cond" truecount="0" falsecount="2"/>
        <line num="94" count="0" type="stmt"/>
        <line num="95" count="0" type="stmt"/>
        <line num="101" count="0" type="cond" truecount="0" falsecount="2"/>
        <line num="102" count="0" type="stmt"/>
        <line num="103" count="0" type="cond" truecount="0" falsecount="2"/>
        <line num="105" count="0" type="cond" truecount="0" falsecount="2"/>
        <line num="106" count="0" type="stmt"/>
        <line num="107" count="0" type="stmt"/>
        <line num="110" count="0" type="cond" truecount="0" falsecount="2"/>
        <line num="112" count="0" type="stmt"/>
        <line num="113" count="0" type="stmt"/>
        <line num="120" count="1" type="stmt"/>
      </file>
    </package>
    <package name="features.capture.domain">
      <metrics statements="9" coveredstatements="9" conditionals="16" coveredconditionals="16" methods="4" coveredmethods="4"/>
      <file name="analysis.ts" path="/Users/karimmeguenni-tani/BodyOrthox/bodyorthox-rn/src/features/capture/domain/analysis.ts">
        <metrics statements="7" coveredstatements="7" conditionals="14" coveredconditionals="14" methods="2" coveredmethods="2"/>
        <line num="28" count="11" type="cond" truecount="2" falsecount="0"/>
        <line num="29" count="10" type="cond" truecount="4" falsecount="0"/>
        <line num="30" count="3" type="stmt"/>
        <line num="32" count="7" type="stmt"/>
        <line num="48" count="191" type="cond" truecount="2" falsecount="0"/>
        <line num="49" count="61" type="cond" truecount="2" falsecount="0"/>
        <line num="50" count="55" type="stmt"/>
      </file>
      <file name="capture-state.ts" path="/Users/karimmeguenni-tani/BodyOrthox/bodyorthox-rn/src/features/capture/domain/capture-state.ts">
        <metrics statements="2" coveredstatements="2" conditionals="2" coveredconditionals="2" methods="2" coveredmethods="2"/>
        <line num="14" count="6" type="cond" truecount="2" falsecount="0"/>
        <line num="18" count="4" type="stmt"/>
      </file>
    </package>
    <package name="features.capture.screens">
      <metrics statements="103" coveredstatements="0" conditionals="69" coveredconditionals="0" methods="16" coveredmethods="0"/>
      <file name="capture-screen.tsx" path="/Users/karimmeguenni-tani/BodyOrthox/bodyorthox-rn/src/features/capture/screens/capture-screen.tsx">
        <metrics statements="103" coveredstatements="0" conditionals="69" coveredconditionals="0" methods="16" coveredmethods="0"/>
        <line num="29" count="0" type="stmt"/>
        <line num="30" count="0" type="cond" truecount="0" falsecount="2"/>
        <line num="31" count="0" type="stmt"/>
        <line num="32" count="0" type="stmt"/>
        <line num="33" count="0" type="stmt"/>
        <line num="40" count="0" type="stmt"/>
        <line num="46" count="0" type="stmt"/>
        <line num="59" count="0" type="stmt"/>
        <line num="60" count="0" type="stmt"/>
        <line num="61" count="0" type="stmt"/>
        <line num="79" count="0" type="stmt"/>
        <line num="81" count="0" type="stmt"/>
        <line num="82" count="0" type="stmt"/>
        <line num="83" count="0" type="stmt"/>
        <line num="84" count="0" type="stmt"/>
        <line num="85" count="0" type="stmt"/>
        <line num="86" count="0" type="stmt"/>
        <line num="87" count="0" type="stmt"/>
        <line num="92" count="0" type="stmt"/>
        <line num="94" count="0" type="cond" truecount="0" falsecount="2"/>
        <line num="95" count="0" type="stmt"/>
        <line num="96" count="0" type="stmt"/>
        <line num="97" count="0" type="stmt"/>
        <line num="98" count="0" type="stmt"/>
        <line num="103" count="0" type="stmt"/>
        <line num="106" count="0" type="stmt"/>
        <line num="107" count="0" type="cond" truecount="0" falsecount="2"/>
        <line num="109" count="0" type="stmt"/>
        <line num="111" count="0" type="stmt"/>
        <line num="112" count="0" type="stmt"/>
        <line num="113" count="0" type="stmt"/>
        <line num="114" count="0" type="stmt"/>
        <line num="115" count="0" type="cond" truecount="0" falsecount="2"/>
        <line num="117" count="0" type="stmt"/>
        <line num="121" count="0" type="stmt"/>
        <line num="125" count="0" type="stmt"/>
        <line num="126" count="0" type="cond" truecount="0" falsecount="2"/>
        <line num="127" count="0" type="stmt"/>
        <line num="131" count="0" type="stmt"/>
        <line num="133" count="0" type="stmt"/>
        <line num="138" count="0" type="stmt"/>
        <line num="139" count="0" type="cond" truecount="0" falsecount="2"/>
        <line num="140" count="0" type="stmt"/>
        <line num="141" count="0" type="cond" truecount="0" falsecount="2"/>
        <line num="142" count="0" type="stmt"/>
        <line num="143" count="0" type="stmt"/>
        <line num="147" count="0" type="stmt"/>
        <line num="149" count="0" type="stmt"/>
        <line num="150" count="0" type="stmt"/>
        <line num="155" count="0" type="stmt"/>
        <line num="156" count="0" type="cond" truecount="0" falsecount="2"/>
        <line num="157" count="0" type="stmt"/>
        <line num="158" count="0" type="stmt"/>
        <line num="160" count="0" type="stmt"/>
        <line num="161" count="0" type="cond" truecount="0" falsecount="4"/>
        <line num="162" count="0" type="stmt"/>
        <line num="163" count="0" type="stmt"/>
        <line num="166" count="0" type="stmt"/>
        <line num="168" count="0" type="stmt"/>
        <line num="169" count="0" type="stmt"/>
        <line num="171" count="0" type="cond" truecount="0" falsecount="2"/>
        <line num="173" count="0" type="stmt"/>
        <line num="174" count="0" type="stmt"/>
        <line num="178" count="0" type="stmt"/>
        <line num="179" count="0" type="stmt"/>
        <line num="182" count="0" type="stmt"/>
        <line num="185" count="0" type="stmt"/>
        <line num="188" count="0" type="stmt"/>
        <line num="190" count="0" type="cond" truecount="0" falsecount="2"/>
        <line num="193" count="0" type="stmt"/>
        <line num="197" count="0" type="stmt"/>
        <line num="198" count="0" type="stmt"/>
        <line num="199" count="0" type="stmt"/>
        <line num="200" count="0" type="stmt"/>
        <line num="201" count="0" type="stmt"/>
        <line num="204" count="0" type="stmt"/>
        <line num="205" count="0" type="cond" truecount="0" falsecount="2"/>
        <line num="207" count="0" type="cond" truecount="0" falsecount="2"/>
        <line num="208" count="0" type="stmt"/>
        <line num="209" count="0" type="stmt"/>
        <line num="212" count="0" type="stmt"/>
        <line num="215" count="0" type="stmt"/>
        <line num="218" count="0" type="stmt"/>
        <line num="219" count="0" type="cond" truecount="0" falsecount="2"/>
        <line num="220" count="0" type="stmt"/>
        <line num="221" count="0" type="cond" truecount="0" falsecount="2"/>
        <line num="222" count="0" type="stmt"/>
        <line num="224" count="0" type="stmt"/>
        <line num="228" count="0" type="stmt"/>
        <line num="229" count="0" type="stmt"/>
        <line num="235" count="0" type="stmt"/>
        <line num="236" count="0" type="stmt"/>
        <line num="237" count="0" type="stmt"/>
        <line num="243" count="0" type="cond" truecount="0" falsecount="2"/>
        <line num="244" count="0" type="stmt"/>
        <line num="251" count="0" type="cond" truecount="0" falsecount="4"/>
        <line num="252" count="0" type="stmt"/>
        <line num="257" count="0" type="cond" truecount="0" falsecount="2"/>
        <line num="258" count="0" type="stmt"/>
        <line num="311" count="0" type="cond" truecount="0" falsecount="4"/>
        <line num="312" count="0" type="stmt"/>
        <line num="387" count="0" type="stmt"/>
        <line num="436" count="0" type="stmt"/>
      </file>
    </package>
    <package name="features.capture.store">
      <metrics statements="58" coveredstatements="55" conditionals="10" coveredconditionals="9" methods="27" coveredmethods="25"/>
      <file name="capture-store.ts" path="/Users/karimmeguenni-tani/BodyOrthox/bodyorthox-rn/src/features/capture/store/capture-store.ts">
        <metrics statements="58" coveredstatements="55" conditionals="10" coveredconditionals="9" methods="27" coveredmethods="25"/>
        <line num="41" count="1" type="stmt"/>
        <line num="42" count="1" type="stmt"/>
        <line num="47" count="1" type="stmt"/>
        <line num="48" count="1" type="stmt"/>
        <line num="50" count="1" type="stmt"/>
        <line num="51" count="1" type="stmt"/>
        <line num="59" count="2" type="stmt"/>
        <line num="63" count="4" type="stmt"/>
        <line num="67" count="1" type="stmt"/>
        <line num="68" count="1" type="stmt"/>
        <line num="73" count="1" type="stmt"/>
        <line num="74" count="1" type="stmt"/>
        <line num="79" count="1" type="stmt"/>
        <line num="80" count="1" type="stmt"/>
        <line num="85" count="2" type="stmt"/>
        <line num="86" count="2" type="stmt"/>
        <line num="87" count="2" type="stmt"/>
        <line num="92" count="3" type="stmt"/>
        <line num="93" count="3" type="cond" truecount="1" falsecount="1"/>
        <line num="94" count="3" type="stmt"/>
        <line num="95" count="3" type="stmt"/>
        <line num="101" count="6" type="stmt"/>
        <line num="102" count="6" type="stmt"/>
        <line num="103" count="6" type="stmt"/>
        <line num="104" count="6" type="stmt"/>
        <line num="106" count="6" type="stmt"/>
        <line num="107" count="6" type="stmt"/>
        <line num="109" count="6" type="stmt"/>
        <line num="110" count="6" type="stmt"/>
        <line num="119" count="2" type="cond" truecount="4" falsecount="0"/>
        <line num="120" count="1" type="stmt"/>
        <line num="121" count="1" type="stmt"/>
        <line num="126" count="1" type="stmt"/>
        <line num="127" count="1" type="stmt"/>
        <line num="128" count="1" type="stmt"/>
        <line num="129" count="1" type="stmt"/>
        <line num="131" count="0" type="stmt"/>
        <line num="136" count="6" type="cond" truecount="2" falsecount="0"/>
        <line num="138" count="5" type="stmt"/>
        <line num="139" count="5" type="cond" truecount="2" falsecount="0"/>
        <line num="142" count="4" type="stmt"/>
        <line num="143" count="4" type="stmt"/>
        <line num="147" count="3" type="stmt"/>
        <line num="148" count="3" type="stmt"/>
        <line num="153" count="2" type="stmt"/>
        <line num="154" count="2" type="stmt"/>
        <line num="159" count="1" type="stmt"/>
        <line num="160" count="1" type="stmt"/>
        <line num="161" count="1" type="stmt"/>
        <line num="162" count="1" type="stmt"/>
        <line num="163" count="1" type="stmt"/>
        <line num="164" count="1" type="stmt"/>
        <line num="165" count="1" type="stmt"/>
        <line num="166" count="1" type="stmt"/>
        <line num="171" count="1" type="stmt"/>
        <line num="172" count="1" type="stmt"/>
        <line num="177" count="0" type="stmt"/>
        <line num="178" count="0" type="stmt"/>
      </file>
    </package>
    <package name="features.onboarding.components">
      <metrics statements="3" coveredstatements="3" conditionals="0" coveredconditionals="0" methods="1" coveredmethods="1"/>
      <file name="onboarding-page.tsx" path="/Users/karimmeguenni-tani/BodyOrthox/bodyorthox-rn/src/features/onboarding/components/onboarding-page.tsx">
        <metrics statements="3" coveredstatements="3" conditionals="0" coveredconditionals="0" methods="1" coveredmethods="1"/>
        <line num="24" count="36" type="stmt"/>
        <line num="26" count="36" type="stmt"/>
        <line num="39" count="1" type="stmt"/>
      </file>
    </package>
    <package name="features.onboarding.screens">
      <metrics statements="35" coveredstatements="23" conditionals="16" coveredconditionals="6" methods="10" coveredmethods="6"/>
      <file name="onboarding-screen.tsx" path="/Users/karimmeguenni-tani/BodyOrthox/bodyorthox-rn/src/features/onboarding/screens/onboarding-screen.tsx">
        <metrics statements="35" coveredstatements="23" conditionals="16" coveredconditionals="6" methods="10" coveredmethods="6"/>
        <line num="27" count="1" type="stmt"/>
        <line num="51" count="1" type="stmt"/>
        <line num="54" count="12" type="stmt"/>
        <line num="55" count="12" type="stmt"/>
        <line num="56" count="12" type="stmt"/>
        <line num="57" count="12" type="stmt"/>
        <line num="58" count="38" type="stmt"/>
        <line num="60" count="12" type="stmt"/>
        <line num="62" count="1" type="stmt"/>
        <line num="63" count="1" type="stmt"/>
        <line num="64" count="1" type="stmt"/>
        <line num="69" count="12" type="stmt"/>
        <line num="71" count="0" type="stmt"/>
        <line num="72" count="0" type="stmt"/>
        <line num="77" count="12" type="stmt"/>
        <line num="78" count="0" type="cond" truecount="0" falsecount="2"/>
        <line num="79" count="0" type="stmt"/>
        <line num="81" count="0" type="cond" truecount="0" falsecount="2"/>
        <line num="82" count="0" type="stmt"/>
        <line num="86" count="12" type="stmt"/>
        <line num="87" count="0" type="stmt"/>
        <line num="88" count="0" type="stmt"/>
        <line num="91" count="12" type="stmt"/>
        <line num="92" count="2" type="stmt"/>
        <line num="93" count="2" type="stmt"/>
        <line num="96" count="12" type="stmt"/>
        <line num="97" count="0" type="cond" truecount="0" falsecount="2"/>
        <line num="100" count="0" type="stmt"/>
        <line num="101" count="0" type="stmt"/>
        <line num="102" count="0" type="stmt"/>
        <line num="109" count="12" type="stmt"/>
        <line num="111" count="12" type="stmt"/>
        <line num="136" count="36" type="stmt"/>
        <line num="151" count="36" type="stmt"/>
        <line num="178" count="1" type="stmt"/>
      </file>
    </package>
    <package name="features.onboarding.store">
      <metrics statements="16" coveredstatements="15" conditionals="4" coveredconditionals="4" methods="5" coveredmethods="5"/>
      <file name="onboarding-store.ts" path="/Users/karimmeguenni-tani/BodyOrthox/bodyorthox-rn/src/features/onboarding/store/onboarding-store.ts">
        <metrics statements="16" coveredstatements="15" conditionals="4" coveredconditionals="4" methods="5" coveredmethods="5"/>
        <line num="4" count="2" type="stmt"/>
        <line num="17" count="5" type="cond" truecount="2" falsecount="0"/>
        <line num="18" count="4" type="stmt"/>
        <line num="19" count="4" type="stmt"/>
        <line num="21" count="0" type="stmt"/>
        <line num="25" count="1" type="stmt"/>
        <line num="29" count="4" type="cond" truecount="2" falsecount="0"/>
        <line num="30" count="2" type="stmt"/>
        <line num="31" count="2" type="stmt"/>
        <line num="35" count="2" type="stmt"/>
        <line num="40" count="2" type="stmt"/>
        <line num="41" count="2" type="stmt"/>
        <line num="46" count="5" type="stmt"/>
        <line num="47" count="5" type="stmt"/>
        <line num="51" count="4" type="stmt"/>
        <line num="52" count="4" type="stmt"/>
      </file>
    </package>
    <package name="features.patients.components">
      <metrics statements="35" coveredstatements="34" conditionals="17" coveredconditionals="13" methods="16" coveredmethods="16"/>
      <file name="patient-history-tile.tsx" path="/Users/karimmeguenni-tani/BodyOrthox/bodyorthox-rn/src/features/patients/components/patient-history-tile.tsx">
        <metrics statements="9" coveredstatements="9" conditionals="4" coveredconditionals="4" methods="4" coveredmethods="4"/>
        <line num="15" count="43" type="cond" truecount="2" falsecount="0"/>
        <line num="16" count="19" type="cond" truecount="2" falsecount="0"/>
        <line num="17" count="17" type="stmt"/>
        <line num="25" count="43" type="stmt"/>
        <line num="26" count="43" type="stmt"/>
        <line num="28" count="43" type="stmt"/>
        <line num="31" count="2" type="stmt"/>
        <line num="65" count="129" type="stmt"/>
        <line num="73" count="2" type="stmt"/>
      </file>
      <file name="patient-list-tile.tsx" path="/Users/karimmeguenni-tani/BodyOrthox/bodyorthox-rn/src/features/patients/components/patient-list-tile.tsx">
        <metrics statements="6" coveredstatements="6" conditionals="7" coveredconditionals="6" methods="3" coveredmethods="3"/>
        <line num="22" count="37" type="stmt"/>
        <line num="23" count="37" type="stmt"/>
        <line num="25" count="74" type="cond" truecount="1" falsecount="1"/>
        <line num="29" count="37" type="stmt"/>
        <line num="32" count="3" type="stmt"/>
        <line num="58" count="2" type="stmt"/>
      </file>
      <file name="progression-chart.tsx" path="/Users/karimmeguenni-tani/BodyOrthox/bodyorthox-rn/src/features/patients/components/progression-chart.tsx">
        <metrics statements="20" coveredstatements="19" conditionals="6" coveredconditionals="3" methods="9" coveredmethods="9"/>
        <line num="23" count="9" type="stmt"/>
        <line num="24" count="18" type="stmt"/>
        <line num="26" count="27" type="stmt"/>
        <line num="38" count="9" type="cond" truecount="1" falsecount="1"/>
        <line num="40" count="27" type="stmt"/>
        <line num="45" count="9" type="stmt"/>
        <line num="46" count="9" type="stmt"/>
        <line num="47" count="9" type="stmt"/>
        <line num="50" count="1" type="stmt"/>
        <line num="51" count="1" type="stmt"/>
        <line num="54" count="9" type="stmt"/>
        <line num="56" count="9" type="cond" truecount="1" falsecount="1"/>
        <line num="57" count="0" type="stmt"/>
        <line num="60" count="9" type="stmt"/>
        <line num="61" count="9" type="cond" truecount="1" falsecount="1"/>
        <line num="64" count="81" type="stmt"/>
        <line num="67" count="9" type="stmt"/>
        <line num="99" count="27" type="stmt"/>
        <line num="155" count="27" type="stmt"/>
        <line num="163" count="1" type="stmt"/>
      </file>
    </package>
    <package name="features.patients.data">
      <metrics statements="21" coveredstatements="21" conditionals="20" coveredconditionals="16" methods="7" coveredmethods="7"/>
      <file name="patient-repository.ts" path="/Users/karimmeguenni-tani/BodyOrthox/bodyorthox-rn/src/features/patients/data/patient-repository.ts">
        <metrics statements="0" coveredstatements="0" conditionals="0" coveredconditionals="0" methods="0" coveredmethods="0"/>
      </file>
      <file name="sqlite-patient-repository.ts" path="/Users/karimmeguenni-tani/BodyOrthox/bodyorthox-rn/src/features/patients/data/sqlite-patient-repository.ts">
        <metrics statements="21" coveredstatements="21" conditionals="20" coveredconditionals="16" methods="7" coveredmethods="7"/>
        <line num="14" count="5" type="stmt"/>
        <line num="15" count="5" type="stmt"/>
        <line num="33" count="4" type="cond" truecount="4" falsecount="0"/>
        <line num="34" count="1" type="stmt"/>
        <line num="35" count="1" type="stmt"/>
        <line num="37" count="3" type="stmt"/>
        <line num="38" count="3" type="stmt"/>
        <line num="41" count="4" type="stmt"/>
        <line num="42" count="4" type="stmt"/>
        <line num="46" count="4" type="stmt"/>
        <line num="50" count="4" type="cond" truecount="2" falsecount="0"/>
        <line num="51" count="2" type="stmt"/>
        <line num="55" count="2" type="stmt"/>
        <line num="56" count="1" type="stmt"/>
        <line num="69" count="1" type="stmt"/>
        <line num="78" count="2" type="stmt"/>
        <line num="79" count="2" type="cond" truecount="2" falsecount="0"/>
        <line num="81" count="1" type="stmt"/>
        <line num="91" count="1" type="stmt"/>
        <line num="103" count="1" type="stmt"/>
        <line num="107" count="1" type="stmt"/>
      </file>
    </package>
    <package name="features.patients.domain">
      <metrics statements="17" coveredstatements="17" conditionals="15" coveredconditionals="15" methods="2" coveredmethods="2"/>
      <file name="patient.ts" path="/Users/karimmeguenni-tani/BodyOrthox/bodyorthox-rn/src/features/patients/domain/patient.ts">
        <metrics statements="17" coveredstatements="17" conditionals="15" coveredconditionals="15" methods="2" coveredmethods="2"/>
        <line num="25" count="11" type="cond" truecount="2" falsecount="0"/>
        <line num="26" count="3" type="stmt"/>
        <line num="28" count="8" type="cond" truecount="2" falsecount="0"/>
        <line num="29" count="1" type="stmt"/>
        <line num="31" count="7" type="stmt"/>
        <line num="32" count="7" type="cond" truecount="2" falsecount="0"/>
        <line num="33" count="1" type="stmt"/>
        <line num="35" count="6" type="cond" truecount="2" falsecount="0"/>
        <line num="36" count="1" type="stmt"/>
        <line num="39" count="5" type="stmt"/>
        <line num="49" count="90" type="stmt"/>
        <line num="50" count="90" type="stmt"/>
        <line num="51" count="90" type="stmt"/>
        <line num="52" count="90" type="stmt"/>
        <line num="53" count="90" type="cond" truecount="5" falsecount="0"/>
        <line num="54" count="74" type="stmt"/>
        <line num="56" count="90" type="stmt"/>
      </file>
    </package>
    <package name="features.patients.screens">
      <metrics statements="139" coveredstatements="137" conditionals="125" coveredconditionals="102" methods="40" coveredmethods="39"/>
      <file name="create-patient-screen.tsx" path="/Users/karimmeguenni-tani/BodyOrthox/bodyorthox-rn/src/features/patients/screens/create-patient-screen.tsx">
        <metrics statements="35" coveredstatements="35" conditionals="46" coveredconditionals="45" methods="4" coveredmethods="4"/>
        <line num="24" count="104" type="stmt"/>
        <line num="25" count="104" type="stmt"/>
        <line num="27" count="104" type="stmt"/>
        <line num="28" count="104" type="stmt"/>
        <line num="29" count="104" type="stmt"/>
        <line num="30" count="104" type="stmt"/>
        <line num="31" count="104" type="stmt"/>
        <line num="32" count="104" type="stmt"/>
        <line num="33" count="104" type="stmt"/>
        <line num="35" count="104" type="stmt"/>
        <line num="36" count="21" type="stmt"/>
        <line num="37" count="21" type="cond" truecount="2" falsecount="0"/>
        <line num="38" count="21" type="cond" truecount="2" falsecount="0"/>
        <line num="39" count="2" type="stmt"/>
        <line num="41" count="19" type="stmt"/>
        <line num="42" count="19" type="cond" truecount="2" falsecount="0"/>
        <line num="43" count="18" type="cond" truecount="2" falsecount="0"/>
        <line num="44" count="1" type="stmt"/>
        <line num="46" count="21" type="cond" truecount="2" falsecount="0"/>
        <line num="52" count="3" type="stmt"/>
        <line num="53" count="21" type="cond" truecount="2" falsecount="0"/>
        <line num="59" count="2" type="stmt"/>
        <line num="60" count="21" type="stmt"/>
        <line num="61" count="21" type="stmt"/>
        <line num="64" count="104" type="stmt"/>
        <line num="65" count="21" type="cond" truecount="2" falsecount="0"/>
        <line num="66" count="11" type="stmt"/>
        <line num="67" count="11" type="stmt"/>
        <line num="68" count="11" type="stmt"/>
        <line num="77" count="5" type="stmt"/>
        <line num="79" count="4" type="stmt"/>
        <line num="86" count="9" type="stmt"/>
        <line num="99" count="104" type="stmt"/>
        <line num="199" count="520" type="stmt"/>
        <line num="223" count="1" type="stmt"/>
      </file>
      <file name="patient-detail-screen.tsx" path="/Users/karimmeguenni-tani/BodyOrthox/bodyorthox-rn/src/features/patients/screens/patient-detail-screen.tsx">
        <metrics statements="56" coveredstatements="54" conditionals="43" coveredconditionals="28" methods="20" coveredmethods="19"/>
        <line num="36" count="72" type="stmt"/>
        <line num="37" count="72" type="stmt"/>
        <line num="38" count="72" type="stmt"/>
        <line num="39" count="72" type="stmt"/>
        <line num="40" count="72" type="stmt"/>
        <line num="41" count="72" type="stmt"/>
        <line num="42" count="72" type="stmt"/>
        <line num="43" count="72" type="stmt"/>
        <line num="44" count="72" type="stmt"/>
        <line num="46" count="72" type="stmt"/>
        <line num="47" count="18" type="cond" truecount="2" falsecount="0"/>
        <line num="48" count="18" type="stmt"/>
        <line num="49" count="18" type="stmt"/>
        <line num="52" count="72" type="stmt"/>
        <line num="53" count="18" type="stmt"/>
        <line num="55" count="18" type="stmt"/>
        <line num="56" count="18" type="stmt"/>
        <line num="57" count="18" type="stmt"/>
        <line num="58" count="18" type="stmt"/>
        <line num="59" count="18" type="stmt"/>
        <line num="60" count="18" type="cond" truecount="1" falsecount="1"/>
        <line num="61" count="18" type="stmt"/>
        <line num="66" count="18" type="cond" truecount="1" falsecount="1"/>
        <line num="67" count="18" type="stmt"/>
        <line num="71" count="18" type="stmt"/>
        <line num="72" count="18" type="stmt"/>
        <line num="73" count="18" type="stmt"/>
        <line num="77" count="72" type="stmt"/>
        <line num="78" count="3" type="stmt"/>
        <line num="87" count="1" type="stmt"/>
        <line num="88" count="1" type="stmt"/>
        <line num="89" count="1" type="stmt"/>
        <line num="99" count="72" type="stmt"/>
        <line num="101" count="1" type="stmt"/>
        <line num="106" count="72" type="cond" truecount="2" falsecount="0"/>
        <line num="107" count="54" type="cond" truecount="2" falsecount="0"/>
        <line num="109" count="51" type="stmt"/>
        <line num="110" count="51" type="stmt"/>
        <line num="113" count="51" type="stmt"/>
        <line num="119" count="102" type="stmt"/>
        <line num="166" count="1" type="stmt"/>
        <line num="175" count="1" type="stmt"/>
        <line num="202" count="51" type="stmt"/>
        <line num="216" count="0" type="stmt"/>
        <line num="228" count="30" type="stmt"/>
        <line num="241" count="51" type="cond" truecount="1" falsecount="1"/>
        <line num="242" count="0" type="stmt"/>
        <line num="262" count="51" type="stmt"/>
        <line num="263" count="51" type="stmt"/>
        <line num="279" count="1" type="stmt"/>
        <line num="291" count="51" type="stmt"/>
        <line num="298" count="45" type="stmt"/>
        <line num="300" count="30" type="stmt"/>
        <line num="306" count="15" type="stmt"/>
        <line num="320" count="102" type="stmt"/>
        <line num="330" count="1" type="stmt"/>
      </file>
      <file name="patient-timeline-screen.tsx" path="/Users/karimmeguenni-tani/BodyOrthox/bodyorthox-rn/src/features/patients/screens/patient-timeline-screen.tsx">
        <metrics statements="26" coveredstatements="26" conditionals="14" coveredconditionals="12" methods="7" coveredmethods="7"/>
        <line num="27" count="50" type="stmt"/>
        <line num="28" count="50" type="stmt"/>
        <line num="29" count="50" type="stmt"/>
        <line num="30" count="50" type="stmt"/>
        <line num="31" count="50" type="stmt"/>
        <line num="33" count="50" type="stmt"/>
        <line num="34" count="17" type="stmt"/>
        <line num="36" count="17" type="stmt"/>
        <line num="37" count="17" type="stmt"/>
        <line num="38" count="17" type="stmt"/>
        <line num="39" count="17" type="stmt"/>
        <line num="40" count="17" type="stmt"/>
        <line num="41" count="16" type="cond" truecount="1" falsecount="1"/>
        <line num="42" count="16" type="stmt"/>
        <line num="47" count="17" type="cond" truecount="1" falsecount="1"/>
        <line num="48" count="17" type="stmt"/>
        <line num="52" count="17" type="stmt"/>
        <line num="53" count="17" type="stmt"/>
        <line num="54" count="17" type="stmt"/>
        <line num="58" count="50" type="cond" truecount="2" falsecount="0"/>
        <line num="60" count="17" type="stmt"/>
        <line num="62" count="17" type="stmt"/>
        <line num="83" count="1" type="stmt"/>
        <line num="94" count="27" type="stmt"/>
        <line num="98" count="1" type="stmt"/>
        <line num="129" count="1" type="stmt"/>
      </file>
      <file name="patients-screen.tsx" path="/Users/karimmeguenni-tani/BodyOrthox/bodyorthox-rn/src/features/patients/screens/patients-screen.tsx">
        <metrics statements="22" coveredstatements="22" conditionals="22" coveredconditionals="17" methods="9" coveredmethods="9"/>
        <line num="24" count="1" type="stmt"/>
        <line num="27" count="21" type="stmt"/>
        <line num="28" count="21" type="stmt"/>
        <line num="37" count="21" type="stmt"/>
        <line num="38" count="21" type="stmt"/>
        <line num="40" count="21" type="stmt"/>
        <line num="41" count="21" type="stmt"/>
        <line num="44" count="21" type="stmt"/>
        <line num="46" count="4" type="cond" truecount="2" falsecount="0"/>
        <line num="47" count="4" type="stmt"/>
        <line num="52" count="21" type="stmt"/>
        <line num="54" count="2" type="stmt"/>
        <line num="59" count="21" type="cond" truecount="2" falsecount="0"/>
        <line num="60" count="4" type="stmt"/>
        <line num="64" count="1" type="stmt"/>
        <line num="65" count="1" type="stmt"/>
        <line num="71" count="17" type="cond" truecount="1" falsecount="1"/>
        <line num="73" count="17" type="stmt"/>
        <line num="79" count="1" type="stmt"/>
        <line num="124" count="40" type="stmt"/>
        <line num="126" count="27" type="cond" truecount="1" falsecount="1"/>
        <line num="140" count="1" type="stmt"/>
      </file>
    </package>
    <package name="features.patients.store">
      <metrics statements="41" coveredstatements="37" conditionals="20" coveredconditionals="10" methods="22" coveredmethods="20"/>
      <file name="patients-store.ts" path="/Users/karimmeguenni-tani/BodyOrthox/bodyorthox-rn/src/features/patients/store/patients-store.ts">
        <metrics statements="41" coveredstatements="37" conditionals="20" coveredconditionals="10" methods="22" coveredmethods="20"/>
        <line num="23" count="2" type="stmt"/>
        <line num="25" count="2" type="stmt"/>
        <line num="26" count="2" type="stmt"/>
        <line num="33" count="8" type="stmt"/>
        <line num="37" count="4" type="cond" truecount="2" falsecount="0"/>
        <line num="38" count="3" type="stmt"/>
        <line num="39" count="3" type="stmt"/>
        <line num="40" count="3" type="cond" truecount="2" falsecount="0"/>
        <line num="41" count="2" type="stmt"/>
        <line num="43" count="1" type="stmt"/>
        <line num="44" count="1" type="cond" truecount="1" falsecount="1"/>
        <line num="45" count="1" type="stmt"/>
        <line num="51" count="1" type="stmt"/>
        <line num="52" count="1" type="stmt"/>
        <line num="56" count="2" type="cond" truecount="1" falsecount="1"/>
        <line num="57" count="2" type="stmt"/>
        <line num="58" count="2" type="stmt"/>
        <line num="59" count="2" type="stmt"/>
        <line num="60" count="1" type="stmt"/>
        <line num="61" count="1" type="stmt"/>
        <line num="62" count="1" type="stmt"/>
        <line num="64" count="1" type="stmt"/>
        <line num="66" count="1" type="cond" truecount="1" falsecount="1"/>
        <line num="67" count="1" type="stmt"/>
        <line num="68" count="1" type="stmt"/>
        <line num="73" count="1" type="cond" truecount="1" falsecount="1"/>
        <line num="74" count="1" type="stmt"/>
        <line num="75" count="1" type="stmt"/>
        <line num="76" count="1" type="stmt"/>
        <line num="77" count="1" type="stmt"/>
        <line num="78" count="1" type="cond" truecount="1" falsecount="1"/>
        <line num="81" count="0" type="stmt"/>
        <line num="82" count="0" type="cond" truecount="0" falsecount="2"/>
        <line num="88" count="1" type="cond" truecount="1" falsecount="1"/>
        <line num="89" count="1" type="stmt"/>
        <line num="90" count="1" type="stmt"/>
        <line num="91" count="1" type="stmt"/>
        <line num="92" count="1" type="stmt"/>
        <line num="95" count="0" type="stmt"/>
        <line num="96" count="0" type="cond" truecount="0" falsecount="2"/>
        <line num="102" count="1" type="stmt"/>
      </file>
    </package>
    <package name="features.report.components">
      <metrics statements="15" coveredstatements="15" conditionals="16" coveredconditionals="15" methods="2" coveredmethods="2"/>
      <file name="export-button.tsx" path="/Users/karimmeguenni-tani/BodyOrthox/bodyorthox-rn/src/features/report/components/export-button.tsx">
        <metrics statements="15" coveredstatements="15" conditionals="16" coveredconditionals="15" methods="2" coveredmethods="2"/>
        <line num="21" count="24" type="stmt"/>
        <line num="22" count="24" type="stmt"/>
        <line num="24" count="24" type="stmt"/>
        <line num="25" count="4" type="cond" truecount="3" falsecount="1"/>
        <line num="27" count="4" type="stmt"/>
        <line num="28" count="4" type="stmt"/>
        <line num="30" count="4" type="stmt"/>
        <line num="32" count="3" type="cond" truecount="2" falsecount="0"/>
        <line num="33" count="1" type="stmt"/>
        <line num="34" count="1" type="stmt"/>
        <line num="36" count="2" type="stmt"/>
        <line num="37" count="2" type="stmt"/>
        <line num="41" count="24" type="cond" truecount="2" falsecount="0"/>
        <line num="43" count="24" type="stmt"/>
        <line num="74" count="2" type="stmt"/>
      </file>
    </package>
    <package name="features.report.data">
      <metrics statements="25" coveredstatements="8" conditionals="10" coveredconditionals="6" methods="4" coveredmethods="1"/>
      <file name="share-service.native.ts" path="/Users/karimmeguenni-tani/BodyOrthox/bodyorthox-rn/src/features/report/data/share-service.native.ts">
        <metrics statements="9" coveredstatements="8" conditionals="8" coveredconditionals="6" methods="1" coveredmethods="1"/>
        <line num="13" count="4" type="stmt"/>
        <line num="14" count="4" type="stmt"/>
        <line num="26" count="3" type="cond" truecount="2" falsecount="0"/>
        <line num="27" count="2" type="stmt"/>
        <line num="29" count="1" type="cond" truecount="1" falsecount="1"/>
        <line num="30" count="1" type="stmt"/>
        <line num="32" count="0" type="stmt"/>
        <line num="35" count="1" type="cond" truecount="1" falsecount="1"/>
        <line num="36" count="1" type="stmt"/>
      </file>
      <file name="share-service.ts" path="/Users/karimmeguenni-tani/BodyOrthox/bodyorthox-rn/src/features/report/data/share-service.ts">
        <metrics statements="1" coveredstatements="0" conditionals="0" coveredconditionals="0" methods="1" coveredmethods="0"/>
        <line num="24" count="0" type="stmt"/>
      </file>
      <file name="share-service.web.ts" path="/Users/karimmeguenni-tani/BodyOrthox/bodyorthox-rn/src/features/report/data/share-service.web.ts">
        <metrics statements="15" coveredstatements="0" conditionals="2" coveredconditionals="0" methods="2" coveredmethods="0"/>
        <line num="11" count="0" type="stmt"/>
        <line num="13" count="0" type="stmt"/>
        <line num="14" count="0" type="stmt"/>
        <line num="16" count="0" type="stmt"/>
        <line num="17" count="0" type="stmt"/>
        <line num="18" count="0" type="stmt"/>
        <line num="19" count="0" type="stmt"/>
        <line num="20" count="0" type="stmt"/>
        <line num="21" count="0" type="stmt"/>
        <line num="24" count="0" type="stmt"/>
        <line num="25" count="0" type="stmt"/>
        <line num="26" count="0" type="stmt"/>
        <line num="29" count="0" type="stmt"/>
        <line num="32" count="0" type="cond" truecount="0" falsecount="2"/>
        <line num="33" count="0" type="stmt"/>
      </file>
    </package>
    <package name="features.report.domain">
      <metrics statements="19" coveredstatements="18" conditionals="14" coveredconditionals="12" methods="7" coveredmethods="7"/>
      <file name="report-generator.ts" path="/Users/karimmeguenni-tani/BodyOrthox/bodyorthox-rn/src/features/report/domain/report-generator.ts">
        <metrics statements="19" coveredstatements="18" conditionals="14" coveredconditionals="12" methods="7" coveredmethods="7"/>
        <line num="13" count="523" type="stmt"/>
        <line num="68" count="15" type="stmt"/>
        <line num="69" count="15" type="stmt"/>
        <line num="70" count="15" type="stmt"/>
        <line num="79" count="81" type="stmt"/>
        <line num="80" count="81" type="stmt"/>
        <line num="81" count="81" type="stmt"/>
        <line num="94" count="27" type="stmt"/>
        <line num="95" count="27" type="cond" truecount="2" falsecount="0"/>
        <line num="97" count="0" type="stmt"/>
        <line num="105" count="27" type="stmt"/>
        <line num="112" count="27" type="cond" truecount="4" falsecount="0"/>
        <line num="116" count="27" type="stmt"/>
        <line num="140" count="54" type="cond" truecount="1" falsecount="1"/>
        <line num="141" count="54" type="cond" truecount="1" falsecount="1"/>
        <line num="144" count="54" type="stmt"/>
        <line num="154" count="18" type="stmt"/>
        <line num="156" count="18" type="cond" truecount="2" falsecount="0"/>
        <line num="160" count="18" type="stmt"/>
      </file>
    </package>
    <package name="features.report.screens">
      <metrics statements="15" coveredstatements="13" conditionals="24" coveredconditionals="15" methods="3" coveredmethods="3"/>
      <file name="report-screen.tsx" path="/Users/karimmeguenni-tani/BodyOrthox/bodyorthox-rn/src/features/report/screens/report-screen.tsx">
        <metrics statements="15" coveredstatements="13" conditionals="24" coveredconditionals="15" methods="3" coveredmethods="3"/>
        <line num="20" count="14" type="stmt"/>
        <line num="21" count="14" type="stmt"/>
        <line num="30" count="14" type="stmt"/>
        <line num="32" count="14" type="stmt"/>
        <line num="33" count="7" type="cond" truecount="3" falsecount="1"/>
        <line num="34" count="7" type="stmt"/>
        <line num="38" count="14" type="cond" truecount="1" falsecount="1"/>
        <line num="39" count="0" type="stmt"/>
        <line num="44" count="14" type="cond" truecount="1" falsecount="1"/>
        <line num="45" count="0" type="stmt"/>
        <line num="54" count="14" type="cond" truecount="6" falsecount="0"/>
        <line num="55" count="7" type="stmt"/>
        <line num="85" count="21" type="stmt"/>
        <line num="137" count="7" type="stmt"/>
        <line num="144" count="1" type="stmt"/>
      </file>
    </package>
    <package name="features.report.store">
      <metrics statements="24" coveredstatements="20" conditionals="2" coveredconditionals="0" methods="7" coveredmethods="6"/>
      <file name="report-store.ts" path="/Users/karimmeguenni-tani/BodyOrthox/bodyorthox-rn/src/features/report/store/report-store.ts">
        <metrics statements="24" coveredstatements="20" conditionals="2" coveredconditionals="0" methods="7" coveredmethods="6"/>
        <line num="31" count="2" type="stmt"/>
        <line num="32" count="2" type="stmt"/>
        <line num="40" count="11" type="stmt"/>
        <line num="41" count="11" type="stmt"/>
        <line num="42" count="11" type="stmt"/>
        <line num="45" count="11" type="stmt"/>
        <line num="46" count="11" type="stmt"/>
        <line num="47" count="11" type="stmt"/>
        <line num="48" count="11" type="stmt"/>
        <line num="53" count="11" type="stmt"/>
        <line num="54" count="11" type="stmt"/>
        <line num="56" count="11" type="stmt"/>
        <line num="57" count="11" type="stmt"/>
        <line num="58" count="11" type="stmt"/>
        <line num="62" count="0" type="cond" truecount="0" falsecount="2"/>
        <line num="65" count="0" type="stmt"/>
        <line num="66" count="0" type="stmt"/>
        <line num="67" count="0" type="stmt"/>
        <line num="73" count="13" type="stmt"/>
        <line num="74" count="13" type="stmt"/>
        <line num="75" count="13" type="stmt"/>
        <line num="76" count="13" type="stmt"/>
        <line num="77" count="13" type="stmt"/>
        <line num="78" count="13" type="stmt"/>
      </file>
    </package>
    <package name="features.results.components">
      <metrics statements="5" coveredstatements="5" conditionals="4" coveredconditionals="4" methods="1" coveredmethods="1"/>
      <file name="articular-angle-card.tsx" path="/Users/karimmeguenni-tani/BodyOrthox/bodyorthox-rn/src/features/results/components/articular-angle-card.tsx">
        <metrics statements="5" coveredstatements="5" conditionals="4" coveredconditionals="4" methods="1" coveredmethods="1"/>
        <line num="13" count="2" type="stmt"/>
        <line num="20" count="2" type="stmt"/>
        <line num="27" count="101" type="stmt"/>
        <line num="29" count="101" type="stmt"/>
        <line num="86" count="2" type="stmt"/>
      </file>
    </package>
    <package name="features.results.domain">
      <metrics statements="32" coveredstatements="32" conditionals="34" coveredconditionals="33" methods="6" coveredmethods="6"/>
      <file name="manual-correction.ts" path="/Users/karimmeguenni-tani/BodyOrthox/bodyorthox-rn/src/features/results/domain/manual-correction.ts">
        <metrics statements="17" coveredstatements="17" conditionals="16" coveredconditionals="16" methods="4" coveredmethods="4"/>
        <line num="5" count="2" type="stmt"/>
        <line num="14" count="2" type="stmt"/>
        <line num="29" count="8" type="cond" truecount="4" falsecount="0"/>
        <line num="30" count="2" type="stmt"/>
        <line num="35" count="6" type="cond" truecount="4" falsecount="0"/>
        <line num="36" count="2" type="stmt"/>
        <line num="41" count="4" type="stmt"/>
        <line num="55" count="16" type="cond" truecount="4" falsecount="0"/>
        <line num="56" count="1" type="stmt"/>
        <line num="58" count="15" type="cond" truecount="4" falsecount="0"/>
        <line num="59" count="2" type="stmt"/>
        <line num="62" count="13" type="stmt"/>
        <line num="63" count="13" type="stmt"/>
        <line num="65" count="13" type="stmt"/>
        <line num="81" count="6" type="stmt"/>
        <line num="82" count="6" type="stmt"/>
        <line num="89" count="55" type="stmt"/>
      </file>
      <file name="reference-norms.ts" path="/Users/karimmeguenni-tani/BodyOrthox/bodyorthox-rn/src/features/results/domain/reference-norms.ts">
        <metrics statements="15" coveredstatements="15" conditionals="18" coveredconditionals="17" methods="2" coveredmethods="2"/>
        <line num="16" count="6" type="stmt"/>
        <line num="54" count="191" type="stmt"/>
        <line num="55" count="191" type="cond" truecount="1" falsecount="1"/>
        <line num="56" count="191" type="cond" truecount="2" falsecount="0"/>
        <line num="57" count="191" type="cond" truecount="2" falsecount="0"/>
        <line num="64" count="191" type="cond" truecount="2" falsecount="0"/>
        <line num="65" count="12" type="cond" truecount="2" falsecount="0"/>
        <line num="66" count="10" type="cond" truecount="2" falsecount="0"/>
        <line num="67" count="4" type="stmt"/>
        <line num="69" count="191" type="stmt"/>
        <line num="73" count="110" type="cond" truecount="4" falsecount="0"/>
        <line num="75" count="98" type="stmt"/>
        <line num="77" count="3" type="stmt"/>
        <line num="79" count="6" type="stmt"/>
        <line num="81" count="3" type="stmt"/>
      </file>
    </package>
    <package name="features.results.screens">
      <metrics statements="109" coveredstatements="108" conditionals="85" coveredconditionals="74" methods="28" coveredmethods="27"/>
      <file name="replay-screen.tsx" path="/Users/karimmeguenni-tani/BodyOrthox/bodyorthox-rn/src/features/results/screens/replay-screen.tsx">
        <metrics statements="67" coveredstatements="66" conditionals="49" coveredconditionals="42" methods="16" coveredmethods="15"/>
        <line num="35" count="95" type="stmt"/>
        <line num="36" count="95" type="stmt"/>
        <line num="37" count="95" type="stmt"/>
        <line num="38" count="95" type="stmt"/>
        <line num="39" count="95" type="stmt"/>
        <line num="40" count="95" type="stmt"/>
        <line num="41" count="95" type="stmt"/>
        <line num="42" count="95" type="stmt"/>
        <line num="43" count="95" type="stmt"/>
        <line num="44" count="95" type="stmt"/>
        <line num="47" count="95" type="stmt"/>
        <line num="49" count="95" type="stmt"/>
        <line num="50" count="20" type="stmt"/>
        <line num="51" count="20" type="stmt"/>
        <line num="52" count="20" type="stmt"/>
        <line num="53" count="20" type="stmt"/>
        <line num="54" count="20" type="stmt"/>
        <line num="55" count="18" type="stmt"/>
        <line num="57" count="1" type="cond" truecount="1" falsecount="1"/>
        <line num="59" count="19" type="stmt"/>
        <line num="64" count="95" type="stmt"/>
        <line num="65" count="1" type="stmt"/>
        <line num="68" count="95" type="stmt"/>
        <line num="69" count="10" type="stmt"/>
        <line num="70" count="10" type="cond" truecount="2" falsecount="0"/>
        <line num="71" count="10" type="cond" truecount="1" falsecount="1"/>
        <line num="72" count="10" type="stmt"/>
        <line num="73" count="10" type="stmt"/>
        <line num="74" count="10" type="stmt"/>
        <line num="75" count="10" type="stmt"/>
        <line num="77" count="10" type="stmt"/>
        <line num="81" count="95" type="stmt"/>
        <line num="82" count="4" type="cond" truecount="3" falsecount="1"/>
        <line num="84" count="4" type="stmt"/>
        <line num="85" count="4" type="stmt"/>
        <line num="87" count="4" type="cond" truecount="2" falsecount="0"/>
        <line num="88" count="1" type="stmt"/>
        <line num="89" count="1" type="stmt"/>
        <line num="92" count="3" type="stmt"/>
        <line num="93" count="3" type="stmt"/>
        <line num="99" count="3" type="stmt"/>
        <line num="100" count="3" type="stmt"/>
        <line num="101" count="3" type="stmt"/>
        <line num="107" count="3" type="stmt"/>
        <line num="108" count="3" type="stmt"/>
        <line num="109" count="3" type="stmt"/>
        <line num="110" count="3" type="stmt"/>
        <line num="112" count="0" type="stmt"/>
        <line num="118" count="95" type="cond" truecount="2" falsecount="0"/>
        <line num="119" count="39" type="stmt"/>
        <line num="122" count="56" type="cond" truecount="2" falsecount="0"/>
        <line num="123" count="1" type="stmt"/>
        <line num="124" count="55" type="cond" truecount="1" falsecount="1"/>
        <line num="127" count="55" type="cond" truecount="2" falsecount="0"/>
        <line num="133" count="55" type="stmt"/>
        <line num="135" count="55" type="stmt"/>
        <line num="141" count="55" type="stmt"/>
        <line num="179" count="165" type="stmt"/>
        <line num="186" count="10" type="stmt"/>
        <line num="216" count="35" type="stmt"/>
        <line num="220" count="35" type="stmt"/>
        <line num="239" count="4" type="stmt"/>
        <line num="240" count="4" type="stmt"/>
        <line num="299" count="1" type="stmt"/>
        <line num="310" count="55" type="stmt"/>
        <line num="327" count="210" type="stmt"/>
        <line num="335" count="1" type="stmt"/>
      </file>
      <file name="results-screen.tsx" path="/Users/karimmeguenni-tani/BodyOrthox/bodyorthox-rn/src/features/results/screens/results-screen.tsx">
        <metrics statements="42" coveredstatements="42" conditionals="36" coveredconditionals="32" methods="12" coveredmethods="12"/>
        <line num="31" count="3" type="cond" truecount="1" falsecount="1"/>
        <line num="32" count="3" type="stmt"/>
        <line num="33" count="3" type="cond" truecount="1" falsecount="1"/>
        <line num="37" count="89" type="stmt"/>
        <line num="38" count="89" type="stmt"/>
        <line num="39" count="89" type="stmt"/>
        <line num="40" count="89" type="stmt"/>
        <line num="41" count="89" type="stmt"/>
        <line num="42" count="89" type="stmt"/>
        <line num="43" count="89" type="stmt"/>
        <line num="44" count="89" type="stmt"/>
        <line num="45" count="89" type="stmt"/>
        <line num="47" count="89" type="stmt"/>
        <line num="48" count="27" type="stmt"/>
        <line num="49" count="27" type="stmt"/>
        <line num="52" count="89" type="stmt"/>
        <line num="53" count="28" type="stmt"/>
        <line num="54" count="28" type="stmt"/>
        <line num="55" count="28" type="stmt"/>
        <line num="56" count="28" type="stmt"/>
        <line num="57" count="28" type="stmt"/>
        <line num="58" count="24" type="stmt"/>
        <line num="60" count="3" type="cond" truecount="2" falsecount="0"/>
        <line num="62" count="27" type="stmt"/>
        <line num="67" count="89" type="stmt"/>
        <line num="68" count="1" type="stmt"/>
        <line num="71" count="89" type="stmt"/>
        <line num="72" count="1" type="stmt"/>
        <line num="75" count="89" type="cond" truecount="2" falsecount="0"/>
        <line num="76" count="54" type="stmt"/>
        <line num="77" count="35" type="cond" truecount="2" falsecount="0"/>
        <line num="78" count="31" type="cond" truecount="2" falsecount="0"/>
        <line num="80" count="30" type="stmt"/>
        <line num="81" count="30" type="stmt"/>
        <line num="82" count="30" type="stmt"/>
        <line num="84" count="30" type="cond" truecount="2" falsecount="0"/>
        <line num="90" count="30" type="stmt"/>
        <line num="130" count="60" type="stmt"/>
        <line num="136" count="7" type="stmt"/>
        <line num="181" count="1" type="stmt"/>
        <line num="201" count="18" type="stmt"/>
        <line num="209" count="1" type="stmt"/>
      </file>
    </package>
    <package name="navigation">
      <metrics statements="10" coveredstatements="0" conditionals="6" coveredconditionals="0" methods="5" coveredmethods="0"/>
      <file name="app-navigator.tsx" path="/Users/karimmeguenni-tani/BodyOrthox/bodyorthox-rn/src/navigation/app-navigator.tsx">
        <metrics statements="10" coveredstatements="0" conditionals="6" coveredconditionals="0" methods="5" coveredmethods="0"/>
        <line num="19" count="0" type="stmt"/>
        <line num="21" count="0" type="stmt"/>
        <line num="29" count="0" type="stmt"/>
        <line num="30" count="0" type="stmt"/>
        <line num="31" count="0" type="stmt"/>
        <line num="33" count="0" type="stmt"/>
        <line num="34" count="0" type="stmt"/>
        <line num="38" count="0" type="cond" truecount="0" falsecount="2"/>
        <line num="39" count="0" type="stmt"/>
        <line num="50" count="0" type="stmt"/>
      </file>
      <file name="types.ts" path="/Users/karimmeguenni-tani/BodyOrthox/bodyorthox-rn/src/navigation/types.ts">
        <metrics statements="0" coveredstatements="0" conditionals="0" coveredconditionals="0" methods="0" coveredmethods="0"/>
      </file>
    </package>
    <package name="shared.components">
      <metrics statements="20" coveredstatements="9" conditionals="23" coveredconditionals="17" methods="8" coveredmethods="4"/>
      <file name="biometric-lock-screen-screen.tsx" path="/Users/karimmeguenni-tani/BodyOrthox/bodyorthox-rn/src/shared/components/biometric-lock-screen-screen.tsx">
        <metrics statements="11" coveredstatements="0" conditionals="4" coveredconditionals="0" methods="4" coveredmethods="0"/>
        <line num="12" count="0" type="stmt"/>
        <line num="13" count="0" type="stmt"/>
        <line num="14" count="0" type="stmt"/>
        <line num="16" count="0" type="stmt"/>
        <line num="17" count="0" type="cond" truecount="0" falsecount="2"/>
        <line num="18" count="0" type="cond" truecount="0" falsecount="2"/>
        <line num="19" count="0" type="stmt"/>
        <line num="21" count="0" type="stmt"/>
        <line num="26" count="0" type="stmt"/>
        <line num="27" count="0" type="stmt"/>
        <line num="30" count="0" type="stmt"/>
      </file>
      <file name="biometric-lock-screen.tsx" path="/Users/karimmeguenni-tani/BodyOrthox/bodyorthox-rn/src/shared/components/biometric-lock-screen.tsx">
        <metrics statements="5" coveredstatements="5" conditionals="10" coveredconditionals="8" methods="2" coveredmethods="2"/>
        <line num="24" count="8" type="stmt"/>
        <line num="25" count="1" type="cond" truecount="1" falsecount="1"/>
        <line num="26" count="1" type="stmt"/>
        <line num="30" count="8" type="stmt"/>
        <line num="66" count="1" type="stmt"/>
      </file>
      <file name="error-widget.tsx" path="/Users/karimmeguenni-tani/BodyOrthox/bodyorthox-rn/src/shared/components/error-widget.tsx">
        <metrics statements="2" coveredstatements="2" conditionals="3" coveredconditionals="3" methods="1" coveredmethods="1"/>
        <line num="14" count="19" type="stmt"/>
        <line num="28" count="5" type="stmt"/>
      </file>
      <file name="loading-spinner.tsx" path="/Users/karimmeguenni-tani/BodyOrthox/bodyorthox-rn/src/shared/components/loading-spinner.tsx">
        <metrics statements="2" coveredstatements="2" conditionals="6" coveredconditionals="6" methods="1" coveredmethods="1"/>
        <line num="14" count="184" type="stmt"/>
        <line num="22" count="7" type="stmt"/>
      </file>
    </package>
    <package name="shared.design-system">
      <metrics statements="7" coveredstatements="7" conditionals="0" coveredconditionals="0" methods="0" coveredmethods="0"/>
      <file name="colors.ts" path="/Users/karimmeguenni-tani/BodyOrthox/bodyorthox-rn/src/shared/design-system/colors.ts">
        <metrics statements="1" coveredstatements="1" conditionals="0" coveredconditionals="0" methods="0" coveredmethods="0"/>
        <line num="5" count="21" type="stmt"/>
      </file>
      <file name="spacing.ts" path="/Users/karimmeguenni-tani/BodyOrthox/bodyorthox-rn/src/shared/design-system/spacing.ts">
        <metrics statements="3" coveredstatements="3" conditionals="0" coveredconditionals="0" methods="0" coveredmethods="0"/>
        <line num="4" count="18" type="stmt"/>
        <line num="15" count="18" type="stmt"/>
        <line num="23" count="18" type="stmt"/>
      </file>
      <file name="typography.ts" path="/Users/karimmeguenni-tani/BodyOrthox/bodyorthox-rn/src/shared/design-system/typography.ts">
        <metrics statements="3" coveredstatements="3" conditionals="0" coveredconditionals="0" methods="0" coveredmethods="0"/>
        <line num="4" count="14" type="stmt"/>
        <line num="14" count="14" type="stmt"/>
        <line num="21" count="14" type="stmt"/>
      </file>
    </package>
    <package name="shared.hooks">
      <metrics statements="6" coveredstatements="6" conditionals="2" coveredconditionals="2" methods="3" coveredmethods="3"/>
      <file name="use-platform.ts" path="/Users/karimmeguenni-tani/BodyOrthox/bodyorthox-rn/src/shared/hooks/use-platform.ts">
        <metrics statements="3" coveredstatements="3" conditionals="0" coveredconditionals="0" methods="1" coveredmethods="1"/>
        <line num="4" count="4" type="stmt"/>
        <line num="24" count="191" type="stmt"/>
        <line num="26" count="191" type="stmt"/>
      </file>
      <file name="use-responsive-style.ts" path="/Users/karimmeguenni-tani/BodyOrthox/bodyorthox-rn/src/shared/hooks/use-responsive-style.ts">
        <metrics statements="3" coveredstatements="3" conditionals="2" coveredconditionals="2" methods="2" coveredmethods="2"/>
        <line num="17" count="4" type="stmt"/>
        <line num="19" count="4" type="stmt"/>
        <line num="20" count="4" type="cond" truecount="2" falsecount="0"/>
      </file>
    </package>
    <package name="shared.utils">
      <metrics statements="23" coveredstatements="20" conditionals="19" coveredconditionals="14" methods="6" coveredmethods="6"/>
      <file name="date-utils.ts" path="/Users/karimmeguenni-tani/BodyOrthox/bodyorthox-rn/src/shared/utils/date-utils.ts">
        <metrics statements="23" coveredstatements="20" conditionals="19" coveredconditionals="14" methods="6" coveredmethods="6"/>
        <line num="8" count="116" type="stmt"/>
        <line num="17" count="250" type="stmt"/>
        <line num="28" count="3" type="stmt"/>
        <line num="29" count="3" type="stmt"/>
        <line num="30" count="3" type="stmt"/>
        <line num="31" count="3" type="cond" truecount="5" falsecount="0"/>
        <line num="32" count="1" type="stmt"/>
        <line num="34" count="3" type="stmt"/>
        <line num="39" count="1" type="stmt"/>
        <line num="44" count="1" type="stmt"/>
        <line num="49" count="5" type="stmt"/>
        <line num="50" count="5" type="stmt"/>
        <line num="51" count="5" type="stmt"/>
        <line num="52" count="5" type="stmt"/>
        <line num="53" count="5" type="stmt"/>
        <line num="55" count="5" type="cond" truecount="2" falsecount="0"/>
        <line num="56" count="4" type="cond" truecount="2" falsecount="0"/>
        <line num="57" count="3" type="cond" truecount="2" falsecount="0"/>
        <line num="58" count="2" type="cond" truecount="2" falsecount="0"/>
        <line num="59" count="1" type="cond" truecount="1" falsecount="1"/>
        <line num="60" count="0" type="cond" truecount="0" falsecount="2"/>
        <line num="61" count="0" type="cond" truecount="0" falsecount="2"/>
        <line num="62" count="0" type="stmt"/>
      </file>
    </package>
  </project>
</coverage>
