{"/Users/karimmeguenni-tani/BodyOrthox/bodyorthox-rn/src/core/auth/biometric-service.native.ts": {"path":"/Users/karimmeguenni-tani/BodyOrthox/bodyorthox-rn/src/core/auth/biometric-service.native.ts","statementMap":{"0":{"start":{"line":5,"column":25},"end":{"line":5,"column":52}},"1":{"start":{"line":8,"column":4},"end":{"line":13,"column":5}},"2":{"start":{"line":9,"column":28},"end":{"line":9,"column":71}},"3":{"start":{"line":10,"column":6},"end":{"line":10,"column":23}},"4":{"start":{"line":12,"column":6},"end":{"line":12,"column":19}},"5":{"start":{"line":17,"column":4},"end":{"line":33,"column":5}},"6":{"start":{"line":18,"column":33},"end":{"line":21,"column":8}},"7":{"start":{"line":23,"column":6},"end":{"line":23,"column":44}},"8":{"start":{"line":23,"column":19},"end":{"line":23,"column":44}},"9":{"start":{"line":26,"column":8},"end":{"line":26,"column":88}},"10":{"start":{"line":27,"column":6},"end":{"line":27,"column":48}},"11":{"start":{"line":29,"column":6},"end":{"line":32,"column":8}},"12":{"start":{"line":38,"column":2},"end":{"line":38,"column":38}}},"fnMap":{"0":{"name":"(anonymous_0)","decl":{"start":{"line":7,"column":2},"end":{"line":7,"column":3}},"loc":{"start":{"line":7,"column":40},"end":{"line":14,"column":3}},"line":7},"1":{"name":"(anonymous_1)","decl":{"start":{"line":16,"column":2},"end":{"line":16,"column":3}},"loc":{"start":{"line":16,"column":80},"end":{"line":34,"column":3}},"line":16},"2":{"name":"createBiometricService","decl":{"start":{"line":37,"column":16},"end":{"line":37,"column":38}},"loc":{"start":{"line":37,"column":60},"end":{"line":39,"column":1}},"line":37}},"branchMap":{"0":{"loc":{"start":{"line":16,"column":21},"end":{"line":16,"column":52}},"type":"default-arg","locations":[{"start":{"line":16,"column":30},"end":{"line":16,"column":52}}],"line":16},"1":{"loc":{"start":{"line":23,"column":6},"end":{"line":23,"column":44}},"type":"if","locations":[{"start":{"line":23,"column":6},"end":{"line":23,"column":44}},{"start":{},"end":{}}],"line":23},"2":{"loc":{"start":{"line":26,"column":8},"end":{"line":26,"column":88}},"type":"cond-expr","locations":[{"start":{"line":26,"column":33},"end":{"line":26,"column":59}},{"start":{"line":26,"column":62},"end":{"line":26,"column":88}}],"line":26},"3":{"loc":{"start":{"line":31,"column":15},"end":{"line":31,"column":69}},"type":"cond-expr","locations":[{"start":{"line":31,"column":38},"end":{"line":31,"column":49}},{"start":{"line":31,"column":52},"end":{"line":31,"column":69}}],"line":31}},"s":{"0":8,"1":3,"2":3,"3":2,"4":1,"5":5,"6":5,"7":4,"8":2,"9":2,"10":2,"11":1,"12":0},"f":{"0":3,"1":5,"2":0},"b":{"0":[4],"1":[2,2],"2":[1,1],"3":[1,0]},"_coverageSchema":"1a1c01bbd47fc00a2c39e90264f33305004495a9","hash":"97354aff306ea66e7b53a83b80567fd1a1563c1a"}
,"/Users/karimmeguenni-tani/BodyOrthox/bodyorthox-rn/src/core/auth/biometric-service.ts": {"path":"/Users/karimmeguenni-tani/BodyOrthox/bodyorthox-rn/src/core/auth/biometric-service.ts","statementMap":{},"fnMap":{},"branchMap":{},"s":{},"f":{},"b":{}}
,"/Users/karimmeguenni-tani/BodyOrthox/bodyorthox-rn/src/core/auth/biometric-service.web.ts": {"path":"/Users/karimmeguenni-tani/BodyOrthox/bodyorthox-rn/src/core/auth/biometric-service.web.ts","statementMap":{"0":{"start":{"line":10,"column":4},"end":{"line":10,"column":17}},"1":{"start":{"line":14,"column":4},"end":{"line":14,"column":29}},"2":{"start":{"line":19,"column":2},"end":{"line":19,"column":35}}},"fnMap":{"0":{"name":"(anonymous_0)","decl":{"start":{"line":9,"column":2},"end":{"line":9,"column":3}},"loc":{"start":{"line":9,"column":40},"end":{"line":11,"column":3}},"line":9},"1":{"name":"(anonymous_1)","decl":{"start":{"line":13,"column":2},"end":{"line":13,"column":3}},"loc":{"start":{"line":13,"column":65},"end":{"line":15,"column":3}},"line":13},"2":{"name":"createBiometricService","decl":{"start":{"line":18,"column":16},"end":{"line":18,"column":38}},"loc":{"start":{"line":18,"column":60},"end":{"line":20,"column":1}},"line":18}},"branchMap":{},"s":{"0":1,"1":2,"2":0},"f":{"0":1,"1":2,"2":0},"b":{},"_coverageSchema":"1a1c01bbd47fc00a2c39e90264f33305004495a9","hash":"fe352f4f14aa6802e20f6834cb33934b3dfa18a5"}
,"/Users/karimmeguenni-tani/BodyOrthox/bodyorthox-rn/src/core/auth/use-biometric-auth.ts": {"path":"/Users/karimmeguenni-tani/BodyOrthox/bodyorthox-rn/src/core/auth/use-biometric-auth.ts","statementMap":{"0":{"start":{"line":8,"column":2},"end":{"line":14,"column":3}},"1":{"start":{"line":9,"column":4},"end":{"line":13,"column":5}},"2":{"start":{"line":10,"column":6},"end":{"line":10,"column":58}},"3":{"start":{"line":12,"column":6},"end":{"line":12,"column":61}},"4":{"start":{"line":15,"column":2},"end":{"line":15,"column":49}},"5":{"start":{"line":19,"column":28},"end":{"line":19,"column":72}},"6":{"start":{"line":20,"column":50},"end":{"line":20,"column":65}},"7":{"start":{"line":22,"column":2},"end":{"line":32,"column":9}},"8":{"start":{"line":24,"column":22},"end":{"line":24,"column":34}},"9":{"start":{"line":25,"column":24},"end":{"line":25,"column":51}},"10":{"start":{"line":26,"column":6},"end":{"line":29,"column":7}},"11":{"start":{"line":28,"column":8},"end":{"line":28,"column":39}},"12":{"start":{"line":31,"column":4},"end":{"line":31,"column":24}},"13":{"start":{"line":34,"column":17},"end":{"line":52,"column":8}},"14":{"start":{"line":35,"column":4},"end":{"line":35,"column":30}},"15":{"start":{"line":36,"column":4},"end":{"line":51,"column":5}},"16":{"start":{"line":37,"column":22},"end":{"line":37,"column":34}},"17":{"start":{"line":38,"column":21},"end":{"line":38,"column":79}},"18":{"start":{"line":39,"column":6},"end":{"line":43,"column":7}},"19":{"start":{"line":40,"column":8},"end":{"line":40,"column":39}},"20":{"start":{"line":42,"column":8},"end":{"line":42,"column":89}},"21":{"start":{"line":45,"column":6},"end":{"line":48,"column":9}},"22":{"start":{"line":50,"column":6},"end":{"line":50,"column":33}},"23":{"start":{"line":54,"column":15},"end":{"line":56,"column":8}},"24":{"start":{"line":55,"column":4},"end":{"line":55,"column":33}},"25":{"start":{"line":58,"column":2},"end":{"line":66,"column":4}}},"fnMap":{"0":{"name":"getService","decl":{"start":{"line":7,"column":9},"end":{"line":7,"column":19}},"loc":{"start":{"line":7,"column":22},"end":{"line":16,"column":1}},"line":7},"1":{"name":"useBiometricAuth","decl":{"start":{"line":18,"column":16},"end":{"line":18,"column":32}},"loc":{"start":{"line":18,"column":35},"end":{"line":67,"column":1}},"line":18},"2":{"name":"(anonymous_2)","decl":{"start":{"line":22,"column":12},"end":{"line":22,"column":13}},"loc":{"start":{"line":22,"column":18},"end":{"line":32,"column":3}},"line":22},"3":{"name":"checkAvailability","decl":{"start":{"line":23,"column":19},"end":{"line":23,"column":36}},"loc":{"start":{"line":23,"column":39},"end":{"line":30,"column":5}},"line":23},"4":{"name":"(anonymous_4)","decl":{"start":{"line":34,"column":29},"end":{"line":34,"column":30}},"loc":{"start":{"line":34,"column":41},"end":{"line":52,"column":3}},"line":34},"5":{"name":"(anonymous_5)","decl":{"start":{"line":54,"column":27},"end":{"line":54,"column":28}},"loc":{"start":{"line":54,"column":33},"end":{"line":56,"column":3}},"line":54}},"branchMap":{"0":{"loc":{"start":{"line":8,"column":2},"end":{"line":14,"column":3}},"type":"if","locations":[{"start":{"line":8,"column":2},"end":{"line":14,"column":3}},{"start":{},"end":{}}],"line":8},"1":{"loc":{"start":{"line":9,"column":4},"end":{"line":13,"column":5}},"type":"if","locations":[{"start":{"line":9,"column":4},"end":{"line":13,"column":5}},{"start":{"line":11,"column":11},"end":{"line":13,"column":5}}],"line":9},"2":{"loc":{"start":{"line":26,"column":6},"end":{"line":29,"column":7}},"type":"if","locations":[{"start":{"line":26,"column":6},"end":{"line":29,"column":7}},{"start":{},"end":{}}],"line":26},"3":{"loc":{"start":{"line":39,"column":6},"end":{"line":43,"column":7}},"type":"if","locations":[{"start":{"line":39,"column":6},"end":{"line":43,"column":7}},{"start":{"line":41,"column":13},"end":{"line":43,"column":7}}],"line":39},"4":{"loc":{"start":{"line":42,"column":43},"end":{"line":42,"column":85}},"type":"binary-expr","locations":[{"start":{"line":42,"column":43},"end":{"line":42,"column":55}},{"start":{"line":42,"column":59},"end":{"line":42,"column":85}}],"line":42},"5":{"loc":{"start":{"line":47,"column":17},"end":{"line":47,"column":75}},"type":"cond-expr","locations":[{"start":{"line":47,"column":42},"end":{"line":47,"column":55}},{"start":{"line":47,"column":58},"end":{"line":47,"column":75}}],"line":47},"6":{"loc":{"start":{"line":60,"column":14},"end":{"line":60,"column":63}},"type":"binary-expr","locations":[{"start":{"line":60,"column":14},"end":{"line":60,"column":37}},{"start":{"line":60,"column":41},"end":{"line":60,"column":63}}],"line":60},"7":{"loc":{"start":{"line":63,"column":11},"end":{"line":63,"column":56}},"type":"cond-expr","locations":[{"start":{"line":63,"column":36},"end":{"line":63,"column":49}},{"start":{"line":63,"column":52},"end":{"line":63,"column":56}}],"line":63}},"s":{"0":0,"1":0,"2":0,"3":0,"4":0,"5":0,"6":0,"7":0,"8":0,"9":0,"10":0,"11":0,"12":0,"13":0,"14":0,"15":0,"16":0,"17":0,"18":0,"19":0,"20":0,"21":0,"22":0,"23":0,"24":0,"25":0},"f":{"0":0,"1":0,"2":0,"3":0,"4":0,"5":0},"b":{"0":[0,0],"1":[0,0],"2":[0,0],"3":[0,0],"4":[0,0],"5":[0,0],"6":[0,0],"7":[0,0]}}
,"/Users/karimmeguenni-tani/BodyOrthox/bodyorthox-rn/src/core/config/app-config.ts": {"path":"/Users/karimmeguenni-tani/BodyOrthox/bodyorthox-rn/src/core/config/app-config.ts","statementMap":{"0":{"start":{"line":12,"column":36},"end":{"line":18,"column":1}},"1":{"start":{"line":20,"column":37},"end":{"line":26,"column":1}},"2":{"start":{"line":28,"column":16},"end":{"line":28,"column":53}},"3":{"start":{"line":30,"column":43},"end":{"line":30,"column":75}}},"fnMap":{},"branchMap":{"0":{"loc":{"start":{"line":30,"column":43},"end":{"line":30,"column":75}},"type":"cond-expr","locations":[{"start":{"line":30,"column":53},"end":{"line":30,"column":62}},{"start":{"line":30,"column":65},"end":{"line":30,"column":75}}],"line":30}},"s":{"0":1,"1":1,"2":1,"3":1},"f":{},"b":{"0":[1,0]},"_coverageSchema":"1a1c01bbd47fc00a2c39e90264f33305004495a9","hash":"245524e512e6691cd1fcfadacb81993caf3830d6"}
,"/Users/karimmeguenni-tani/BodyOrthox/bodyorthox-rn/src/core/database/database.native.ts": {"path":"/Users/karimmeguenni-tani/BodyOrthox/bodyorthox-rn/src/core/database/database.native.ts","statementMap":{"0":{"start":{"line":5,"column":0},"end":{"line":5,"column":27}},"1":{"start":{"line":8,"column":38},"end":{"line":8,"column":42}},"2":{"start":{"line":13,"column":4},"end":{"line":13,"column":84}},"3":{"start":{"line":14,"column":4},"end":{"line":16,"column":5}},"4":{"start":{"line":15,"column":6},"end":{"line":15,"column":42}},"5":{"start":{"line":20,"column":4},"end":{"line":20,"column":62}},"6":{"start":{"line":20,"column":18},"end":{"line":20,"column":62}},"7":{"start":{"line":22,"column":21},"end":{"line":22,"column":58}},"8":{"start":{"line":23,"column":44},"end":{"line":23,"column":46}},"9":{"start":{"line":24,"column":4},"end":{"line":26,"column":5}},"10":{"start":{"line":24,"column":17},"end":{"line":24,"column":18}},"11":{"start":{"line":25,"column":6},"end":{"line":25,"column":37}},"12":{"start":{"line":27,"column":4},"end":{"line":31,"column":6}},"13":{"start":{"line":35,"column":4},"end":{"line":35,"column":27}},"14":{"start":{"line":36,"column":4},"end":{"line":36,"column":19}},"15":{"start":{"line":41,"column":2},"end":{"line":41,"column":36}}},"fnMap":{"0":{"name":"(anonymous_0)","decl":{"start":{"line":10,"column":2},"end":{"line":10,"column":3}},"loc":{"start":{"line":10,"column":47},"end":{"line":10,"column":49}},"line":10},"1":{"name":"(anonymous_1)","decl":{"start":{"line":12,"column":2},"end":{"line":12,"column":3}},"loc":{"start":{"line":12,"column":36},"end":{"line":17,"column":3}},"line":12},"2":{"name":"(anonymous_2)","decl":{"start":{"line":19,"column":2},"end":{"line":19,"column":3}},"loc":{"start":{"line":19,"column":75},"end":{"line":32,"column":3}},"line":19},"3":{"name":"(anonymous_3)","decl":{"start":{"line":34,"column":2},"end":{"line":34,"column":3}},"loc":{"start":{"line":34,"column":31},"end":{"line":37,"column":3}},"line":34},"4":{"name":"createDatabase","decl":{"start":{"line":40,"column":16},"end":{"line":40,"column":30}},"loc":{"start":{"line":40,"column":58},"end":{"line":42,"column":1}},"line":40}},"branchMap":{"0":{"loc":{"start":{"line":19,"column":29},"end":{"line":19,"column":51}},"type":"default-arg","locations":[{"start":{"line":19,"column":49},"end":{"line":19,"column":51}}],"line":19},"1":{"loc":{"start":{"line":20,"column":4},"end":{"line":20,"column":62}},"type":"if","locations":[{"start":{"line":20,"column":4},"end":{"line":20,"column":62}},{"start":{},"end":{}}],"line":20}},"s":{"0":0,"1":0,"2":0,"3":0,"4":0,"5":0,"6":0,"7":0,"8":0,"9":0,"10":0,"11":0,"12":0,"13":0,"14":0,"15":0},"f":{"0":0,"1":0,"2":0,"3":0,"4":0},"b":{"0":[0],"1":[0,0]}}
,"/Users/karimmeguenni-tani/BodyOrthox/bodyorthox-rn/src/core/database/database.ts": {"path":"/Users/karimmeguenni-tani/BodyOrthox/bodyorthox-rn/src/core/database/database.ts","statementMap":{},"fnMap":{},"branchMap":{},"s":{},"f":{},"b":{}}
,"/Users/karimmeguenni-tani/BodyOrthox/bodyorthox-rn/src/core/database/database.web.ts": {"path":"/Users/karimmeguenni-tani/BodyOrthox/bodyorthox-rn/src/core/database/database.web.ts","statementMap":{"0":{"start":{"line":11,"column":59},"end":{"line":11,"column":68}},"1":{"start":{"line":15,"column":4},"end":{"line":31,"column":5}},"2":{"start":{"line":17,"column":8},"end":{"line":19,"column":16}},"3":{"start":{"line":20,"column":6},"end":{"line":28,"column":7}},"4":{"start":{"line":21,"column":23},"end":{"line":24,"column":9}},"5":{"start":{"line":25,"column":8},"end":{"line":27,"column":9}},"6":{"start":{"line":26,"column":10},"end":{"line":26,"column":39}},"7":{"start":{"line":35,"column":20},"end":{"line":35,"column":44}},"8":{"start":{"line":37,"column":4},"end":{"line":39,"column":5}},"9":{"start":{"line":38,"column":6},"end":{"line":38,"column":43}},"10":{"start":{"line":41,"column":4},"end":{"line":43,"column":5}},"11":{"start":{"line":42,"column":6},"end":{"line":42,"column":44}},"12":{"start":{"line":45,"column":4},"end":{"line":47,"column":5}},"13":{"start":{"line":46,"column":6},"end":{"line":46,"column":44}},"14":{"start":{"line":49,"column":4},"end":{"line":51,"column":5}},"15":{"start":{"line":50,"column":6},"end":{"line":50,"column":44}},"16":{"start":{"line":53,"column":4},"end":{"line":55,"column":5}},"17":{"start":{"line":54,"column":6},"end":{"line":54,"column":44}},"18":{"start":{"line":57,"column":4},"end":{"line":57,"column":41}},"19":{"start":{"line":61,"column":23},"end":{"line":61,"column":49}},"20":{"start":{"line":62,"column":4},"end":{"line":62,"column":58}},"21":{"start":{"line":62,"column":21},"end":{"line":62,"column":58}},"22":{"start":{"line":64,"column":22},"end":{"line":64,"column":49}},"23":{"start":{"line":65,"column":17},"end":{"line":65,"column":49}},"24":{"start":{"line":68,"column":23},"end":{"line":68,"column":73}},"25":{"start":{"line":69,"column":4},"end":{"line":92,"column":5}},"26":{"start":{"line":70,"column":24},"end":{"line":70,"column":44}},"27":{"start":{"line":71,"column":29},"end":{"line":71,"column":68}},"28":{"start":{"line":72,"column":22},"end":{"line":72,"column":55}},"29":{"start":{"line":73,"column":24},"end":{"line":73,"column":60}},"30":{"start":{"line":75,"column":21},"end":{"line":75,"column":30}},"31":{"start":{"line":76,"column":23},"end":{"line":76,"column":24}},"32":{"start":{"line":78,"column":6},"end":{"line":89,"column":7}},"33":{"start":{"line":79,"column":8},"end":{"line":81,"column":10}},"34":{"start":{"line":80,"column":17},"end":{"line":80,"column":57}},"35":{"start":{"line":82,"column":13},"end":{"line":89,"column":7}},"36":{"start":{"line":83,"column":8},"end":{"line":83,"column":76}},"37":{"start":{"line":83,"column":42},"end":{"line":83,"column":74}},"38":{"start":{"line":84,"column":13},"end":{"line":89,"column":7}},"39":{"start":{"line":85,"column":24},"end":{"line":85,"column":70}},"40":{"start":{"line":86,"column":8},"end":{"line":88,"column":10}},"41":{"start":{"line":87,"column":10},"end":{"line":87,"column":73}},"42":{"start":{"line":91,"column":6},"end":{"line":91,"column":49}},"43":{"start":{"line":94,"column":4},"end":{"line":94,"column":48}},"44":{"start":{"line":98,"column":23},"end":{"line":98,"column":49}},"45":{"start":{"line":99,"column":4},"end":{"line":99,"column":58}},"46":{"start":{"line":99,"column":21},"end":{"line":99,"column":58}},"47":{"start":{"line":101,"column":22},"end":{"line":101,"column":49}},"48":{"start":{"line":102,"column":21},"end":{"line":102,"column":55}},"49":{"start":{"line":103,"column":4},"end":{"line":103,"column":56}},"50":{"start":{"line":103,"column":19},"end":{"line":103,"column":56}},"51":{"start":{"line":105,"column":20},"end":{"line":107,"column":45}},"52":{"start":{"line":107,"column":18},"end":{"line":107,"column":44}},"53":{"start":{"line":108,"column":41},"end":{"line":108,"column":43}},"54":{"start":{"line":109,"column":4},"end":{"line":111,"column":7}},"55":{"start":{"line":110,"column":6},"end":{"line":110,"column":27}},"56":{"start":{"line":113,"column":4},"end":{"line":115,"column":5}},"57":{"start":{"line":114,"column":6},"end":{"line":114,"column":37}},"58":{"start":{"line":116,"column":4},"end":{"line":116,"column":42}},"59":{"start":{"line":117,"column":4},"end":{"line":117,"column":19}},"60":{"start":{"line":119,"column":4},"end":{"line":119,"column":41}},"61":{"start":{"line":123,"column":23},"end":{"line":123,"column":51}},"62":{"start":{"line":124,"column":4},"end":{"line":124,"column":58}},"63":{"start":{"line":124,"column":21},"end":{"line":124,"column":58}},"64":{"start":{"line":126,"column":22},"end":{"line":126,"column":49}},"65":{"start":{"line":127,"column":17},"end":{"line":127,"column":49}},"66":{"start":{"line":128,"column":20},"end":{"line":128,"column":45}},"67":{"start":{"line":129,"column":19},"end":{"line":129,"column":20}},"68":{"start":{"line":131,"column":21},"end":{"line":131,"column":54}},"69":{"start":{"line":132,"column":4},"end":{"line":143,"column":5}},"70":{"start":{"line":133,"column":19},"end":{"line":133,"column":62}},"71":{"start":{"line":133,"column":53},"end":{"line":133,"column":61}},"72":{"start":{"line":134,"column":6},"end":{"line":142,"column":9}},"73":{"start":{"line":135,"column":8},"end":{"line":141,"column":9}},"74":{"start":{"line":136,"column":10},"end":{"line":139,"column":13}},"75":{"start":{"line":137,"column":29},"end":{"line":137,"column":56}},"76":{"start":{"line":138,"column":12},"end":{"line":138,"column":55}},"77":{"start":{"line":138,"column":26},"end":{"line":138,"column":55}},"78":{"start":{"line":140,"column":10},"end":{"line":140,"column":21}},"79":{"start":{"line":145,"column":4},"end":{"line":145,"column":19}},"80":{"start":{"line":146,"column":4},"end":{"line":146,"column":48}},"81":{"start":{"line":150,"column":23},"end":{"line":150,"column":49}},"82":{"start":{"line":151,"column":4},"end":{"line":151,"column":58}},"83":{"start":{"line":151,"column":21},"end":{"line":151,"column":58}},"84":{"start":{"line":153,"column":22},"end":{"line":153,"column":49}},"85":{"start":{"line":154,"column":17},"end":{"line":154,"column":49}},"86":{"start":{"line":155,"column":20},"end":{"line":155,"column":29}},"87":{"start":{"line":156,"column":20},"end":{"line":156,"column":31}},"88":{"start":{"line":157,"column":4},"end":{"line":160,"column":6}},"89":{"start":{"line":159,"column":25},"end":{"line":159,"column":44}},"90":{"start":{"line":161,"column":4},"end":{"line":161,"column":19}},"91":{"start":{"line":163,"column":4},"end":{"line":166,"column":6}},"92":{"start":{"line":170,"column":4},"end":{"line":180,"column":5}},"93":{"start":{"line":171,"column":6},"end":{"line":177,"column":7}},"94":{"start":{"line":172,"column":64},"end":{"line":172,"column":66}},"95":{"start":{"line":173,"column":8},"end":{"line":175,"column":9}},"96":{"start":{"line":174,"column":10},"end":{"line":174,"column":22}},"97":{"start":{"line":176,"column":8},"end":{"line":176,"column":68}},"98":{"start":{"line":184,"column":4},"end":{"line":184,"column":19}},"99":{"start":{"line":189,"column":2},"end":{"line":189,"column":27}}},"fnMap":{"0":{"name":"(anonymous_0)","decl":{"start":{"line":13,"column":2},"end":{"line":13,"column":3}},"loc":{"start":{"line":13,"column":36},"end":{"line":32,"column":3}},"line":13},"1":{"name":"(anonymous_1)","decl":{"start":{"line":34,"column":2},"end":{"line":34,"column":3}},"loc":{"start":{"line":34,"column":75},"end":{"line":58,"column":3}},"line":34},"2":{"name":"(anonymous_2)","decl":{"start":{"line":60,"column":2},"end":{"line":60,"column":3}},"loc":{"start":{"line":60,"column":68},"end":{"line":95,"column":3}},"line":60},"3":{"name":"(anonymous_3)","decl":{"start":{"line":80,"column":10},"end":{"line":80,"column":11}},"loc":{"start":{"line":80,"column":17},"end":{"line":80,"column":57}},"line":80},"4":{"name":"(anonymous_4)","decl":{"start":{"line":83,"column":35},"end":{"line":83,"column":36}},"loc":{"start":{"line":83,"column":42},"end":{"line":83,"column":74}},"line":83},"5":{"name":"(anonymous_5)","decl":{"start":{"line":86,"column":35},"end":{"line":86,"column":36}},"loc":{"start":{"line":87,"column":10},"end":{"line":87,"column":73}},"line":87},"6":{"name":"(anonymous_6)","decl":{"start":{"line":97,"column":2},"end":{"line":97,"column":3}},"loc":{"start":{"line":97,"column":68},"end":{"line":120,"column":3}},"line":97},"7":{"name":"(anonymous_7)","decl":{"start":{"line":107,"column":11},"end":{"line":107,"column":12}},"loc":{"start":{"line":107,"column":18},"end":{"line":107,"column":44}},"line":107},"8":{"name":"(anonymous_8)","decl":{"start":{"line":109,"column":20},"end":{"line":109,"column":21}},"loc":{"start":{"line":109,"column":32},"end":{"line":111,"column":5}},"line":109},"9":{"name":"(anonymous_9)","decl":{"start":{"line":122,"column":2},"end":{"line":122,"column":3}},"loc":{"start":{"line":122,"column":68},"end":{"line":147,"column":3}},"line":122},"10":{"name":"(anonymous_10)","decl":{"start":{"line":133,"column":46},"end":{"line":133,"column":47}},"loc":{"start":{"line":133,"column":53},"end":{"line":133,"column":61}},"line":133},"11":{"name":"(anonymous_11)","decl":{"start":{"line":134,"column":19},"end":{"line":134,"column":20}},"loc":{"start":{"line":134,"column":28},"end":{"line":142,"column":7}},"line":134},"12":{"name":"(anonymous_12)","decl":{"start":{"line":136,"column":23},"end":{"line":136,"column":24}},"loc":{"start":{"line":136,"column":35},"end":{"line":139,"column":11}},"line":136},"13":{"name":"(anonymous_13)","decl":{"start":{"line":149,"column":2},"end":{"line":149,"column":3}},"loc":{"start":{"line":149,"column":68},"end":{"line":167,"column":3}},"line":149},"14":{"name":"(anonymous_14)","decl":{"start":{"line":159,"column":18},"end":{"line":159,"column":19}},"loc":{"start":{"line":159,"column":25},"end":{"line":159,"column":44}},"line":159},"15":{"name":"(anonymous_15)","decl":{"start":{"line":169,"column":2},"end":{"line":169,"column":3}},"loc":{"start":{"line":169,"column":26},"end":{"line":181,"column":3}},"line":169},"16":{"name":"(anonymous_16)","decl":{"start":{"line":183,"column":2},"end":{"line":183,"column":3}},"loc":{"start":{"line":183,"column":31},"end":{"line":185,"column":3}},"line":183},"17":{"name":"createDatabase","decl":{"start":{"line":188,"column":16},"end":{"line":188,"column":30}},"loc":{"start":{"line":188,"column":59},"end":{"line":190,"column":1}},"line":188}},"branchMap":{"0":{"loc":{"start":{"line":17,"column":8},"end":{"line":19,"column":16}},"type":"cond-expr","locations":[{"start":{"line":18,"column":12},"end":{"line":18,"column":49}},{"start":{"line":19,"column":12},"end":{"line":19,"column":16}}],"line":17},"1":{"loc":{"start":{"line":20,"column":6},"end":{"line":28,"column":7}},"type":"if","locations":[{"start":{"line":20,"column":6},"end":{"line":28,"column":7}},{"start":{},"end":{}}],"line":20},"2":{"loc":{"start":{"line":34,"column":29},"end":{"line":34,"column":51}},"type":"default-arg","locations":[{"start":{"line":34,"column":49},"end":{"line":34,"column":51}}],"line":34},"3":{"loc":{"start":{"line":37,"column":4},"end":{"line":39,"column":5}},"type":"if","locations":[{"start":{"line":37,"column":4},"end":{"line":39,"column":5}},{"start":{},"end":{}}],"line":37},"4":{"loc":{"start":{"line":37,"column":8},"end":{"line":37,"column":68}},"type":"binary-expr","locations":[{"start":{"line":37,"column":8},"end":{"line":37,"column":36}},{"start":{"line":37,"column":40},"end":{"line":37,"column":68}}],"line":37},"5":{"loc":{"start":{"line":41,"column":4},"end":{"line":43,"column":5}},"type":"if","locations":[{"start":{"line":41,"column":4},"end":{"line":43,"column":5}},{"start":{},"end":{}}],"line":41},"6":{"loc":{"start":{"line":45,"column":4},"end":{"line":47,"column":5}},"type":"if","locations":[{"start":{"line":45,"column":4},"end":{"line":47,"column":5}},{"start":{},"end":{}}],"line":45},"7":{"loc":{"start":{"line":49,"column":4},"end":{"line":51,"column":5}},"type":"if","locations":[{"start":{"line":49,"column":4},"end":{"line":51,"column":5}},{"start":{},"end":{}}],"line":49},"8":{"loc":{"start":{"line":53,"column":4},"end":{"line":55,"column":5}},"type":"if","locations":[{"start":{"line":53,"column":4},"end":{"line":55,"column":5}},{"start":{},"end":{}}],"line":53},"9":{"loc":{"start":{"line":62,"column":4},"end":{"line":62,"column":58}},"type":"if","locations":[{"start":{"line":62,"column":4},"end":{"line":62,"column":58}},{"start":{},"end":{}}],"line":62},"10":{"loc":{"start":{"line":65,"column":17},"end":{"line":65,"column":49}},"type":"binary-expr","locations":[{"start":{"line":65,"column":17},"end":{"line":65,"column":43}},{"start":{"line":65,"column":47},"end":{"line":65,"column":49}}],"line":65},"11":{"loc":{"start":{"line":69,"column":4},"end":{"line":92,"column":5}},"type":"if","locations":[{"start":{"line":69,"column":4},"end":{"line":92,"column":5}},{"start":{},"end":{}}],"line":69},"12":{"loc":{"start":{"line":78,"column":6},"end":{"line":89,"column":7}},"type":"if","locations":[{"start":{"line":78,"column":6},"end":{"line":89,"column":7}},{"start":{"line":82,"column":13},"end":{"line":89,"column":7}}],"line":78},"13":{"loc":{"start":{"line":82,"column":13},"end":{"line":89,"column":7}},"type":"if","locations":[{"start":{"line":82,"column":13},"end":{"line":89,"column":7}},{"start":{"line":84,"column":13},"end":{"line":89,"column":7}}],"line":82},"14":{"loc":{"start":{"line":84,"column":13},"end":{"line":89,"column":7}},"type":"if","locations":[{"start":{"line":84,"column":13},"end":{"line":89,"column":7}},{"start":{},"end":{}}],"line":84},"15":{"loc":{"start":{"line":99,"column":4},"end":{"line":99,"column":58}},"type":"if","locations":[{"start":{"line":99,"column":4},"end":{"line":99,"column":58}},{"start":{},"end":{}}],"line":99},"16":{"loc":{"start":{"line":103,"column":4},"end":{"line":103,"column":56}},"type":"if","locations":[{"start":{"line":103,"column":4},"end":{"line":103,"column":56}},{"start":{},"end":{}}],"line":103},"17":{"loc":{"start":{"line":113,"column":4},"end":{"line":115,"column":5}},"type":"if","locations":[{"start":{"line":113,"column":4},"end":{"line":115,"column":5}},{"start":{},"end":{}}],"line":113},"18":{"loc":{"start":{"line":124,"column":4},"end":{"line":124,"column":58}},"type":"if","locations":[{"start":{"line":124,"column":4},"end":{"line":124,"column":58}},{"start":{},"end":{}}],"line":124},"19":{"loc":{"start":{"line":127,"column":17},"end":{"line":127,"column":49}},"type":"binary-expr","locations":[{"start":{"line":127,"column":17},"end":{"line":127,"column":43}},{"start":{"line":127,"column":47},"end":{"line":127,"column":49}}],"line":127},"20":{"loc":{"start":{"line":132,"column":4},"end":{"line":143,"column":5}},"type":"if","locations":[{"start":{"line":132,"column":4},"end":{"line":143,"column":5}},{"start":{},"end":{}}],"line":132},"21":{"loc":{"start":{"line":135,"column":8},"end":{"line":141,"column":9}},"type":"if","locations":[{"start":{"line":135,"column":8},"end":{"line":141,"column":9}},{"start":{},"end":{}}],"line":135},"22":{"loc":{"start":{"line":138,"column":12},"end":{"line":138,"column":55}},"type":"if","locations":[{"start":{"line":138,"column":12},"end":{"line":138,"column":55}},{"start":{},"end":{}}],"line":138},"23":{"loc":{"start":{"line":151,"column":4},"end":{"line":151,"column":58}},"type":"if","locations":[{"start":{"line":151,"column":4},"end":{"line":151,"column":58}},{"start":{},"end":{}}],"line":151},"24":{"loc":{"start":{"line":154,"column":17},"end":{"line":154,"column":49}},"type":"binary-expr","locations":[{"start":{"line":154,"column":17},"end":{"line":154,"column":43}},{"start":{"line":154,"column":47},"end":{"line":154,"column":49}}],"line":154},"25":{"loc":{"start":{"line":165,"column":31},"end":{"line":165,"column":70}},"type":"binary-expr","locations":[{"start":{"line":165,"column":31},"end":{"line":165,"column":65}},{"start":{"line":165,"column":69},"end":{"line":165,"column":70}}],"line":165},"26":{"loc":{"start":{"line":171,"column":6},"end":{"line":177,"column":7}},"type":"if","locations":[{"start":{"line":171,"column":6},"end":{"line":177,"column":7}},{"start":{},"end":{}}],"line":171}},"s":{"0":10,"1":10,"2":10,"3":10,"4":0,"5":0,"6":0,"7":17,"8":17,"9":2,"10":15,"11":5,"12":10,"13":8,"14":2,"15":1,"16":1,"17":1,"18":0,"19":5,"20":5,"21":0,"22":5,"23":5,"24":5,"25":5,"26":3,"27":3,"28":3,"29":3,"30":3,"31":3,"32":3,"33":0,"34":0,"35":3,"36":2,"37":3,"38":1,"39":1,"40":1,"41":2,"42":3,"43":2,"44":8,"45":8,"46":0,"47":8,"48":8,"49":8,"50":0,"51":8,"52":40,"53":8,"54":8,"55":40,"56":8,"57":6,"58":8,"59":8,"60":8,"61":1,"62":1,"63":0,"64":1,"65":1,"66":1,"67":1,"68":1,"69":1,"70":1,"71":1,"72":1,"73":1,"74":1,"75":1,"76":1,"77":1,"78":1,"79":1,"80":1,"81":1,"82":1,"83":0,"84":1,"85":1,"86":1,"87":1,"88":1,"89":1,"90":1,"91":1,"92":20,"93":20,"94":20,"95":20,"96":17,"97":20,"98":10,"99":10},"f":{"0":10,"1":17,"2":5,"3":0,"4":3,"5":2,"6":8,"7":40,"8":40,"9":1,"10":1,"11":1,"12":1,"13":1,"14":1,"15":20,"16":10,"17":10},"b":{"0":[10,0],"1":[0,10],"2":[4],"3":[2,15],"4":[17,16],"5":[5,10],"6":[8,2],"7":[1,1],"8":[1,0],"9":[0,5],"10":[5,0],"11":[3,2],"12":[0,3],"13":[2,1],"14":[1,0],"15":[0,8],"16":[0,8],"17":[6,2],"18":[0,1],"19":[1,0],"20":[1,0],"21":[1,0],"22":[1,0],"23":[0,1],"24":[1,0],"25":[1,0],"26":[20,0]},"_coverageSchema":"1a1c01bbd47fc00a2c39e90264f33305004495a9","hash":"e8218541aff14debcaae7f9c2fa040ee5f3212a1"}
,"/Users/karimmeguenni-tani/BodyOrthox/bodyorthox-rn/src/core/database/init.ts": {"path":"/Users/karimmeguenni-tani/BodyOrthox/bodyorthox-rn/src/core/database/init.ts","statementMap":{"0":{"start":{"line":9,"column":28},"end":{"line":9,"column":32}},"1":{"start":{"line":12,"column":2},"end":{"line":12,"column":22}},"2":{"start":{"line":12,"column":11},"end":{"line":12,"column":22}},"3":{"start":{"line":15,"column":4},"end":{"line":17,"column":36}},"4":{"start":{"line":19,"column":2},"end":{"line":19,"column":67}},"5":{"start":{"line":20,"column":2},"end":{"line":20,"column":25}},"6":{"start":{"line":22,"column":2},"end":{"line":22,"column":78}},"7":{"start":{"line":23,"column":2},"end":{"line":23,"column":78}},"8":{"start":{"line":25,"column":2},"end":{"line":25,"column":13}},"9":{"start":{"line":29,"column":2},"end":{"line":29,"column":90}},"10":{"start":{"line":29,"column":12},"end":{"line":29,"column":90}},"11":{"start":{"line":30,"column":2},"end":{"line":30,"column":13}}},"fnMap":{"0":{"name":"initializeDatabase","decl":{"start":{"line":11,"column":22},"end":{"line":11,"column":40}},"loc":{"start":{"line":11,"column":63},"end":{"line":26,"column":1}},"line":11},"1":{"name":"getDatabase","decl":{"start":{"line":28,"column":16},"end":{"line":28,"column":27}},"loc":{"start":{"line":28,"column":41},"end":{"line":31,"column":1}},"line":28}},"branchMap":{"0":{"loc":{"start":{"line":12,"column":2},"end":{"line":12,"column":22}},"type":"if","locations":[{"start":{"line":12,"column":2},"end":{"line":12,"column":22}},{"start":{},"end":{}}],"line":12},"1":{"loc":{"start":{"line":15,"column":4},"end":{"line":17,"column":36}},"type":"cond-expr","locations":[{"start":{"line":16,"column":8},"end":{"line":16,"column":33}},{"start":{"line":17,"column":8},"end":{"line":17,"column":36}}],"line":15},"2":{"loc":{"start":{"line":29,"column":2},"end":{"line":29,"column":90}},"type":"if","locations":[{"start":{"line":29,"column":2},"end":{"line":29,"column":90}},{"start":{},"end":{}}],"line":29}},"s":{"0":0,"1":0,"2":0,"3":0,"4":0,"5":0,"6":0,"7":0,"8":0,"9":0,"10":0,"11":0},"f":{"0":0,"1":0},"b":{"0":[0,0],"1":[0,0],"2":[0,0]}}
,"/Users/karimmeguenni-tani/BodyOrthox/bodyorthox-rn/src/core/database/schema.ts": {"path":"/Users/karimmeguenni-tani/BodyOrthox/bodyorthox-rn/src/core/database/schema.ts","statementMap":{"0":{"start":{"line":6,"column":37},"end":{"line":14,"column":1}},"1":{"start":{"line":16,"column":37},"end":{"line":28,"column":1}},"2":{"start":{"line":30,"column":40},"end":{"line":32,"column":1}},"3":{"start":{"line":34,"column":43},"end":{"line":37,"column":1}},"4":{"start":{"line":39,"column":30},"end":{"line":44,"column":1}}},"fnMap":{},"branchMap":{},"s":{"0":1,"1":1,"2":1,"3":1,"4":1},"f":{},"b":{},"_coverageSchema":"1a1c01bbd47fc00a2c39e90264f33305004495a9","hash":"2158ec7470aa88455c75211e2f9e6ca5f9729787"}
,"/Users/karimmeguenni-tani/BodyOrthox/bodyorthox-rn/src/core/legal/legal-constants.ts": {"path":"/Users/karimmeguenni-tani/BodyOrthox/bodyorthox-rn/src/core/legal/legal-constants.ts","statementMap":{"0":{"start":{"line":6,"column":31},"end":{"line":12,"column":10}}},"fnMap":{},"branchMap":{},"s":{"0":4},"f":{},"b":{},"_coverageSchema":"1a1c01bbd47fc00a2c39e90264f33305004495a9","hash":"f6e70fd98e04e9efedc3d5e9f4bf30e8a23bd259"}
,"/Users/karimmeguenni-tani/BodyOrthox/bodyorthox-rn/src/core/notifications/notification-service.native.ts": {"path":"/Users/karimmeguenni-tani/BodyOrthox/bodyorthox-rn/src/core/notifications/notification-service.native.ts","statementMap":{"0":{"start":{"line":14,"column":33},"end":{"line":14,"column":38}},"1":{"start":{"line":17,"column":4},"end":{"line":19,"column":5}},"2":{"start":{"line":18,"column":6},"end":{"line":18,"column":32}},"3":{"start":{"line":21,"column":4},"end":{"line":21,"column":37}},"4":{"start":{"line":23,"column":4},"end":{"line":31,"column":5}},"5":{"start":{"line":24,"column":23},"end":{"line":24,"column":56}},"6":{"start":{"line":25,"column":6},"end":{"line":28,"column":8}},"7":{"start":{"line":30,"column":6},"end":{"line":30,"column":19}},"8":{"start":{"line":35,"column":4},"end":{"line":43,"column":5}},"9":{"start":{"line":36,"column":23},"end":{"line":36,"column":62}},"10":{"start":{"line":37,"column":6},"end":{"line":40,"column":8}},"11":{"start":{"line":42,"column":6},"end":{"line":42,"column":19}},"12":{"start":{"line":50,"column":22},"end":{"line":50,"column":46}},"13":{"start":{"line":51,"column":4},"end":{"line":53,"column":5}},"14":{"start":{"line":52,"column":6},"end":{"line":52,"column":77}},"15":{"start":{"line":55,"column":4},"end":{"line":67,"column":5}},"16":{"start":{"line":56,"column":19},"end":{"line":56,"column":70}},"17":{"start":{"line":57,"column":6},"end":{"line":60,"column":9}},"18":{"start":{"line":61,"column":6},"end":{"line":61,"column":28}},"19":{"start":{"line":63,"column":6},"end":{"line":66,"column":8}},"20":{"start":{"line":72,"column":2},"end":{"line":72,"column":41}}},"fnMap":{"0":{"name":"(anonymous_0)","decl":{"start":{"line":16,"column":2},"end":{"line":16,"column":3}},"loc":{"start":{"line":16,"column":46},"end":{"line":32,"column":3}},"line":16},"1":{"name":"(anonymous_1)","decl":{"start":{"line":34,"column":2},"end":{"line":34,"column":3}},"loc":{"start":{"line":34,"column":40},"end":{"line":44,"column":3}},"line":34},"2":{"name":"(anonymous_2)","decl":{"start":{"line":46,"column":2},"end":{"line":46,"column":3}},"loc":{"start":{"line":49,"column":33},"end":{"line":68,"column":3}},"line":49},"3":{"name":"createNotificationService","decl":{"start":{"line":71,"column":16},"end":{"line":71,"column":41}},"loc":{"start":{"line":71,"column":66},"end":{"line":73,"column":1}},"line":71}},"branchMap":{"0":{"loc":{"start":{"line":17,"column":4},"end":{"line":19,"column":5}},"type":"if","locations":[{"start":{"line":17,"column":4},"end":{"line":19,"column":5}},{"start":{},"end":{}}],"line":17},"1":{"loc":{"start":{"line":26,"column":8},"end":{"line":27,"column":72}},"type":"binary-expr","locations":[{"start":{"line":26,"column":8},"end":{"line":26,"column":71}},{"start":{"line":27,"column":8},"end":{"line":27,"column":72}}],"line":26},"2":{"loc":{"start":{"line":38,"column":8},"end":{"line":39,"column":72}},"type":"binary-expr","locations":[{"start":{"line":38,"column":8},"end":{"line":38,"column":71}},{"start":{"line":39,"column":8},"end":{"line":39,"column":72}}],"line":38},"3":{"loc":{"start":{"line":51,"column":4},"end":{"line":53,"column":5}},"type":"if","locations":[{"start":{"line":51,"column":4},"end":{"line":53,"column":5}},{"start":{},"end":{}}],"line":51},"4":{"loc":{"start":{"line":65,"column":15},"end":{"line":65,"column":69}},"type":"cond-expr","locations":[{"start":{"line":65,"column":38},"end":{"line":65,"column":49}},{"start":{"line":65,"column":52},"end":{"line":65,"column":69}}],"line":65}},"s":{"0":12,"1":6,"2":1,"3":5,"4":5,"5":5,"6":4,"7":1,"8":7,"9":7,"10":6,"11":1,"12":3,"13":3,"14":1,"15":2,"16":2,"17":2,"18":1,"19":1,"20":0},"f":{"0":6,"1":7,"2":3,"3":0},"b":{"0":[1,5],"1":[4,2],"2":[6,2],"3":[1,2],"4":[1,0]},"_coverageSchema":"1a1c01bbd47fc00a2c39e90264f33305004495a9","hash":"0786d4e5c9022adb1944dea42991821d3688db96"}
,"/Users/karimmeguenni-tani/BodyOrthox/bodyorthox-rn/src/core/notifications/notification-service.web.ts": {"path":"/Users/karimmeguenni-tani/BodyOrthox/bodyorthox-rn/src/core/notifications/notification-service.web.ts","statementMap":{"0":{"start":{"line":13,"column":33},"end":{"line":13,"column":38}},"1":{"start":{"line":16,"column":4},"end":{"line":18,"column":5}},"2":{"start":{"line":17,"column":6},"end":{"line":17,"column":32}},"3":{"start":{"line":20,"column":4},"end":{"line":22,"column":5}},"4":{"start":{"line":21,"column":6},"end":{"line":21,"column":19}},"5":{"start":{"line":24,"column":4},"end":{"line":24,"column":37}},"6":{"start":{"line":26,"column":4},"end":{"line":31,"column":5}},"7":{"start":{"line":27,"column":21},"end":{"line":27,"column":59}},"8":{"start":{"line":28,"column":6},"end":{"line":28,"column":34}},"9":{"start":{"line":30,"column":6},"end":{"line":30,"column":19}},"10":{"start":{"line":35,"column":4},"end":{"line":37,"column":5}},"11":{"start":{"line":36,"column":6},"end":{"line":36,"column":19}},"12":{"start":{"line":38,"column":4},"end":{"line":38,"column":49}},"13":{"start":{"line":45,"column":4},"end":{"line":50,"column":5}},"14":{"start":{"line":46,"column":6},"end":{"line":49,"column":8}},"15":{"start":{"line":52,"column":22},"end":{"line":52,"column":46}},"16":{"start":{"line":53,"column":4},"end":{"line":55,"column":5}},"17":{"start":{"line":54,"column":6},"end":{"line":54,"column":77}},"18":{"start":{"line":57,"column":4},"end":{"line":66,"column":5}},"19":{"start":{"line":58,"column":19},"end":{"line":58,"column":70}},"20":{"start":{"line":59,"column":6},"end":{"line":59,"column":53}},"21":{"start":{"line":60,"column":6},"end":{"line":60,"column":28}},"22":{"start":{"line":62,"column":6},"end":{"line":65,"column":8}},"23":{"start":{"line":71,"column":2},"end":{"line":71,"column":38}}},"fnMap":{"0":{"name":"(anonymous_0)","decl":{"start":{"line":15,"column":2},"end":{"line":15,"column":3}},"loc":{"start":{"line":15,"column":46},"end":{"line":32,"column":3}},"line":15},"1":{"name":"(anonymous_1)","decl":{"start":{"line":34,"column":2},"end":{"line":34,"column":3}},"loc":{"start":{"line":34,"column":40},"end":{"line":39,"column":3}},"line":34},"2":{"name":"(anonymous_2)","decl":{"start":{"line":41,"column":2},"end":{"line":41,"column":3}},"loc":{"start":{"line":44,"column":33},"end":{"line":67,"column":3}},"line":44},"3":{"name":"createNotificationService","decl":{"start":{"line":70,"column":16},"end":{"line":70,"column":41}},"loc":{"start":{"line":70,"column":66},"end":{"line":72,"column":1}},"line":70}},"branchMap":{"0":{"loc":{"start":{"line":16,"column":4},"end":{"line":18,"column":5}},"type":"if","locations":[{"start":{"line":16,"column":4},"end":{"line":18,"column":5}},{"start":{},"end":{}}],"line":16},"1":{"loc":{"start":{"line":20,"column":4},"end":{"line":22,"column":5}},"type":"if","locations":[{"start":{"line":20,"column":4},"end":{"line":22,"column":5}},{"start":{},"end":{}}],"line":20},"2":{"loc":{"start":{"line":35,"column":4},"end":{"line":37,"column":5}},"type":"if","locations":[{"start":{"line":35,"column":4},"end":{"line":37,"column":5}},{"start":{},"end":{}}],"line":35},"3":{"loc":{"start":{"line":45,"column":4},"end":{"line":50,"column":5}},"type":"if","locations":[{"start":{"line":45,"column":4},"end":{"line":50,"column":5}},{"start":{},"end":{}}],"line":45},"4":{"loc":{"start":{"line":53,"column":4},"end":{"line":55,"column":5}},"type":"if","locations":[{"start":{"line":53,"column":4},"end":{"line":55,"column":5}},{"start":{},"end":{}}],"line":53},"5":{"loc":{"start":{"line":64,"column":15},"end":{"line":64,"column":69}},"type":"cond-expr","locations":[{"start":{"line":64,"column":38},"end":{"line":64,"column":49}},{"start":{"line":64,"column":52},"end":{"line":64,"column":69}}],"line":64}},"s":{"0":15,"1":5,"2":1,"3":4,"4":1,"5":3,"6":3,"7":3,"8":3,"9":0,"10":7,"11":1,"12":6,"13":4,"14":1,"15":3,"16":3,"17":1,"18":2,"19":2,"20":2,"21":1,"22":1,"23":0},"f":{"0":5,"1":7,"2":4,"3":0},"b":{"0":[1,4],"1":[1,3],"2":[1,6],"3":[1,3],"4":[1,2],"5":[1,0]},"_coverageSchema":"1a1c01bbd47fc00a2c39e90264f33305004495a9","hash":"804163d3670a608142f6d9a7a9ff46f3b6e579df"}
,"/Users/karimmeguenni-tani/BodyOrthox/bodyorthox-rn/src/core/notifications/notification-types.ts": {"path":"/Users/karimmeguenni-tani/BodyOrthox/bodyorthox-rn/src/core/notifications/notification-types.ts","statementMap":{},"fnMap":{},"branchMap":{},"s":{},"f":{},"b":{}}
,"/Users/karimmeguenni-tani/BodyOrthox/bodyorthox-rn/src/core/notifications/notification-utils.ts": {"path":"/Users/karimmeguenni-tani/BodyOrthox/bodyorthox-rn/src/core/notifications/notification-utils.ts","statementMap":{"0":{"start":{"line":14,"column":15},"end":{"line":14,"column":42}},"1":{"start":{"line":15,"column":14},"end":{"line":15,"column":40}},"2":{"start":{"line":16,"column":16},"end":{"line":16,"column":44}},"3":{"start":{"line":17,"column":2},"end":{"line":17,"column":102}},"4":{"start":{"line":20,"column":34},"end":{"line":20,"column":49}}},"fnMap":{"0":{"name":"formatAnalysisNotificationBody","decl":{"start":{"line":10,"column":16},"end":{"line":10,"column":46}},"loc":{"start":{"line":13,"column":10},"end":{"line":18,"column":1}},"line":13}},"branchMap":{},"s":{"0":7,"1":7,"2":7,"3":7,"4":1},"f":{"0":7},"b":{},"_coverageSchema":"1a1c01bbd47fc00a2c39e90264f33305004495a9","hash":"c804e0ddd6d3bca56ff0b02a86c61fb81d43c50d"}
,"/Users/karimmeguenni-tani/BodyOrthox/bodyorthox-rn/src/features/capture/components/guided-camera-overlay.tsx": {"path":"/Users/karimmeguenni-tani/BodyOrthox/bodyorthox-rn/src/features/capture/components/guided-camera-overlay.tsx","statementMap":{"0":{"start":{"line":21,"column":2},"end":{"line":63,"column":4}},"1":{"start":{"line":66,"column":15},"end":{"line":151,"column":2}}},"fnMap":{"0":{"name":"GuidedCameraOverlay","decl":{"start":{"line":15,"column":16},"end":{"line":15,"column":35}},"loc":{"start":{"line":20,"column":29},"end":{"line":64,"column":1}},"line":20}},"branchMap":{"0":{"loc":{"start":{"line":26,"column":9},"end":{"line":31,"column":9}},"type":"binary-expr","locations":[{"start":{"line":26,"column":9},"end":{"line":26,"column":35}},{"start":{"line":27,"column":10},"end":{"line":30,"column":17}}],"line":26},"1":{"loc":{"start":{"line":36,"column":47},"end":{"line":36,"column":96}},"type":"binary-expr","locations":[{"start":{"line":36,"column":47},"end":{"line":36,"column":65}},{"start":{"line":36,"column":69},"end":{"line":36,"column":96}}],"line":36},"2":{"loc":{"start":{"line":38,"column":9},"end":{"line":44,"column":9}},"type":"binary-expr","locations":[{"start":{"line":38,"column":9},"end":{"line":38,"column":27}},{"start":{"line":39,"column":10},"end":{"line":43,"column":17}}],"line":38},"3":{"loc":{"start":{"line":54,"column":9},"end":{"line":56,"column":9}},"type":"binary-expr","locations":[{"start":{"line":54,"column":9},"end":{"line":54,"column":36}},{"start":{"line":55,"column":10},"end":{"line":55,"column":75}}],"line":54},"4":{"loc":{"start":{"line":58,"column":9},"end":{"line":60,"column":9}},"type":"binary-expr","locations":[{"start":{"line":58,"column":9},"end":{"line":58,"column":31}},{"start":{"line":59,"column":10},"end":{"line":59,"column":66}}],"line":58}},"s":{"0":8,"1":1},"f":{"0":8},"b":{"0":[8,1],"1":[8,1],"2":[8,1],"3":[8,1],"4":[8,1]},"_coverageSchema":"1a1c01bbd47fc00a2c39e90264f33305004495a9","hash":"54ae480f700074a72c86661d025a1f707760ca86"}
,"/Users/karimmeguenni-tani/BodyOrthox/bodyorthox-rn/src/features/capture/components/luminosity-indicator.tsx": {"path":"/Users/karimmeguenni-tani/BodyOrthox/bodyorthox-rn/src/features/capture/components/luminosity-indicator.tsx","statementMap":{"0":{"start":{"line":15,"column":2},"end":{"line":15,"column":83}},"1":{"start":{"line":15,"column":18},"end":{"line":15,"column":83}},"2":{"start":{"line":16,"column":2},"end":{"line":16,"column":80}},"3":{"start":{"line":16,"column":18},"end":{"line":16,"column":80}},"4":{"start":{"line":17,"column":2},"end":{"line":17,"column":88}},"5":{"start":{"line":17,"column":19},"end":{"line":17,"column":88}},"6":{"start":{"line":18,"column":2},"end":{"line":18,"column":65}},"7":{"start":{"line":22,"column":17},"end":{"line":22,"column":43}},"8":{"start":{"line":24,"column":2},"end":{"line":29,"column":4}},"9":{"start":{"line":32,"column":15},"end":{"line":50,"column":2}}},"fnMap":{"0":{"name":"getLuminosityStatus","decl":{"start":{"line":10,"column":9},"end":{"line":10,"column":28}},"loc":{"start":{"line":14,"column":2},"end":{"line":19,"column":1}},"line":14},"1":{"name":"LuminosityIndicator","decl":{"start":{"line":21,"column":16},"end":{"line":21,"column":35}},"loc":{"start":{"line":21,"column":73},"end":{"line":30,"column":1}},"line":21}},"branchMap":{"0":{"loc":{"start":{"line":15,"column":2},"end":{"line":15,"column":83}},"type":"if","locations":[{"start":{"line":15,"column":2},"end":{"line":15,"column":83}},{"start":{},"end":{}}],"line":15},"1":{"loc":{"start":{"line":16,"column":2},"end":{"line":16,"column":80}},"type":"if","locations":[{"start":{"line":16,"column":2},"end":{"line":16,"column":80}},{"start":{},"end":{}}],"line":16},"2":{"loc":{"start":{"line":17,"column":2},"end":{"line":17,"column":88}},"type":"if","locations":[{"start":{"line":17,"column":2},"end":{"line":17,"column":88}},{"start":{},"end":{}}],"line":17}},"s":{"0":17,"1":2,"2":15,"3":2,"4":13,"5":2,"6":11,"7":17,"8":17,"9":2},"f":{"0":17,"1":17},"b":{"0":[2,15],"1":[2,13],"2":[2,11]},"_coverageSchema":"1a1c01bbd47fc00a2c39e90264f33305004495a9","hash":"3123b05c77e941ec6d49e22dccd404987146c35d"}
,"/Users/karimmeguenni-tani/BodyOrthox/bodyorthox-rn/src/features/capture/components/photo-upload.tsx": {"path":"/Users/karimmeguenni-tani/BodyOrthox/bodyorthox-rn/src/features/capture/components/photo-upload.tsx","statementMap":{"0":{"start":{"line":11,"column":19},"end":{"line":11,"column":56}},"1":{"start":{"line":13,"column":2},"end":{"line":47,"column":24}},"2":{"start":{"line":14,"column":4},"end":{"line":14,"column":38}},"3":{"start":{"line":14,"column":31},"end":{"line":14,"column":38}},"4":{"start":{"line":16,"column":18},"end":{"line":16,"column":49}},"5":{"start":{"line":17,"column":4},"end":{"line":17,"column":24}},"6":{"start":{"line":18,"column":4},"end":{"line":18,"column":29}},"7":{"start":{"line":19,"column":4},"end":{"line":19,"column":33}},"8":{"start":{"line":20,"column":4},"end":{"line":20,"column":37}},"9":{"start":{"line":21,"column":4},"end":{"line":21,"column":29}},"10":{"start":{"line":23,"column":25},"end":{"line":36,"column":5}},"11":{"start":{"line":24,"column":19},"end":{"line":24,"column":35}},"12":{"start":{"line":25,"column":6},"end":{"line":25,"column":24}},"13":{"start":{"line":25,"column":17},"end":{"line":25,"column":24}},"14":{"start":{"line":27,"column":21},"end":{"line":27,"column":37}},"15":{"start":{"line":28,"column":6},"end":{"line":33,"column":8}},"16":{"start":{"line":29,"column":23},"end":{"line":29,"column":39}},"17":{"start":{"line":30,"column":8},"end":{"line":32,"column":9}},"18":{"start":{"line":31,"column":10},"end":{"line":31,"column":34}},"19":{"start":{"line":34,"column":6},"end":{"line":34,"column":33}},"20":{"start":{"line":35,"column":6},"end":{"line":35,"column":23}},"21":{"start":{"line":38,"column":4},"end":{"line":38,"column":51}},"22":{"start":{"line":40,"column":4},"end":{"line":46,"column":6}},"23":{"start":{"line":41,"column":6},"end":{"line":41,"column":56}},"24":{"start":{"line":42,"column":6},"end":{"line":44,"column":7}},"25":{"start":{"line":43,"column":8},"end":{"line":43,"column":41}},"26":{"start":{"line":45,"column":6},"end":{"line":45,"column":30}},"27":{"start":{"line":49,"column":22},"end":{"line":51,"column":8}},"28":{"start":{"line":50,"column":4},"end":{"line":50,"column":30}},"29":{"start":{"line":53,"column":2},"end":{"line":55,"column":3}},"30":{"start":{"line":54,"column":4},"end":{"line":54,"column":16}},"31":{"start":{"line":57,"column":2},"end":{"line":66,"column":4}},"32":{"start":{"line":69,"column":15},"end":{"line":83,"column":2}}},"fnMap":{"0":{"name":"PhotoUpload","decl":{"start":{"line":10,"column":16},"end":{"line":10,"column":27}},"loc":{"start":{"line":10,"column":67},"end":{"line":67,"column":1}},"line":10},"1":{"name":"(anonymous_1)","decl":{"start":{"line":13,"column":12},"end":{"line":13,"column":13}},"loc":{"start":{"line":13,"column":18},"end":{"line":47,"column":3}},"line":13},"2":{"name":"(anonymous_2)","decl":{"start":{"line":23,"column":25},"end":{"line":23,"column":26}},"loc":{"start":{"line":23,"column":31},"end":{"line":36,"column":5}},"line":23},"3":{"name":"(anonymous_3)","decl":{"start":{"line":28,"column":22},"end":{"line":28,"column":23}},"loc":{"start":{"line":28,"column":29},"end":{"line":33,"column":7}},"line":28},"4":{"name":"(anonymous_4)","decl":{"start":{"line":40,"column":11},"end":{"line":40,"column":12}},"loc":{"start":{"line":40,"column":17},"end":{"line":46,"column":5}},"line":40},"5":{"name":"(anonymous_5)","decl":{"start":{"line":49,"column":34},"end":{"line":49,"column":35}},"loc":{"start":{"line":49,"column":40},"end":{"line":51,"column":3}},"line":49}},"branchMap":{"0":{"loc":{"start":{"line":14,"column":4},"end":{"line":14,"column":38}},"type":"if","locations":[{"start":{"line":14,"column":4},"end":{"line":14,"column":38}},{"start":{},"end":{}}],"line":14},"1":{"loc":{"start":{"line":25,"column":6},"end":{"line":25,"column":24}},"type":"if","locations":[{"start":{"line":25,"column":6},"end":{"line":25,"column":24}},{"start":{},"end":{}}],"line":25},"2":{"loc":{"start":{"line":30,"column":8},"end":{"line":32,"column":9}},"type":"if","locations":[{"start":{"line":30,"column":8},"end":{"line":32,"column":9}},{"start":{},"end":{}}],"line":30},"3":{"loc":{"start":{"line":42,"column":6},"end":{"line":44,"column":7}},"type":"if","locations":[{"start":{"line":42,"column":6},"end":{"line":44,"column":7}},{"start":{},"end":{}}],"line":42},"4":{"loc":{"start":{"line":53,"column":2},"end":{"line":55,"column":3}},"type":"if","locations":[{"start":{"line":53,"column":2},"end":{"line":55,"column":3}},{"start":{},"end":{}}],"line":53}},"s":{"0":0,"1":0,"2":0,"3":0,"4":0,"5":0,"6":0,"7":0,"8":0,"9":0,"10":0,"11":0,"12":0,"13":0,"14":0,"15":0,"16":0,"17":0,"18":0,"19":0,"20":0,"21":0,"22":0,"23":0,"24":0,"25":0,"26":0,"27":0,"28":0,"29":0,"30":0,"31":0,"32":0},"f":{"0":0,"1":0,"2":0,"3":0,"4":0,"5":0},"b":{"0":[0,0],"1":[0,0],"2":[0,0],"3":[0,0],"4":[0,0]}}
,"/Users/karimmeguenni-tani/BodyOrthox/bodyorthox-rn/src/features/capture/components/web-camera.tsx": {"path":"/Users/karimmeguenni-tani/BodyOrthox/bodyorthox-rn/src/features/capture/components/web-camera.tsx","statementMap":{"0":{"start":{"line":22,"column":25},"end":{"line":127,"column":1}},"1":{"start":{"line":24,"column":25},"end":{"line":24,"column":43}},"2":{"start":{"line":25,"column":21},"end":{"line":25,"column":58}},"3":{"start":{"line":26,"column":22},"end":{"line":26,"column":54}},"4":{"start":{"line":27,"column":30},"end":{"line":27,"column":59}},"5":{"start":{"line":29,"column":22},"end":{"line":41,"column":10}},"6":{"start":{"line":30,"column":20},"end":{"line":30,"column":36}},"7":{"start":{"line":31,"column":6},"end":{"line":31,"column":54}},"8":{"start":{"line":31,"column":42},"end":{"line":31,"column":54}},"9":{"start":{"line":33,"column":21},"end":{"line":33,"column":53}},"10":{"start":{"line":34,"column":6},"end":{"line":34,"column":38}},"11":{"start":{"line":35,"column":6},"end":{"line":35,"column":40}},"12":{"start":{"line":36,"column":18},"end":{"line":36,"column":41}},"13":{"start":{"line":37,"column":6},"end":{"line":37,"column":28}},"14":{"start":{"line":37,"column":16},"end":{"line":37,"column":28}},"15":{"start":{"line":39,"column":6},"end":{"line":39,"column":62}},"16":{"start":{"line":40,"column":6},"end":{"line":40,"column":49}},"17":{"start":{"line":43,"column":4},"end":{"line":43,"column":65}},"18":{"start":{"line":43,"column":36},"end":{"line":43,"column":49}},"19":{"start":{"line":46,"column":34},"end":{"line":46,"column":60}},"20":{"start":{"line":47,"column":23},"end":{"line":47,"column":38}},"21":{"start":{"line":48,"column":4},"end":{"line":48,"column":55}},"22":{"start":{"line":49,"column":4},"end":{"line":49,"column":33}},"23":{"start":{"line":51,"column":4},"end":{"line":104,"column":11}},"24":{"start":{"line":52,"column":6},"end":{"line":52,"column":40}},"25":{"start":{"line":52,"column":33},"end":{"line":52,"column":40}},"26":{"start":{"line":54,"column":24},"end":{"line":54,"column":73}},"27":{"start":{"line":55,"column":6},"end":{"line":55,"column":29}},"28":{"start":{"line":55,"column":22},"end":{"line":55,"column":29}},"29":{"start":{"line":57,"column":20},"end":{"line":57,"column":51}},"30":{"start":{"line":58,"column":6},"end":{"line":58,"column":28}},"31":{"start":{"line":59,"column":6},"end":{"line":59,"column":31}},"32":{"start":{"line":60,"column":6},"end":{"line":60,"column":25}},"33":{"start":{"line":61,"column":6},"end":{"line":61,"column":33}},"34":{"start":{"line":62,"column":6},"end":{"line":62,"column":34}},"35":{"start":{"line":63,"column":6},"end":{"line":63,"column":38}},"36":{"start":{"line":64,"column":6},"end":{"line":64,"column":43}},"37":{"start":{"line":65,"column":6},"end":{"line":65,"column":35}},"38":{"start":{"line":66,"column":6},"end":{"line":66,"column":31}},"39":{"start":{"line":68,"column":6},"end":{"line":92,"column":11}},"40":{"start":{"line":77,"column":10},"end":{"line":77,"column":37}},"41":{"start":{"line":78,"column":10},"end":{"line":78,"column":35}},"42":{"start":{"line":79,"column":10},"end":{"line":81,"column":12}},"43":{"start":{"line":80,"column":12},"end":{"line":80,"column":35}},"44":{"start":{"line":85,"column":12},"end":{"line":89,"column":50}},"45":{"start":{"line":90,"column":10},"end":{"line":90,"column":28}},"46":{"start":{"line":91,"column":10},"end":{"line":91,"column":51}},"47":{"start":{"line":94,"column":6},"end":{"line":103,"column":8}},"48":{"start":{"line":95,"column":8},"end":{"line":98,"column":9}},"49":{"start":{"line":96,"column":10},"end":{"line":96,"column":65}},"50":{"start":{"line":96,"column":55},"end":{"line":96,"column":63}},"51":{"start":{"line":97,"column":10},"end":{"line":97,"column":35}},"52":{"start":{"line":99,"column":8},"end":{"line":99,"column":32}},"53":{"start":{"line":100,"column":8},"end":{"line":102,"column":9}},"54":{"start":{"line":101,"column":10},"end":{"line":101,"column":39}},"55":{"start":{"line":106,"column":4},"end":{"line":108,"column":5}},"56":{"start":{"line":107,"column":6},"end":{"line":107,"column":18}},"57":{"start":{"line":110,"column":4},"end":{"line":117,"column":5}},"58":{"start":{"line":111,"column":6},"end":{"line":116,"column":8}},"59":{"start":{"line":119,"column":4},"end":{"line":125,"column":6}},"60":{"start":{"line":129,"column":15},"end":{"line":146,"column":2}}},"fnMap":{"0":{"name":"WebCamera","decl":{"start":{"line":23,"column":11},"end":{"line":23,"column":20}},"loc":{"start":{"line":23,"column":59},"end":{"line":126,"column":3}},"line":23},"1":{"name":"(anonymous_1)","decl":{"start":{"line":29,"column":34},"end":{"line":29,"column":35}},"loc":{"start":{"line":29,"column":55},"end":{"line":41,"column":5}},"line":29},"2":{"name":"(anonymous_2)","decl":{"start":{"line":43,"column":29},"end":{"line":43,"column":30}},"loc":{"start":{"line":43,"column":36},"end":{"line":43,"column":49}},"line":43},"3":{"name":"(anonymous_3)","decl":{"start":{"line":51,"column":14},"end":{"line":51,"column":15}},"loc":{"start":{"line":51,"column":20},"end":{"line":104,"column":5}},"line":51},"4":{"name":"(anonymous_4)","decl":{"start":{"line":76,"column":14},"end":{"line":76,"column":15}},"loc":{"start":{"line":76,"column":26},"end":{"line":82,"column":9}},"line":76},"5":{"name":"(anonymous_5)","decl":{"start":{"line":79,"column":35},"end":{"line":79,"column":36}},"loc":{"start":{"line":79,"column":41},"end":{"line":81,"column":11}},"line":79},"6":{"name":"(anonymous_6)","decl":{"start":{"line":83,"column":15},"end":{"line":83,"column":16}},"loc":{"start":{"line":83,"column":24},"end":{"line":92,"column":9}},"line":83},"7":{"name":"(anonymous_7)","decl":{"start":{"line":94,"column":13},"end":{"line":94,"column":14}},"loc":{"start":{"line":94,"column":19},"end":{"line":103,"column":7}},"line":94},"8":{"name":"(anonymous_8)","decl":{"start":{"line":96,"column":48},"end":{"line":96,"column":49}},"loc":{"start":{"line":96,"column":55},"end":{"line":96,"column":63}},"line":96}},"branchMap":{"0":{"loc":{"start":{"line":31,"column":6},"end":{"line":31,"column":54}},"type":"if","locations":[{"start":{"line":31,"column":6},"end":{"line":31,"column":54}},{"start":{},"end":{}}],"line":31},"1":{"loc":{"start":{"line":31,"column":10},"end":{"line":31,"column":40}},"type":"binary-expr","locations":[{"start":{"line":31,"column":10},"end":{"line":31,"column":16}},{"start":{"line":31,"column":20},"end":{"line":31,"column":40}}],"line":31},"2":{"loc":{"start":{"line":37,"column":6},"end":{"line":37,"column":28}},"type":"if","locations":[{"start":{"line":37,"column":6},"end":{"line":37,"column":28}},{"start":{},"end":{}}],"line":37},"3":{"loc":{"start":{"line":52,"column":6},"end":{"line":52,"column":40}},"type":"if","locations":[{"start":{"line":52,"column":6},"end":{"line":52,"column":40}},{"start":{},"end":{}}],"line":52},"4":{"loc":{"start":{"line":55,"column":6},"end":{"line":55,"column":29}},"type":"if","locations":[{"start":{"line":55,"column":6},"end":{"line":55,"column":29}},{"start":{},"end":{}}],"line":55},"5":{"loc":{"start":{"line":85,"column":12},"end":{"line":89,"column":50}},"type":"cond-expr","locations":[{"start":{"line":86,"column":16},"end":{"line":86,"column":106}},{"start":{"line":87,"column":16},"end":{"line":89,"column":50}}],"line":85},"6":{"loc":{"start":{"line":87,"column":16},"end":{"line":89,"column":50}},"type":"cond-expr","locations":[{"start":{"line":88,"column":18},"end":{"line":88,"column":60}},{"start":{"line":89,"column":18},"end":{"line":89,"column":50}}],"line":87},"7":{"loc":{"start":{"line":95,"column":8},"end":{"line":98,"column":9}},"type":"if","locations":[{"start":{"line":95,"column":8},"end":{"line":98,"column":9}},{"start":{},"end":{}}],"line":95},"8":{"loc":{"start":{"line":100,"column":8},"end":{"line":102,"column":9}},"type":"if","locations":[{"start":{"line":100,"column":8},"end":{"line":102,"column":9}},{"start":{},"end":{}}],"line":100},"9":{"loc":{"start":{"line":106,"column":4},"end":{"line":108,"column":5}},"type":"if","locations":[{"start":{"line":106,"column":4},"end":{"line":108,"column":5}},{"start":{},"end":{}}],"line":106},"10":{"loc":{"start":{"line":110,"column":4},"end":{"line":117,"column":5}},"type":"if","locations":[{"start":{"line":110,"column":4},"end":{"line":117,"column":5}},{"start":{},"end":{}}],"line":110}},"s":{"0":0,"1":0,"2":0,"3":0,"4":0,"5":0,"6":0,"7":0,"8":0,"9":0,"10":0,"11":0,"12":0,"13":0,"14":0,"15":0,"16":0,"17":0,"18":0,"19":0,"20":0,"21":0,"22":0,"23":0,"24":0,"25":0,"26":0,"27":0,"28":0,"29":0,"30":0,"31":0,"32":0,"33":0,"34":0,"35":0,"36":0,"37":0,"38":0,"39":0,"40":0,"41":0,"42":0,"43":0,"44":0,"45":0,"46":0,"47":0,"48":0,"49":0,"50":0,"51":0,"52":0,"53":0,"54":0,"55":0,"56":0,"57":0,"58":0,"59":0,"60":0},"f":{"0":0,"1":0,"2":0,"3":0,"4":0,"5":0,"6":0,"7":0,"8":0},"b":{"0":[0,0],"1":[0,0],"2":[0,0],"3":[0,0],"4":[0,0],"5":[0,0],"6":[0,0],"7":[0,0],"8":[0,0],"9":[0,0],"10":[0,0]}}
,"/Users/karimmeguenni-tani/BodyOrthox/bodyorthox-rn/src/features/capture/data/analysis-repository.ts": {"path":"/Users/karimmeguenni-tani/BodyOrthox/bodyorthox-rn/src/features/capture/data/analysis-repository.ts","statementMap":{},"fnMap":{},"branchMap":{},"s":{},"f":{},"b":{}}
,"/Users/karimmeguenni-tani/BodyOrthox/bodyorthox-rn/src/features/capture/data/angle-calculator.ts": {"path":"/Users/karimmeguenni-tani/BodyOrthox/bodyorthox-rn/src/features/capture/data/angle-calculator.ts","statementMap":{"0":{"start":{"line":25,"column":13},"end":{"line":25,"column":43}},"1":{"start":{"line":26,"column":13},"end":{"line":26,"column":43}},"2":{"start":{"line":28,"column":14},"end":{"line":28,"column":39}},"3":{"start":{"line":29,"column":16},"end":{"line":29,"column":48}},"4":{"start":{"line":30,"column":16},"end":{"line":30,"column":48}},"5":{"start":{"line":32,"column":2},"end":{"line":32,"column":43}},"6":{"start":{"line":32,"column":34},"end":{"line":32,"column":43}},"7":{"start":{"line":34,"column":19},"end":{"line":34,"column":40}},"8":{"start":{"line":35,"column":21},"end":{"line":35,"column":56}},"9":{"start":{"line":36,"column":2},"end":{"line":36,"column":49}},"10":{"start":{"line":41,"column":14},"end":{"line":41,"column":44}},"11":{"start":{"line":42,"column":15},"end":{"line":42,"column":45}},"12":{"start":{"line":43,"column":16},"end":{"line":43,"column":46}},"13":{"start":{"line":45,"column":2},"end":{"line":45,"column":40}},"14":{"start":{"line":45,"column":31},"end":{"line":45,"column":40}},"15":{"start":{"line":46,"column":2},"end":{"line":46,"column":51}},"16":{"start":{"line":51,"column":19},"end":{"line":51,"column":49}},"17":{"start":{"line":52,"column":14},"end":{"line":52,"column":44}},"18":{"start":{"line":53,"column":15},"end":{"line":53,"column":45}},"19":{"start":{"line":55,"column":2},"end":{"line":55,"column":43}},"20":{"start":{"line":55,"column":34},"end":{"line":55,"column":43}},"21":{"start":{"line":56,"column":2},"end":{"line":56,"column":54}},"22":{"start":{"line":61,"column":15},"end":{"line":61,"column":45}},"23":{"start":{"line":62,"column":16},"end":{"line":62,"column":46}},"24":{"start":{"line":63,"column":15},"end":{"line":63,"column":45}},"25":{"start":{"line":65,"column":2},"end":{"line":65,"column":41}},"26":{"start":{"line":65,"column":32},"end":{"line":65,"column":41}},"27":{"start":{"line":66,"column":2},"end":{"line":66,"column":52}},"28":{"start":{"line":70,"column":21},"end":{"line":70,"column":53}},"29":{"start":{"line":71,"column":23},"end":{"line":73,"column":23}},"30":{"start":{"line":72,"column":14},"end":{"line":72,"column":43}},"31":{"start":{"line":73,"column":17},"end":{"line":73,"column":22}},"32":{"start":{"line":75,"column":2},"end":{"line":75,"column":42}},"33":{"start":{"line":75,"column":33},"end":{"line":75,"column":42}},"34":{"start":{"line":76,"column":2},"end":{"line":76,"column":75}},"35":{"start":{"line":76,"column":41},"end":{"line":76,"column":48}}},"fnMap":{"0":{"name":"angleBetweenThreePoints","decl":{"start":{"line":24,"column":9},"end":{"line":24,"column":32}},"loc":{"start":{"line":24,"column":80},"end":{"line":37,"column":1}},"line":24},"1":{"name":"calculateKneeAngle","decl":{"start":{"line":39,"column":16},"end":{"line":39,"column":34}},"loc":{"start":{"line":39,"column":69},"end":{"line":47,"column":1}},"line":39},"2":{"name":"calculateHipAngle","decl":{"start":{"line":49,"column":16},"end":{"line":49,"column":33}},"loc":{"start":{"line":49,"column":68},"end":{"line":57,"column":1}},"line":49},"3":{"name":"calculateAnkleAngle","decl":{"start":{"line":59,"column":16},"end":{"line":59,"column":35}},"loc":{"start":{"line":59,"column":70},"end":{"line":67,"column":1}},"line":59},"4":{"name":"calculateConfidenceScore","decl":{"start":{"line":69,"column":16},"end":{"line":69,"column":40}},"loc":{"start":{"line":69,"column":75},"end":{"line":77,"column":1}},"line":69},"5":{"name":"(anonymous_5)","decl":{"start":{"line":72,"column":9},"end":{"line":72,"column":10}},"loc":{"start":{"line":72,"column":14},"end":{"line":72,"column":43}},"line":72},"6":{"name":"(anonymous_6)","decl":{"start":{"line":73,"column":12},"end":{"line":73,"column":13}},"loc":{"start":{"line":73,"column":17},"end":{"line":73,"column":22}},"line":73},"7":{"name":"(anonymous_7)","decl":{"start":{"line":76,"column":29},"end":{"line":76,"column":30}},"loc":{"start":{"line":76,"column":41},"end":{"line":76,"column":48}},"line":76}},"branchMap":{"0":{"loc":{"start":{"line":32,"column":2},"end":{"line":32,"column":43}},"type":"if","locations":[{"start":{"line":32,"column":2},"end":{"line":32,"column":43}},{"start":{},"end":{}}],"line":32},"1":{"loc":{"start":{"line":32,"column":6},"end":{"line":32,"column":32}},"type":"binary-expr","locations":[{"start":{"line":32,"column":6},"end":{"line":32,"column":17}},{"start":{"line":32,"column":21},"end":{"line":32,"column":32}}],"line":32},"2":{"loc":{"start":{"line":41,"column":14},"end":{"line":41,"column":44}},"type":"binary-expr","locations":[{"start":{"line":41,"column":14},"end":{"line":41,"column":27}},{"start":{"line":41,"column":31},"end":{"line":41,"column":44}}],"line":41},"3":{"loc":{"start":{"line":42,"column":15},"end":{"line":42,"column":45}},"type":"binary-expr","locations":[{"start":{"line":42,"column":15},"end":{"line":42,"column":28}},{"start":{"line":42,"column":32},"end":{"line":42,"column":45}}],"line":42},"4":{"loc":{"start":{"line":43,"column":16},"end":{"line":43,"column":46}},"type":"binary-expr","locations":[{"start":{"line":43,"column":16},"end":{"line":43,"column":29}},{"start":{"line":43,"column":33},"end":{"line":43,"column":46}}],"line":43},"5":{"loc":{"start":{"line":45,"column":2},"end":{"line":45,"column":40}},"type":"if","locations":[{"start":{"line":45,"column":2},"end":{"line":45,"column":40}},{"start":{},"end":{}}],"line":45},"6":{"loc":{"start":{"line":45,"column":6},"end":{"line":45,"column":29}},"type":"binary-expr","locations":[{"start":{"line":45,"column":6},"end":{"line":45,"column":10}},{"start":{"line":45,"column":14},"end":{"line":45,"column":19}},{"start":{"line":45,"column":23},"end":{"line":45,"column":29}}],"line":45},"7":{"loc":{"start":{"line":51,"column":19},"end":{"line":51,"column":49}},"type":"binary-expr","locations":[{"start":{"line":51,"column":19},"end":{"line":51,"column":32}},{"start":{"line":51,"column":36},"end":{"line":51,"column":49}}],"line":51},"8":{"loc":{"start":{"line":52,"column":14},"end":{"line":52,"column":44}},"type":"binary-expr","locations":[{"start":{"line":52,"column":14},"end":{"line":52,"column":27}},{"start":{"line":52,"column":31},"end":{"line":52,"column":44}}],"line":52},"9":{"loc":{"start":{"line":53,"column":15},"end":{"line":53,"column":45}},"type":"binary-expr","locations":[{"start":{"line":53,"column":15},"end":{"line":53,"column":28}},{"start":{"line":53,"column":32},"end":{"line":53,"column":45}}],"line":53},"10":{"loc":{"start":{"line":55,"column":2},"end":{"line":55,"column":43}},"type":"if","locations":[{"start":{"line":55,"column":2},"end":{"line":55,"column":43}},{"start":{},"end":{}}],"line":55},"11":{"loc":{"start":{"line":55,"column":6},"end":{"line":55,"column":32}},"type":"binary-expr","locations":[{"start":{"line":55,"column":6},"end":{"line":55,"column":15}},{"start":{"line":55,"column":19},"end":{"line":55,"column":23}},{"start":{"line":55,"column":27},"end":{"line":55,"column":32}}],"line":55},"12":{"loc":{"start":{"line":61,"column":15},"end":{"line":61,"column":45}},"type":"binary-expr","locations":[{"start":{"line":61,"column":15},"end":{"line":61,"column":28}},{"start":{"line":61,"column":32},"end":{"line":61,"column":45}}],"line":61},"13":{"loc":{"start":{"line":62,"column":16},"end":{"line":62,"column":46}},"type":"binary-expr","locations":[{"start":{"line":62,"column":16},"end":{"line":62,"column":29}},{"start":{"line":62,"column":33},"end":{"line":62,"column":46}}],"line":62},"14":{"loc":{"start":{"line":63,"column":15},"end":{"line":63,"column":45}},"type":"binary-expr","locations":[{"start":{"line":63,"column":15},"end":{"line":63,"column":28}},{"start":{"line":63,"column":32},"end":{"line":63,"column":45}}],"line":63},"15":{"loc":{"start":{"line":65,"column":2},"end":{"line":65,"column":41}},"type":"if","locations":[{"start":{"line":65,"column":2},"end":{"line":65,"column":41}},{"start":{},"end":{}}],"line":65},"16":{"loc":{"start":{"line":65,"column":6},"end":{"line":65,"column":30}},"type":"binary-expr","locations":[{"start":{"line":65,"column":6},"end":{"line":65,"column":11}},{"start":{"line":65,"column":15},"end":{"line":65,"column":21}},{"start":{"line":65,"column":25},"end":{"line":65,"column":30}}],"line":65},"17":{"loc":{"start":{"line":72,"column":14},"end":{"line":72,"column":43}},"type":"binary-expr","locations":[{"start":{"line":72,"column":14},"end":{"line":72,"column":38}},{"start":{"line":72,"column":42},"end":{"line":72,"column":43}}],"line":72},"18":{"loc":{"start":{"line":75,"column":2},"end":{"line":75,"column":42}},"type":"if","locations":[{"start":{"line":75,"column":2},"end":{"line":75,"column":42}},{"start":{},"end":{}}],"line":75}},"s":{"0":24,"1":24,"2":24,"3":24,"4":24,"5":24,"6":0,"7":24,"8":24,"9":24,"10":11,"11":11,"12":11,"13":11,"14":1,"15":10,"16":8,"17":8,"18":8,"19":8,"20":1,"21":7,"22":8,"23":8,"24":8,"25":8,"26":1,"27":7,"28":13,"29":13,"30":104,"31":104,"32":13,"33":3,"34":10,"35":51},"f":{"0":24,"1":11,"2":8,"3":8,"4":13,"5":104,"6":104,"7":51},"b":{"0":[0,24],"1":[24,24],"2":[11,2],"3":[11,2],"4":[11,2],"5":[1,10],"6":[11,10,10],"7":[8,1],"8":[8,1],"9":[8,1],"10":[1,7],"11":[8,7,7],"12":[8,1],"13":[8,1],"14":[8,1],"15":[1,7],"16":[8,7,7],"17":[104,50],"18":[3,10]},"_coverageSchema":"1a1c01bbd47fc00a2c39e90264f33305004495a9","hash":"25a2496e3f4131eb13b39aa282babeb2d63a5f7a"}
,"/Users/karimmeguenni-tani/BodyOrthox/bodyorthox-rn/src/features/capture/data/pose-detector.native.ts": {"path":"/Users/karimmeguenni-tani/BodyOrthox/bodyorthox-rn/src/features/capture/data/pose-detector.native.ts","statementMap":{"0":{"start":{"line":17,"column":4},"end":{"line":19,"column":6}},"1":{"start":{"line":23,"column":4},"end":{"line":23,"column":17}},"2":{"start":{"line":32,"column":37},"end":{"line":32,"column":41}},"3":{"start":{"line":35,"column":2},"end":{"line":37,"column":3}},"4":{"start":{"line":36,"column":4},"end":{"line":36,"column":40}},"5":{"start":{"line":38,"column":2},"end":{"line":38,"column":18}}},"fnMap":{"0":{"name":"(anonymous_0)","decl":{"start":{"line":12,"column":2},"end":{"line":12,"column":3}},"loc":{"start":{"line":12,"column":36},"end":{"line":14,"column":3}},"line":12},"1":{"name":"(anonymous_1)","decl":{"start":{"line":16,"column":2},"end":{"line":16,"column":3}},"loc":{"start":{"line":16,"column":68},"end":{"line":20,"column":3}},"line":16},"2":{"name":"(anonymous_2)","decl":{"start":{"line":22,"column":2},"end":{"line":22,"column":3}},"loc":{"start":{"line":22,"column":21},"end":{"line":24,"column":3}},"line":22},"3":{"name":"(anonymous_3)","decl":{"start":{"line":26,"column":2},"end":{"line":26,"column":3}},"loc":{"start":{"line":26,"column":18},"end":{"line":28,"column":3}},"line":26},"4":{"name":"getPoseDetector","decl":{"start":{"line":34,"column":16},"end":{"line":34,"column":31}},"loc":{"start":{"line":34,"column":49},"end":{"line":39,"column":1}},"line":34}},"branchMap":{"0":{"loc":{"start":{"line":35,"column":2},"end":{"line":37,"column":3}},"type":"if","locations":[{"start":{"line":35,"column":2},"end":{"line":37,"column":3}},{"start":{},"end":{}}],"line":35}},"s":{"0":0,"1":0,"2":0,"3":0,"4":0,"5":0},"f":{"0":0,"1":0,"2":0,"3":0,"4":0},"b":{"0":[0,0]}}
,"/Users/karimmeguenni-tani/BodyOrthox/bodyorthox-rn/src/features/capture/data/pose-detector.ts": {"path":"/Users/karimmeguenni-tani/BodyOrthox/bodyorthox-rn/src/features/capture/data/pose-detector.ts","statementMap":{},"fnMap":{},"branchMap":{},"s":{},"f":{},"b":{}}
,"/Users/karimmeguenni-tani/BodyOrthox/bodyorthox-rn/src/features/capture/data/pose-detector.web.ts": {"path":"/Users/karimmeguenni-tani/BodyOrthox/bodyorthox-rn/src/features/capture/data/pose-detector.web.ts","statementMap":{"0":{"start":{"line":21,"column":2},"end":{"line":21,"column":69}},"1":{"start":{"line":24,"column":2},"end":{"line":24,"column":129}},"2":{"start":{"line":27,"column":25},"end":{"line":27,"column":74}},"3":{"start":{"line":30,"column":23},"end":{"line":30,"column":26}},"4":{"start":{"line":39,"column":32},"end":{"line":39,"column":34}},"5":{"start":{"line":40,"column":2},"end":{"line":49,"column":3}},"6":{"start":{"line":41,"column":15},"end":{"line":41,"column":29}},"7":{"start":{"line":42,"column":4},"end":{"line":48,"column":5}},"8":{"start":{"line":43,"column":6},"end":{"line":47,"column":8}},"9":{"start":{"line":50,"column":2},"end":{"line":50,"column":16}},"10":{"start":{"line":59,"column":23},"end":{"line":62,"column":3}},"11":{"start":{"line":64,"column":2},"end":{"line":66,"column":4}},"12":{"start":{"line":65,"column":4},"end":{"line":65,"column":75}},"13":{"start":{"line":65,"column":25},"end":{"line":65,"column":74}},"14":{"start":{"line":70,"column":50},"end":{"line":70,"column":54}},"15":{"start":{"line":71,"column":46},"end":{"line":71,"column":50}},"16":{"start":{"line":72,"column":18},"end":{"line":72,"column":23}},"17":{"start":{"line":75,"column":4},"end":{"line":75,"column":27}},"18":{"start":{"line":75,"column":20},"end":{"line":75,"column":27}},"19":{"start":{"line":76,"column":4},"end":{"line":76,"column":50}},"20":{"start":{"line":76,"column":26},"end":{"line":76,"column":50}},"21":{"start":{"line":78,"column":4},"end":{"line":78,"column":43}},"22":{"start":{"line":79,"column":4},"end":{"line":79,"column":28}},"23":{"start":{"line":83,"column":4},"end":{"line":113,"column":5}},"24":{"start":{"line":84,"column":21},"end":{"line":84,"column":67}},"25":{"start":{"line":86,"column":6},"end":{"line":105,"column":7}},"26":{"start":{"line":87,"column":8},"end":{"line":94,"column":11}},"27":{"start":{"line":97,"column":8},"end":{"line":104,"column":11}},"28":{"start":{"line":107,"column":6},"end":{"line":107,"column":24}},"29":{"start":{"line":109,"column":6},"end":{"line":109,"column":30}},"30":{"start":{"line":110,"column":6},"end":{"line":112,"column":8}},"31":{"start":{"line":117,"column":4},"end":{"line":119,"column":5}},"32":{"start":{"line":118,"column":6},"end":{"line":118,"column":80}},"33":{"start":{"line":121,"column":18},"end":{"line":121,"column":52}},"34":{"start":{"line":122,"column":4},"end":{"line":147,"column":5}},"35":{"start":{"line":123,"column":21},"end":{"line":123,"column":54}},"36":{"start":{"line":125,"column":6},"end":{"line":129,"column":7}},"37":{"start":{"line":126,"column":8},"end":{"line":128,"column":10}},"38":{"start":{"line":131,"column":24},"end":{"line":131,"column":69}},"39":{"start":{"line":133,"column":6},"end":{"line":137,"column":7}},"40":{"start":{"line":134,"column":8},"end":{"line":136,"column":10}},"41":{"start":{"line":139,"column":30},"end":{"line":139,"column":65}},"42":{"start":{"line":141,"column":6},"end":{"line":141,"column":44}},"43":{"start":{"line":144,"column":6},"end":{"line":144,"column":26}},"44":{"start":{"line":145,"column":6},"end":{"line":145,"column":27}},"45":{"start":{"line":146,"column":6},"end":{"line":146,"column":21}},"46":{"start":{"line":151,"column":4},"end":{"line":151,"column":33}},"47":{"start":{"line":152,"column":4},"end":{"line":152,"column":31}},"48":{"start":{"line":153,"column":4},"end":{"line":153,"column":23}},"49":{"start":{"line":154,"column":4},"end":{"line":154,"column":28}},"50":{"start":{"line":158,"column":4},"end":{"line":158,"column":22}},"51":{"start":{"line":162,"column":4},"end":{"line":168,"column":7}},"52":{"start":{"line":163,"column":18},"end":{"line":163,"column":29}},"53":{"start":{"line":164,"column":6},"end":{"line":164,"column":38}},"54":{"start":{"line":164,"column":25},"end":{"line":164,"column":37}},"55":{"start":{"line":165,"column":6},"end":{"line":166,"column":75}},"56":{"start":{"line":166,"column":8},"end":{"line":166,"column":74}},"57":{"start":{"line":167,"column":6},"end":{"line":167,"column":24}},"58":{"start":{"line":174,"column":4},"end":{"line":174,"column":19}},"59":{"start":{"line":175,"column":4},"end":{"line":175,"column":38}},"60":{"start":{"line":180,"column":37},"end":{"line":180,"column":41}},"61":{"start":{"line":183,"column":2},"end":{"line":185,"column":3}},"62":{"start":{"line":184,"column":4},"end":{"line":184,"column":43}},"63":{"start":{"line":186,"column":2},"end":{"line":186,"column":18}}},"fnMap":{"0":{"name":"mediapipeToPoseLandmarks","decl":{"start":{"line":36,"column":16},"end":{"line":36,"column":40}},"loc":{"start":{"line":38,"column":17},"end":{"line":51,"column":1}},"line":38},"1":{"name":"hasValidPose","decl":{"start":{"line":57,"column":16},"end":{"line":57,"column":28}},"loc":{"start":{"line":57,"column":64},"end":{"line":67,"column":1}},"line":57},"2":{"name":"(anonymous_2)","decl":{"start":{"line":64,"column":27},"end":{"line":64,"column":28}},"loc":{"start":{"line":65,"column":4},"end":{"line":65,"column":75}},"line":65},"3":{"name":"(anonymous_3)","decl":{"start":{"line":65,"column":18},"end":{"line":65,"column":19}},"loc":{"start":{"line":65,"column":25},"end":{"line":65,"column":74}},"line":65},"4":{"name":"(anonymous_4)","decl":{"start":{"line":74,"column":2},"end":{"line":74,"column":3}},"loc":{"start":{"line":74,"column":36},"end":{"line":80,"column":3}},"line":74},"5":{"name":"(anonymous_5)","decl":{"start":{"line":82,"column":2},"end":{"line":82,"column":3}},"loc":{"start":{"line":82,"column":46},"end":{"line":114,"column":3}},"line":82},"6":{"name":"(anonymous_6)","decl":{"start":{"line":116,"column":2},"end":{"line":116,"column":3}},"loc":{"start":{"line":116,"column":67},"end":{"line":148,"column":3}},"line":116},"7":{"name":"(anonymous_7)","decl":{"start":{"line":150,"column":2},"end":{"line":150,"column":3}},"loc":{"start":{"line":150,"column":18},"end":{"line":155,"column":3}},"line":150},"8":{"name":"(anonymous_8)","decl":{"start":{"line":157,"column":2},"end":{"line":157,"column":3}},"loc":{"start":{"line":157,"column":21},"end":{"line":159,"column":3}},"line":157},"9":{"name":"(anonymous_9)","decl":{"start":{"line":161,"column":2},"end":{"line":161,"column":3}},"loc":{"start":{"line":161,"column":64},"end":{"line":169,"column":3}},"line":161},"10":{"name":"(anonymous_10)","decl":{"start":{"line":162,"column":23},"end":{"line":162,"column":24}},"loc":{"start":{"line":162,"column":44},"end":{"line":168,"column":5}},"line":162},"11":{"name":"(anonymous_11)","decl":{"start":{"line":164,"column":19},"end":{"line":164,"column":20}},"loc":{"start":{"line":164,"column":25},"end":{"line":164,"column":37}},"line":164},"
[...]
,"/Users/karimmeguenni-tani/BodyOrthox/bodyorthox-rn/src/navigation/app-navigator.tsx": {"path":"/Users/karimmeguenni-tani/BodyOrthox/bodyorthox-rn/src/navigation/app-navigator.tsx","statementMap":{"0":{"start":{"line":19,"column":14},"end":{"line":19,"column":62}},"1":{"start":{"line":21,"column":22},"end":{"line":26,"column":10}},"2":{"start":{"line":29,"column":26},"end":{"line":29,"column":70}},"3":{"start":{"line":29,"column":52},"end":{"line":29,"column":69}},"4":{"start":{"line":30,"column":32},"end":{"line":30,"column":72}},"5":{"start":{"line":30,"column":58},"end":{"line":30,"column":71}},"6":{"start":{"line":31,"column":20},"end":{"line":31,"column":58}},"7":{"start":{"line":31,"column":46},"end":{"line":31,"column":57}},"8":{"start":{"line":33,"column":2},"end":{"line":35,"column":24}},"9":{"start":{"line":34,"column":4},"end":{"line":34,"column":22}},"10":{"start":{"line":38,"column":2},"end":{"line":48,"column":3}},"11":{"start":{"line":39,"column":4},"end":{"line":47,"column":6}},"12":{"start":{"line":50,"column":2},"end":{"line":103,"column":4}}},"fnMap":{"0":{"name":"AppNavigator","decl":{"start":{"line":28,"column":16},"end":{"line":28,"column":28}},"loc":{"start":{"line":28,"column":31},"end":{"line":104,"column":1}},"line":28},"1":{"name":"(anonymous_1)","decl":{"start":{"line":29,"column":45},"end":{"line":29,"column":46}},"loc":{"start":{"line":29,"column":52},"end":{"line":29,"column":69}},"line":29},"2":{"name":"(anonymous_2)","decl":{"start":{"line":30,"column":51},"end":{"line":30,"column":52}},"loc":{"start":{"line":30,"column":58},"end":{"line":30,"column":71}},"line":30},"3":{"name":"(anonymous_3)","decl":{"start":{"line":31,"column":39},"end":{"line":31,"column":40}},"loc":{"start":{"line":31,"column":46},"end":{"line":31,"column":57}},"line":31},"4":{"name":"(anonymous_4)","decl":{"start":{"line":33,"column":12},"end":{"line":33,"column":13}},"loc":{"start":{"line":33,"column":18},"end":{"line":35,"column":3}},"line":33}},"branchMap":{"0":{"loc":{"start":{"line":38,"column":2},"end":{"line":48,"column":3}},"type":"if","locations":[{"start":{"line":38,"column":2},"end":{"line":48,"column":3}},{"start":{},"end":{}}],"line":38},"1":{"loc":{"start":{"line":57,"column":7},"end":{"line":63,"column":7}},"type":"binary-expr","locations":[{"start":{"line":57,"column":7},"end":{"line":57,"column":29}},{"start":{"line":58,"column":8},"end":{"line":62,"column":10}}],"line":57},"2":{"loc":{"start":{"line":84,"column":23},"end":{"line":84,"column":69}},"type":"cond-expr","locations":[{"start":{"line":84,"column":47},"end":{"line":84,"column":57}},{"start":{"line":84,"column":60},"end":{"line":84,"column":69}}],"line":84}},"s":{"0":0,"1":0,"2":0,"3":0,"4":0,"5":0,"6":0,"7":0,"8":0,"9":0,"10":0,"11":0,"12":0},"f":{"0":0,"1":0,"2":0,"3":0,"4":0},"b":{"0":[0,0],"1":[0,0],"2":[0,0]}}
,"/Users/karimmeguenni-tani/BodyOrthox/bodyorthox-rn/src/navigation/types.ts": {"path":"/Users/karimmeguenni-tani/BodyOrthox/bodyorthox-rn/src/navigation/types.ts","statementMap":{},"fnMap":{},"branchMap":{},"s":{},"f":{},"b":{}}
,"/Users/karimmeguenni-tani/BodyOrthox/bodyorthox-rn/src/shared/components/biometric-lock-screen-screen.tsx": {"path":"/Users/karimmeguenni-tani/BodyOrthox/bodyorthox-rn/src/shared/components/biometric-lock-screen-screen.tsx","statementMap":{"0":{"start":{"line":12,"column":21},"end":{"line":12,"column":41}},"1":{"start":{"line":13,"column":58},"end":{"line":13,"column":76}},"2":{"start":{"line":14,"column":32},"end":{"line":14,"column":72}},"3":{"start":{"line":14,"column":58},"end":{"line":14,"column":71}},"4":{"start":{"line":16,"column":2},"end":{"line":24,"column":54}},"5":{"start":{"line":17,"column":4},"end":{"line":23,"column":5}},"6":{"start":{"line":18,"column":6},"end":{"line":22,"column":7}},"7":{"start":{"line":19,"column":8},"end":{"line":19,"column":41}},"8":{"start":{"line":21,"column":8},"end":{"line":21,"column":39}},"9":{"start":{"line":26,"column":23},"end":{"line":28,"column":3}},"10":{"start":{"line":27,"column":4},"end":{"line":27,"column":19}},"11":{"start":{"line":30,"column":2},"end":{"line":36,"column":4}}},"fnMap":{"0":{"name":"BiometricLockScreen_Screen","decl":{"start":{"line":11,"column":16},"end":{"line":11,"column":42}},"loc":{"start":{"line":11,"column":45},"end":{"line":37,"column":1}},"line":11},"1":{"name":"(anonymous_1)","decl":{"start":{"line":14,"column":51},"end":{"line":14,"column":52}},"loc":{"start":{"line":14,"column":58},"end":{"line":14,"column":71}},"line":14},"2":{"name":"(anonymous_2)","decl":{"start":{"line":16,"column":12},"end":{"line":16,"column":13}},"loc":{"start":{"line":16,"column":18},"end":{"line":24,"column":3}},"line":16},"3":{"name":"(anonymous_3)","decl":{"start":{"line":26,"column":23},"end":{"line":26,"column":24}},"loc":{"start":{"line":26,"column":35},"end":{"line":28,"column":3}},"line":26}},"branchMap":{"0":{"loc":{"start":{"line":17,"column":4},"end":{"line":23,"column":5}},"type":"if","locations":[{"start":{"line":17,"column":4},"end":{"line":23,"column":5}},{"start":{},"end":{}}],"line":17},"1":{"loc":{"start":{"line":18,"column":6},"end":{"line":22,"column":7}},"type":"if","locations":[{"start":{"line":18,"column":6},"end":{"line":22,"column":7}},{"start":{"line":20,"column":13},"end":{"line":22,"column":7}}],"line":18}},"s":{"0":0,"1":0,"2":0,"3":0,"4":0,"5":0,"6":0,"7":0,"8":0,"9":0,"10":0,"11":0},"f":{"0":0,"1":0,"2":0,"3":0},"b":{"0":[0,0],"1":[0,0]}}
,"/Users/karimmeguenni-tani/BodyOrthox/bodyorthox-rn/src/shared/components/biometric-lock-screen.tsx": {"path":"/Users/karimmeguenni-tani/BodyOrthox/bodyorthox-rn/src/shared/components/biometric-lock-screen.tsx","statementMap":{"0":{"start":{"line":24,"column":22},"end":{"line":28,"column":34}},"1":{"start":{"line":25,"column":4},"end":{"line":27,"column":5}},"2":{"start":{"line":26,"column":6},"end":{"line":26,"column":17}},"3":{"start":{"line":30,"column":2},"end":{"line":63,"column":4}},"4":{"start":{"line":66,"column":15},"end":{"line":123,"column":2}}},"fnMap":{"0":{"name":"BiometricLockScreen","decl":{"start":{"line":19,"column":16},"end":{"line":19,"column":35}},"loc":{"start":{"line":23,"column":29},"end":{"line":64,"column":1}},"line":23},"1":{"name":"(anonymous_1)","decl":{"start":{"line":24,"column":34},"end":{"line":24,"column":35}},"loc":{"start":{"line":24,"column":40},"end":{"line":28,"column":3}},"line":24}},"branchMap":{"0":{"loc":{"start":{"line":25,"column":4},"end":{"line":27,"column":5}},"type":"if","locations":[{"start":{"line":25,"column":4},"end":{"line":27,"column":5}},{"start":{},"end":{}}],"line":25},"1":{"loc":{"start":{"line":39,"column":9},"end":{"line":43,"column":9}},"type":"binary-expr","locations":[{"start":{"line":39,"column":9},"end":{"line":39,"column":14}},{"start":{"line":40,"column":10},"end":{"line":42,"column":17}}],"line":39},"2":{"loc":{"start":{"line":46,"column":33},"end":{"line":46,"column":74}},"type":"binary-expr","locations":[{"start":{"line":46,"column":33},"end":{"line":46,"column":49}},{"start":{"line":46,"column":53},"end":{"line":46,"column":74}}],"line":46},"3":{"loc":{"start":{"line":54,"column":13},"end":{"line":58,"column":36}},"type":"cond-expr","locations":[{"start":{"line":55,"column":16},"end":{"line":55,"column":37}},{"start":{"line":56,"column":16},"end":{"line":58,"column":36}}],"line":54},"4":{"loc":{"start":{"line":56,"column":16},"end":{"line":58,"column":36}},"type":"cond-expr","locations":[{"start":{"line":57,"column":16},"end":{"line":57,"column":36}},{"start":{"line":58,"column":16},"end":{"line":58,"column":36}}],"line":56}},"s":{"0":8,"1":1,"2":1,"3":8,"4":1},"f":{"0":8,"1":1},"b":{"0":[1,0],"1":[8,1],"2":[8,2],"3":[2,6],"4":[6,0]},"_coverageSchema":"1a1c01bbd47fc00a2c39e90264f33305004495a9","hash":"fdbb9a9d4d8412bab32ca1ed43ac0d15ea40fe39"}
,"/Users/karimmeguenni-tani/BodyOrthox/bodyorthox-rn/src/shared/components/error-widget.tsx": {"path":"/Users/karimmeguenni-tani/BodyOrthox/bodyorthox-rn/src/shared/components/error-widget.tsx","statementMap":{"0":{"start":{"line":14,"column":2},"end":{"line":25,"column":4}},"1":{"start":{"line":28,"column":15},"end":{"line":60,"column":2}}},"fnMap":{"0":{"name":"ErrorWidget","decl":{"start":{"line":13,"column":16},"end":{"line":13,"column":27}},"loc":{"start":{"line":13,"column":103},"end":{"line":26,"column":1}},"line":13}},"branchMap":{"0":{"loc":{"start":{"line":13,"column":48},"end":{"line":13,"column":81}},"type":"default-arg","locations":[{"start":{"line":13,"column":56},"end":{"line":13,"column":81}}],"line":13},"1":{"loc":{"start":{"line":19,"column":7},"end":{"line":23,"column":7}},"type":"binary-expr","locations":[{"start":{"line":19,"column":7},"end":{"line":19,"column":14}},{"start":{"line":20,"column":8},"end":{"line":22,"column":27}}],"line":19}},"s":{"0":19,"1":5},"f":{"0":19},"b":{"0":[18],"1":[19,11]},"_coverageSchema":"1a1c01bbd47fc00a2c39e90264f33305004495a9","hash":"80fe1291463ec36e9c6cfe15f951295d245a1ac3"}
,"/Users/karimmeguenni-tani/BodyOrthox/bodyorthox-rn/src/shared/components/loading-spinner.tsx": {"path":"/Users/karimmeguenni-tani/BodyOrthox/bodyorthox-rn/src/shared/components/loading-spinner.tsx","statementMap":{"0":{"start":{"line":14,"column":2},"end":{"line":19,"column":4}},"1":{"start":{"line":22,"column":15},"end":{"line":37,"column":2}}},"fnMap":{"0":{"name":"LoadingSpinner","decl":{"start":{"line":13,"column":16},"end":{"line":13,"column":30}},"loc":{"start":{"line":13,"column":101},"end":{"line":20,"column":1}},"line":13}},"branchMap":{"0":{"loc":{"start":{"line":13,"column":42},"end":{"line":13,"column":56}},"type":"default-arg","locations":[{"start":{"line":13,"column":49},"end":{"line":13,"column":56}}],"line":13},"1":{"loc":{"start":{"line":13,"column":58},"end":{"line":13,"column":76}},"type":"default-arg","locations":[{"start":{"line":13,"column":71},"end":{"line":13,"column":76}}],"line":13},"2":{"loc":{"start":{"line":15,"column":36},"end":{"line":15,"column":67}},"type":"binary-expr","locations":[{"start":{"line":15,"column":36},"end":{"line":15,"column":46}},{"start":{"line":15,"column":50},"end":{"line":15,"column":67}}],"line":15},"3":{"loc":{"start":{"line":17,"column":7},"end":{"line":17,"column":87}},"type":"binary-expr","locations":[{"start":{"line":17,"column":7},"end":{"line":17,"column":14}},{"start":{"line":17,"column":18},"end":{"line":17,"column":87}}],"line":17}},"s":{"0":184,"1":7},"f":{"0":184},"b":{"0":[183],"1":[39],"2":[184,145],"3":[184,129]},"_coverageSchema":"1a1c01bbd47fc00a2c39e90264f33305004495a9","hash":"68c5b3c857ad942b7dba45aebe9114a1dfc7c7ee"}
,"/Users/karimmeguenni-tani/BodyOrthox/bodyorthox-rn/src/shared/design-system/colors.ts": {"path":"/Users/karimmeguenni-tani/BodyOrthox/bodyorthox-rn/src/shared/design-system/colors.ts","statementMap":{"0":{"start":{"line":5,"column":22},"end":{"line":48,"column":10}}},"fnMap":{},"branchMap":{},"s":{"0":21},"f":{},"b":{},"_coverageSchema":"1a1c01bbd47fc00a2c39e90264f33305004495a9","hash":"af81161994162979d06d672317ed9f7831c162e7"}
,"/Users/karimmeguenni-tani/BodyOrthox/bodyorthox-rn/src/shared/design-system/spacing.ts": {"path":"/Users/karimmeguenni-tani/BodyOrthox/bodyorthox-rn/src/shared/design-system/spacing.ts","statementMap":{"0":{"start":{"line":4,"column":23},"end":{"line":13,"column":10}},"1":{"start":{"line":15,"column":28},"end":{"line":21,"column":10}},"2":{"start":{"line":23,"column":24},"end":{"line":28,"column":10}}},"fnMap":{},"branchMap":{},"s":{"0":18,"1":18,"2":18},"f":{},"b":{},"_coverageSchema":"1a1c01bbd47fc00a2c39e90264f33305004495a9","hash":"85b3c87d676e3055ce7ded8a665fdf20dd1507bc"}
,"/Users/karimmeguenni-tani/BodyOrthox/bodyorthox-rn/src/shared/design-system/typography.ts": {"path":"/Users/karimmeguenni-tani/BodyOrthox/bodyorthox-rn/src/shared/design-system/typography.ts","statementMap":{"0":{"start":{"line":4,"column":24},"end":{"line":12,"column":10}},"1":{"start":{"line":14,"column":26},"end":{"line":19,"column":10}},"2":{"start":{"line":21,"column":26},"end":{"line":72,"column":2}}},"fnMap":{},"branchMap":{},"s":{"0":14,"1":14,"2":14},"f":{},"b":{},"_coverageSchema":"1a1c01bbd47fc00a2c39e90264f33305004495a9","hash":"2aa899fe8527fb8d22e6925cc3ddfd3d2e6b2607"}
,"/Users/karimmeguenni-tani/BodyOrthox/bodyorthox-rn/src/shared/hooks/use-platform.ts": {"path":"/Users/karimmeguenni-tani/BodyOrthox/bodyorthox-rn/src/shared/hooks/use-platform.ts","statementMap":{"0":{"start":{"line":4,"column":26},"end":{"line":4,"column":29}},"1":{"start":{"line":24,"column":28},"end":{"line":24,"column":49}},"2":{"start":{"line":26,"column":2},"end":{"line":34,"column":4}}},"fnMap":{"0":{"name":"usePlatform","decl":{"start":{"line":23,"column":16},"end":{"line":23,"column":27}},"loc":{"start":{"line":23,"column":44},"end":{"line":35,"column":1}},"line":23}},"branchMap":{},"s":{"0":4,"1":191,"2":191},"f":{"0":191},"b":{},"_coverageSchema":"1a1c01bbd47fc00a2c39e90264f33305004495a9","hash":"dbc514e4c81d4fde91c57154a43c4147c18c3315"}
,"/Users/karimmeguenni-tani/BodyOrthox/bodyorthox-rn/src/shared/hooks/use-responsive-style.ts": {"path":"/Users/karimmeguenni-tani/BodyOrthox/bodyorthox-rn/src/shared/hooks/use-responsive-style.ts","statementMap":{"0":{"start":{"line":17,"column":23},"end":{"line":17,"column":36}},"1":{"start":{"line":19,"column":2},"end":{"line":22,"column":4}},"2":{"start":{"line":20,"column":11},"end":{"line":20,"column":40}}},"fnMap":{"0":{"name":"useResponsiveStyle","decl":{"start":{"line":13,"column":16},"end":{"line":13,"column":34}},"loc":{"start":{"line":16,"column":24},"end":{"line":23,"column":1}},"line":16},"1":{"name":"(anonymous_1)","decl":{"start":{"line":20,"column":4},"end":{"line":20,"column":5}},"loc":{"start":{"line":20,"column":11},"end":{"line":20,"column":40}},"line":20}},"branchMap":{"0":{"loc":{"start":{"line":20,"column":11},"end":{"line":20,"column":40}},"type":"cond-expr","locations":[{"start":{"line":20,"column":22},"end":{"line":20,"column":30}},{"start":{"line":20,"column":33},"end":{"line":20,"column":40}}],"line":20}},"s":{"0":4,"1":4,"2":4},"f":{"0":4,"1":4},"b":{"0":[2,2]},"_coverageSchema":"1a1c01bbd47fc00a2c39e90264f33305004495a9","hash":"8b54d992824de30ad1b54e73d4e6b09cc274e738"}
,"/Users/karimmeguenni-tani/BodyOrthox/bodyorthox-rn/src/shared/utils/date-utils.ts": {"path":"/Users/karimmeguenni-tani/BodyOrthox/bodyorthox-rn/src/shared/utils/date-utils.ts","statementMap":{"0":{"start":{"line":8,"column":2},"end":{"line":12,"column":5}},"1":{"start":{"line":17,"column":2},"end":{"line":23,"column":5}},"2":{"start":{"line":28,"column":16},"end":{"line":28,"column":26}},"3":{"start":{"line":29,"column":12},"end":{"line":29,"column":59}},"4":{"start":{"line":30,"column":20},"end":{"line":30,"column":61}},"5":{"start":{"line":31,"column":2},"end":{"line":33,"column":3}},"6":{"start":{"line":32,"column":4},"end":{"line":32,"column":10}},"7":{"start":{"line":34,"column":2},"end":{"line":34,"column":13}},"8":{"start":{"line":39,"column":2},"end":{"line":39,"column":42}},"9":{"start":{"line":44,"column":2},"end":{"line":44,"column":29}},"10":{"start":{"line":49,"column":14},"end":{"line":49,"column":24}},"11":{"start":{"line":50,"column":17},"end":{"line":50,"column":47}},"12":{"start":{"line":51,"column":19},"end":{"line":51,"column":61}},"13":{"start":{"line":52,"column":20},"end":{"line":52,"column":57}},"14":{"start":{"line":53,"column":22},"end":{"line":53,"column":54}},"15":{"start":{"line":55,"column":2},"end":{"line":55,"column":44}},"16":{"start":{"line":55,"column":23},"end":{"line":55,"column":44}},"17":{"start":{"line":56,"column":2},"end":{"line":56,"column":59}},"18":{"start":{"line":56,"column":24},"end":{"line":56,"column":59}},"19":{"start":{"line":57,"column":2},"end":{"line":57,"column":52}},"20":{"start":{"line":57,"column":22},"end":{"line":57,"column":52}},"21":{"start":{"line":58,"column":2},"end":{"line":58,"column":36}},"22":{"start":{"line":58,"column":22},"end":{"line":58,"column":36}},"23":{"start":{"line":59,"column":2},"end":{"line":59,"column":54}},"24":{"start":{"line":59,"column":20},"end":{"line":59,"column":54}},"25":{"start":{"line":60,"column":2},"end":{"line":60,"column":76}},"26":{"start":{"line":60,"column":21},"end":{"line":60,"column":76}},"27":{"start":{"line":61,"column":2},"end":{"line":61,"column":72}},"28":{"start":{"line":61,"column":22},"end":{"line":61,"column":72}},"29":{"start":{"line":62,"column":2},"end":{"line":62,"column":54}}},"fnMap":{"0":{"name":"formatDisplayDate","decl":{"start":{"line":7,"column":16},"end":{"line":7,"column":33}},"loc":{"start":{"line":7,"column":54},"end":{"line":13,"column":1}},"line":7},"1":{"name":"formatDisplayDateTime","decl":{"start":{"line":16,"column":16},"end":{"line":16,"column":37}},"loc":{"start":{"line":16,"column":58},"end":{"line":24,"column":1}},"line":16},"2":{"name":"calculateAge","decl":{"start":{"line":27,"column":16},"end":{"line":27,"column":28}},"loc":{"start":{"line":27,"column":56},"end":{"line":35,"column":1}},"line":27},"3":{"name":"toISODateString","decl":{"start":{"line":38,"column":16},"end":{"line":38,"column":31}},"loc":{"start":{"line":38,"column":52},"end":{"line":40,"column":1}},"line":38},"4":{"name":"parseISODate","decl":{"start":{"line":43,"column":16},"end":{"line":43,"column":28}},"loc":{"start":{"line":43,"column":54},"end":{"line":45,"column":1}},"line":43},"5":{"name":"formatRelativeTime","decl":{"start":{"line":48,"column":16},"end":{"line":48,"column":34}},"loc":{"start":{"line":48,"column":55},"end":{"line":63,"column":1}},"line":48}},"branchMap":{"0":{"loc":{"start":{"line":31,"column":2},"end":{"line":33,"column":3}},"type":"if","locations":[{"start":{"line":31,"column":2},"end":{"line":33,"column":3}},{"start":{},"end":{}}],"line":31},"1":{"loc":{"start":{"line":31,"column":6},"end":{"line":31,"column":83}},"type":"binary-expr","locations":[{"start":{"line":31,"column":6},"end":{"line":31,"column":19}},{"start":{"line":31,"column":24},"end":{"line":31,"column":39}},{"start":{"line":31,"column":43},"end":{"line":31,"column":82}}],"line":31},"2":{"loc":{"start":{"line":55,"column":2},"end":{"line":55,"column":44}},"type":"if","locations":[{"start":{"line":55,"column":2},"end":{"line":55,"column":44}},{"start":{},"end":{}}],"line":55},"3":{"loc":{"start":{"line":56,"column":2},"end":{"line":56,"column":59}},"type":"if","locations":[{"start":{"line":56,"column":2},"end":{"line":56,"column":59}},{"start":{},"end":{}}],"line":56},"4":{"loc":{"start":{"line":57,"column":2},"end":{"line":57,"column":52}},"type":"if","locations":[{"start":{"line":57,"column":2},"end":{"line":57,"column":52}},{"start":{},"end":{}}],"line":57},"5":{"loc":{"start":{"line":58,"column":2},"end":{"line":58,"column":36}},"type":"if","locations":[{"start":{"line":58,"column":2},"end":{"line":58,"column":36}},{"start":{},"end":{}}],"line":58},"6":{"loc":{"start":{"line":59,"column":2},"end":{"line":59,"column":54}},"type":"if","locations":[{"start":{"line":59,"column":2},"end":{"line":59,"column":54}},{"start":{},"end":{}}],"line":59},"7":{"loc":{"start":{"line":60,"column":2},"end":{"line":60,"column":76}},"type":"if","locations":[{"start":{"line":60,"column":2},"end":{"line":60,"column":76}},{"start":{},"end":{}}],"line":60},"8":{"loc":{"start":{"line":61,"column":2},"end":{"line":61,"column":72}},"type":"if","locations":[{"start":{"line":61,"column":2},"end":{"line":61,"column":72}},{"start":{},"end":{}}],"line":61}},"s":{"0":116,"1":250,"2":3,"3":3,"4":3,"5":3,"6":1,"7":3,"8":1,"9":1,"10":5,"11":5,"12":5,"13":5,"14":5,"15":5,"16":1,"17":4,"18":1,"19":3,"20":1,"21":2,"22":1,"23":1,"24":1,"25":0,"26":0,"27":0,"28":0,"29":0},"f":{"0":116,"1":250,"2":3,"3":1,"4":1,"5":5},"b":{"0":[1,2],"1":[3,3,3],"2":[1,4],"3":[1,3],"4":[1,2],"5":[1,1],"6":[1,0],"7":[0,0],"8":[0,0]},"_coverageSchema":"1a1c01bbd47fc00a2c39e90264f33305004495a9","hash":"30897dc574752aa137bc5b45874e946410170347"}
}
