TN:
SF:src/core/auth/biometric-service.native.ts
FN:7,(anonymous_0)
FN:16,(anonymous_1)
FN:37,createBiometricService
FNF:3
FNH:2
FNDA:3,(anonymous_0)
FNDA:5,(anonymous_1)
FNDA:0,createBiometricService
DA:5,8
DA:8,3
DA:9,3
DA:10,2
DA:12,1
DA:17,5
DA:18,5
DA:23,4
DA:26,2
DA:27,2
DA:29,1
DA:38,0
LF:12
LH:11
BRDA:16,0,0,4
BRDA:23,1,0,2
BRDA:23,1,1,2
BRDA:26,2,0,1
BRDA:26,2,1,1
BRDA:31,3,0,1
BRDA:31,3,1,0
BRF:7
BRH:6
end_of_record
TN:
SF:src/core/auth/biometric-service.ts
FNF:0
FNH:0
LF:0
LH:0
BRF:0
BRH:0
end_of_record
TN:
SF:src/core/auth/biometric-service.web.ts
FN:9,(anonymous_0)
FN:13,(anonymous_1)
FN:18,createBiometricService
FNF:3
FNH:2
FNDA:1,(anonymous_0)
FNDA:2,(anonymous_1)
FNDA:0,createBiometricService
DA:10,1
DA:14,2
DA:19,0
LF:3
LH:2
BRF:0
BRH:0
end_of_record
TN:
SF:src/core/auth/use-biometric-auth.ts
FN:7,getService
FN:18,useBiometricAuth
FN:22,(anonymous_2)
FN:23,checkAvailability
FN:34,(anonymous_4)
FN:54,(anonymous_5)
FNF:6
FNH:0
FNDA:0,getService
FNDA:0,useBiometricAuth
FNDA:0,(anonymous_2)
FNDA:0,checkAvailability
FNDA:0,(anonymous_4)
FNDA:0,(anonymous_5)
DA:8,0
DA:9,0
DA:10,0
DA:12,0
DA:15,0
DA:19,0
DA:20,0
DA:22,0
DA:24,0
DA:25,0
DA:26,0
DA:28,0
DA:31,0
DA:34,0
DA:35,0
DA:36,0
DA:37,0
DA:38,0
DA:39,0
DA:40,0
DA:42,0
DA:45,0
DA:50,0
DA:54,0
DA:55,0
DA:58,0
LF:26
LH:0
BRDA:8,0,0,0
BRDA:8,0,1,0
BRDA:9,1,0,0
BRDA:9,1,1,0
BRDA:26,2,0,0
BRDA:26,2,1,0
BRDA:39,3,0,0
BRDA:39,3,1,0
BRDA:42,4,0,0
BRDA:42,4,1,0
BRDA:47,5,0,0
BRDA:47,5,1,0
BRDA:60,6,0,0
BRDA:60,6,1,0
BRDA:63,7,0,0
BRDA:63,7,1,0
BRF:16
BRH:0
end_of_record
TN:
SF:src/core/config/app-config.ts
FNF:0
FNH:0
DA:12,1
DA:20,1
DA:28,1
DA:30,1
LF:4
LH:4
BRDA:30,0,0,1
BRDA:30,0,1,0
BRF:2
BRH:1
end_of_record
TN:
SF:src/core/database/database.native.ts
FN:10,(anonymous_0)
FN:12,(anonymous_1)
FN:19,(anonymous_2)
FN:34,(anonymous_3)
FN:40,createDatabase
FNF:5
FNH:0
FNDA:0,(anonymous_0)
FNDA:0,(anonymous_1)
FNDA:0,(anonymous_2)
FNDA:0,(anonymous_3)
FNDA:0,createDatabase
DA:5,0
DA:8,0
DA:13,0
DA:14,0
DA:15,0
DA:20,0
DA:22,0
DA:23,0
DA:24,0
DA:25,0
DA:27,0
DA:35,0
DA:36,0
DA:41,0
LF:14
LH:0
BRDA:19,0,0,0
BRDA:20,1,0,0
BRDA:20,1,1,0
BRF:3
BRH:0
end_of_record
TN:
SF:src/core/database/database.ts
FNF:0
FNH:0
LF:0
LH:0
BRF:0
BRH:0
end_of_record
TN:
SF:src/core/database/database.web.ts
FN:13,(anonymous_0)
FN:34,(anonymous_1)
FN:60,(anonymous_2)
FN:80,(anonymous_3)
FN:83,(anonymous_4)
FN:86,(anonymous_5)
FN:97,(anonymous_6)
FN:107,(anonymous_7)
FN:109,(anonymous_8)
FN:122,(anonymous_9)
FN:133,(anonymous_10)
FN:134,(anonymous_11)
FN:136,(anonymous_12)
FN:149,(anonymous_13)
FN:159,(anonymous_14)
FN:169,(anonymous_15)
FN:183,(anonymous_16)
FN:188,createDatabase
FNF:18
FNH:17
FNDA:10,(anonymous_0)
FNDA:17,(anonymous_1)
FNDA:5,(anonymous_2)
FNDA:0,(anonymous_3)
FNDA:3,(anonymous_4)
FNDA:2,(anonymous_5)
FNDA:8,(anonymous_6)
FNDA:40,(anonymous_7)
FNDA:40,(anonymous_8)
FNDA:1,(anonymous_9)
FNDA:1,(anonymous_10)
FNDA:1,(anonymous_11)
FNDA:1,(anonymous_12)
FNDA:1,(anonymous_13)
FNDA:1,(anonymous_14)
FNDA:20,(anonymous_15)
FNDA:10,(anonymous_16)
FNDA:10,createDatabase
DA:11,10
DA:15,10
DA:17,10
DA:20,10
DA:21,0
DA:25,0
DA:26,0
DA:35,17
DA:37,17
DA:38,2
DA:41,15
DA:42,5
DA:45,10
DA:46,8
DA:49,2
DA:50,1
DA:53,1
DA:54,1
DA:57,0
DA:61,5
DA:62,5
DA:64,5
DA:65,5
DA:68,5
DA:69,5
DA:70,3
DA:71,3
DA:72,3
DA:73,3
DA:75,3
DA:76,3
DA:78,3
DA:79,0
DA:80,0
DA:82,3
DA:83,3
DA:84,1
DA:85,1
DA:86,1
DA:87,2
DA:91,3
DA:94,2
DA:98,8
DA:99,8
DA:101,8
DA:102,8
DA:103,8
DA:105,8
DA:107,40
DA:108,8
DA:109,8
DA:110,40
DA:113,8
DA:114,6
DA:116,8
DA:117,8
DA:119,8
DA:123,1
DA:124,1
DA:126,1
DA:127,1
DA:128,1
DA:129,1
DA:131,1
DA:132,1
DA:133,1
DA:134,1
DA:135,1
DA:136,1
DA:137,1
DA:138,1
DA:140,1
DA:145,1
DA:146,1
DA:150,1
DA:151,1
DA:153,1
DA:154,1
DA:155,1
DA:156,1
DA:157,1
DA:159,1
DA:161,1
DA:163,1
DA:170,20
DA:171,20
DA:172,20
DA:173,20
DA:174,17
DA:176,20
DA:184,10
DA:189,10
LF:92
LH:86
BRDA:17,0,0,10
BRDA:17,0,1,0
BRDA:20,1,0,0
BRDA:20,1,1,10
BRDA:34,2,0,4
BRDA:37,3,0,2
BRDA:37,3,1,15
BRDA:37,4,0,17
BRDA:37,4,1,16
BRDA:41,5,0,5
BRDA:41,5,1,10
BRDA:45,6,0,8
BRDA:45,6,1,2
BRDA:49,7,0,1
BRDA:49,7,1,1
BRDA:53,8,0,1
BRDA:53,8,1,0
BRDA:62,9,0,0
BRDA:62,9,1,5
BRDA:65,10,0,5
BRDA:65,10,1,0
BRDA:69,11,0,3
BRDA:69,11,1,2
BRDA:78,12,0,0
BRDA:78,12,1,3
BRDA:82,13,0,2
BRDA:82,13,1,1
BRDA:84,14,0,1
BRDA:84,14,1,0
BRDA:99,15,0,0
BRDA:99,15,1,8
BRDA:103,16,0,0
BRDA:103,16,1,8
BRDA:113,17,0,6
BRDA:113,17,1,2
BRDA:124,18,0,0
BRDA:124,18,1,1
BRDA:127,19,0,1
BRDA:127,19,1,0
BRDA:132,20,0,1
BRDA:132,20,1,0
BRDA:135,21,0,1
BRDA:135,21,1,0
BRDA:138,22,0,1
BRDA:138,22,1,0
BRDA:151,23,0,0
BRDA:151,23,1,1
BRDA:154,24,0,1
BRDA:154,24,1,0
BRDA:165,25,0,1
BRDA:165,25,1,0
BRDA:171,26,0,20
BRDA:171,26,1,0
BRF:53
BRH:35
end_of_record
TN:
SF:src/core/database/init.ts
FN:11,initializeDatabase
FN:28,getDatabase
FNF:2
FNH:0
FNDA:0,initializeDatabase
FNDA:0,getDatabase
DA:9,0
DA:12,0
DA:15,0
DA:19,0
DA:20,0
DA:22,0
DA:23,0
DA:25,0
DA:29,0
DA:30,0
LF:10
LH:0
BRDA:12,0,0,0
BRDA:12,0,1,0
BRDA:15,1,0,0
BRDA:15,1,1,0
BRDA:29,2,0,0
BRDA:29,2,1,0
BRF:6
BRH:0
end_of_record
TN:
SF:src/core/database/schema.ts
FNF:0
FNH:0
DA:6,1
DA:16,1
DA:30,1
DA:34,1
DA:39,1
LF:5
LH:5
BRF:0
BRH:0
end_of_record
TN:
SF:src/core/legal/legal-constants.ts
FNF:0
FNH:0
DA:6,4
LF:1
LH:1
BRF:0
BRH:0
end_of_record
TN:
SF:src/core/notifications/notification-service.native.ts
FN:16,(anonymous_0)
FN:34,(anonymous_1)
FN:46,(anonymous_2)
FN:71,createNotificationService
FNF:4
FNH:3
FNDA:6,(anonymous_0)
FNDA:7,(anonymous_1)
FNDA:3,(anonymous_2)
FNDA:0,createNotificationService
DA:14,12
DA:17,6
DA:18,1
DA:21,5
DA:23,5
DA:24,5
DA:25,4
DA:30,1
DA:35,7
DA:36,7
DA:37,6
DA:42,1
DA:50,3
DA:51,3
DA:52,1
DA:55,2
DA:56,2
DA:57,2
DA:61,1
DA:63,1
DA:72,0
LF:21
LH:20
BRDA:17,0,0,1
BRDA:17,0,1,5
BRDA:26,1,0,4
BRDA:26,1,1,2
BRDA:38,2,0,6
BRDA:38,2,1,2
BRDA:51,3,0,1
BRDA:51,3,1,2
BRDA:65,4,0,1
BRDA:65,4,1,0
BRF:10
BRH:9
end_of_record
TN:
SF:src/core/notifications/notification-service.web.ts
FN:15,(anonymous_0)
FN:34,(anonymous_1)
FN:41,(anonymous_2)
FN:70,createNotificationService
FNF:4
FNH:3
FNDA:5,(anonymous_0)
FNDA:7,(anonymous_1)
FNDA:4,(anonymous_2)
FNDA:0,createNotificationService
DA:13,15
DA:16,5
DA:17,1
DA:20,4
DA:21,1
DA:24,3
DA:26,3
DA:27,3
DA:28,3
DA:30,0
DA:35,7
DA:36,1
DA:38,6
DA:45,4
DA:46,1
DA:52,3
DA:53,3
DA:54,1
DA:57,2
DA:58,2
DA:59,2
DA:60,1
DA:62,1
DA:71,0
LF:24
LH:22
BRDA:16,0,0,1
BRDA:16,0,1,4
BRDA:20,1,0,1
BRDA:20,1,1,3
BRDA:35,2,0,1
BRDA:35,2,1,6
BRDA:45,3,0,1
BRDA:45,3,1,3
BRDA:53,4,0,1
BRDA:53,4,1,2
BRDA:64,5,0,1
BRDA:64,5,1,0
BRF:12
BRH:11
end_of_record
TN:
SF:src/core/notifications/notification-types.ts
FNF:0
FNH:0
LF:0
LH:0
BRF:0
BRH:0
end_of_record
TN:
SF:src/core/notifications/notification-utils.ts
FN:10,formatAnalysisNotificationBody
FNF:1
FNH:1
FNDA:7,formatAnalysisNotificationBody
DA:14,7
DA:15,7
DA:16,7
DA:17,7
DA:20,1
LF:5
LH:5
BRF:0
BRH:0
end_of_record
TN:
SF:src/features/capture/components/guided-camera-overlay.tsx
FN:15,GuidedCameraOverlay
FNF:1
FNH:1
FNDA:8,GuidedCameraOverlay
DA:21,8
DA:66,1
LF:2
LH:2
BRDA:26,0,0,8
BRDA:26,0,1,1
BRDA:36,1,0,8
BRDA:36,1,1,1
BRDA:38,2,0,8
BRDA:38,2,1,1
BRDA:54,3,0,8
BRDA:54,3,1,1
BRDA:58,4,0,8
BRDA:58,4,1,1
BRF:10
BRH:10
end_of_record
TN:
SF:src/features/capture/components/luminosity-indicator.tsx
FN:10,getLuminosityStatus
FN:21,LuminosityIndicator
FNF:2
FNH:2
FNDA:17,getLuminosityStatus
FNDA:17,LuminosityIndicator
DA:15,17
DA:16,15
DA:17,13
DA:18,11
DA:22,17
DA:24,17
DA:32,2
LF:7
LH:7
BRDA:15,0,0,2
BRDA:15,0,1,15
BRDA:16,1,0,2
BRDA:16,1,1,13
BRDA:17,2,0,2
BRDA:17,2,1,11
BRF:6
BRH:6
end_of_record
TN:
SF:src/features/capture/components/photo-upload.tsx
FN:10,PhotoUpload
FN:13,(anonymous_1)
FN:23,(anonymous_2)
FN:28,(anonymous_3)
FN:40,(anonymous_4)
FN:49,(anonymous_5)
FNF:6
FNH:0
FNDA:0,PhotoUpload
FNDA:0,(anonymous_1)
FNDA:0,(anonymous_2)
FNDA:0,(anonymous_3)
FNDA:0,(anonymous_4)
FNDA:0,(anonymous_5)
DA:11,0
DA:13,0
DA:14,0
DA:16,0
DA:17,0
DA:18,0
DA:19,0
DA:20,0
DA:21,0
DA:23,0
DA:24,0
DA:25,0
DA:27,0
DA:28,0
DA:29,0
DA:30,0
DA:31,0
DA:34,0
DA:35,0
DA:38,0
DA:40,0
DA:41,0
DA:42,0
DA:43,0
DA:45,0
DA:49,0
DA:50,0
DA:53,0
DA:54,0
DA:57,0
DA:69,0
LF:31
LH:0
BRDA:14,0,0,0
BRDA:14,0,1,0
BRDA:25,1,0,0
BRDA:25,1,1,0
BRDA:30,2,0,0
BRDA:30,2,1,0
BRDA:42,3,0,0
BRDA:42,3,1,0
BRDA:53,4,0,0
BRDA:53,4,1,0
BRF:10
BRH:0
end_of_record
TN:
SF:src/features/capture/components/web-camera.tsx
FN:23,WebCamera
FN:29,(anonymous_1)
FN:43,(anonymous_2)
FN:51,(anonymous_3)
FN:76,(anonymous_4)
FN:79,(anonymous_5)
FN:83,(anonymous_6)
FN:94,(anonymous_7)
FN:96,(anonymous_8)
FNF:9
FNH:0
FNDA:0,WebCamera
FNDA:0,(anonymous_1)
FNDA:0,(anonymous_2)
FNDA:0,(anonymous_3)
FNDA:0,(anonymous_4)
FNDA:0,(anonymous_5)
FNDA:0,(anonymous_6)
FNDA:0,(anonymous_7)
FNDA:0,(anonymous_8)
DA:22,0
DA:24,0
DA:25,0
DA:26,0
DA:27,0
DA:29,0
DA:30,0
DA:31,0
DA:33,0
DA:34,0
DA:35,0
DA:36,0
DA:37,0
DA:39,0
DA:40,0
DA:43,0
DA:46,0
DA:47,0
DA:48,0
DA:49,0
DA:51,0
DA:52,0
DA:54,0
DA:55,0
DA:57,0
DA:58,0
DA:59,0
DA:60,0
DA:61,0
DA:62,0
DA:63,0
DA:64,0
DA:65,0
DA:66,0
DA:68,0
DA:77,0
DA:78,0
DA:79,0
DA:80,0
DA:85,0
DA:90,0
DA:91,0
DA:94,0
DA:95,0
DA:96,0
DA:97,0
DA:99,0
DA:100,0
DA:101,0
DA:106,0
DA:107,0
DA:110,0
DA:111,0
DA:119,0
DA:129,0
LF:55
LH:0
BRDA:31,0,0,0
BRDA:31,0,1,0
BRDA:31,1,0,0
BRDA:31,1,1,0
BRDA:37,2,0,0
BRDA:37,2,1,0
BRDA:52,3,0,0
BRDA:52,3,1,0
BRDA:55,4,0,0
BRDA:55,4,1,0
BRDA:85,5,0,0
BRDA:85,5,1,0
BRDA:87,6,0,0
BRDA:87,6,1,0
BRDA:95,7,0,0
BRDA:95,7,1,0
BRDA:100,8,0,0
BRDA:100,8,1,0
BRDA:106,9,0,0
BRDA:106,9,1,0
BRDA:110,10,0,0
BRDA:110,10,1,0
BRF:22
BRH:0
end_of_record
TN:
SF:src/features/capture/data/analysis-repository.ts
FNF:0
FNH:0
LF:0
LH:0
BRF:0
BRH:0
end_of_record
TN:
SF:src/features/capture/data/angle-calculator.ts
FN:24,angleBetweenThreePoints
FN:39,calculateKneeAngle
FN:49,calculateHipAngle
FN:59,calculateAnkleAngle
FN:69,calculateConfidenceScore
FN:72,(anonymous_5)
FN:73,(anonymous_6)
FN:76,(anonymous_7)
FNF:8
FNH:8
FNDA:24,angleBetweenThreePoints
FNDA:11,calculateKneeAngle
FNDA:8,calculateHipAngle
FNDA:8,calculateAnkleAngle
FNDA:13,calculateConfidenceScore
FNDA:104,(anonymous_5)
FNDA:104,(anonymous_6)
FNDA:51,(anonymous_7)
DA:25,24
DA:26,24
DA:28,24
DA:29,24
DA:30,24
DA:32,24
DA:34,24
DA:35,24
DA:36,24
DA:41,11
DA:42,11
DA:43,11
DA:45,11
DA:46,10
DA:51,8
DA:52,8
DA:53,8
DA:55,8
DA:56,7
DA:61,8
DA:62,8
DA:63,8
DA:65,8
DA:66,7
DA:70,13
DA:71,13
DA:72,104
DA:73,104
DA:75,13
DA:76,51
LF:30
LH:30
BRDA:32,0,0,0
BRDA:32,0,1,24
BRDA:32,1,0,24
BRDA:32,1,1,24
BRDA:41,2,0,11
BRDA:41,2,1,2
BRDA:42,3,0,11
BRDA:42,3,1,2
BRDA:43,4,0,11
BRDA:43,4,1,2
BRDA:45,5,0,1
BRDA:45,5,1,10
BRDA:45,6,0,11
BRDA:45,6,1,10
BRDA:45,6,2,10
BRDA:51,7,0,8
BRDA:51,7,1,1
BRDA:52,8,0,8
BRDA:52,8,1,1
BRDA:53,9,0,8
BRDA:53,9,1,1
BRDA:55,10,0,1
BRDA:55,10,1,7
BRDA:55,11,0,8
BRDA:55,11,1,7
BRDA:55,11,2,7
BRDA:61,12,0,8
BRDA:61,12,1,1
BRDA:62,13,0,8
BRDA:62,13,1,1
BRDA:63,14,0,8
BRDA:63,14,1,1
BRDA:65,15,0,1
BRDA:65,15,1,7
BRDA:65,16,0,8
BRDA:65,16,1,7
BRDA:65,16,2,7
BRDA:72,17,0,104
BRDA:72,17,1,50
BRDA:75,18,0,3
BRDA:75,18,1,10
BRF:41
BRH:40
end_of_record
TN:
SF:src/features/capture/data/pose-detector.native.ts
FN:12,(anonymous_0)
FN:16,(anonymous_1)
FN:22,(anonymous_2)
FN:26,(anonymous_3)
FN:34,getPoseDetector
FNF:5
FNH:0
FNDA:0,(anonymous_0)
FNDA:0,(anonymous_1)
FNDA:0,(anonymous_2)
FNDA:0,(anonymous_3)
FNDA:0,getPoseDetector
DA:17,0
DA:23,0
DA:32,0
DA:35,0
DA:36,0
DA:38,0
LF:6
LH:0
BRDA:35,0,0,0
BRDA:35,0,1,0
BRF:2
BRH:0
end_of_record
TN:
SF:src/features/capture/data/pose-detector.ts
FNF:0
FNH:0
LF:0
LH:0
BRF:0
BRH:0
end_of_record
TN:
SF:src/features/capture/data/pose-detector.web.ts
FN:36,mediapipeToPoseLandmarks
FN:57,hasValidPose
FN:64,(anonymous_2)
FN:65,(anonymous_3)
FN:74,(anonymous_4)
FN:82,(anonymous_5)
FN:116,(anonymous_6)
FN:150,(anonymous_7)
FN:157,(anonymous_8)
FN:161,(anonymous_9)
FN:162,(anonymous_10)
FN:164,(anonymous_11)
FN:165,(anonymous_12)
FN:173,(anonymous_13)
FN:182,getPoseDetector
FNF:15
FNH:6
FNDA:3,mediapipeToPoseLandmarks
FNDA:5,hasValidPose
FNDA:9,(anonymous_2)
FNDA:16,(anonymous_3)
FNDA:0,(anonymous_4)
FNDA:0,(anonymous_5)
FNDA:0,(anonymous_6)
FNDA:0,(anonymous_7)
FNDA:0,(anonymous_8)
FNDA:0,(anonymous_9)
FNDA:0,(anonymous_10)
FNDA:0,(anonymous_11)
FNDA:0,(anonymous_12)
FNDA:1,(anonymous_13)
FNDA:3,getPoseDetector
DA:21,1
DA:24,1
DA:27,1
DA:30,1
DA:39,3
DA:40,3
DA:41,30
DA:42,30
DA:43,22
DA:50,3
DA:59,5
DA:64,5
DA:65,16
DA:70,1
DA:71,1
DA:72,1
DA:75,0
DA:76,0
DA:78,0
DA:79,0
DA:83,0
DA:84,0
DA:86,0
DA:87,0
DA:97,0
DA:107,0
DA:109,0
DA:110,0
DA:117,0
DA:118,0
DA:121,0
DA:122,0
DA:123,0
DA:125,0
DA:126,0
DA:131,0
DA:133,0
DA:134,0
DA:139,0
DA:141,0
DA:144,0
DA:145,0
DA:146,0
DA:151,0
DA:152,0
DA:153,0
DA:154,0
DA:158,0
DA:162,0
DA:163,0
DA:164,0
DA:165,0
DA:166,0
DA:167,0
DA:174,1
DA:175,1
DA:180,1
DA:183,3
DA:184,1
DA:186,3
LF:60
LH:22
BRDA:42,0,0,22
BRDA:42,0,1,8
BRDA:46,1,0,22
BRDA:46,1,1,10
BRDA:65,2,0,16
BRDA:65,2,1,5
BRDA:75,3,0,0
BRDA:75,3,1,0
BRDA:76,4,0,0
BRDA:76,4,1,0
BRDA:111,5,0,0
BRDA:111,5,1,0
BRDA:117,6,0,0
BRDA:117,6,1,0
BRDA:125,7,0,0
BRDA:125,7,1,0
BRDA:125,8,0,0
BRDA:125,8,1,0
BRDA:133,9,0,0
BRDA:133,9,1,0
BRDA:183,10,0,1
BRDA:183,10,1,2
BRF:22
BRH:8
end_of_record
TN:
SF:src/features/capture/data/sqlite-analysis-repository.ts
FN:21,rowToAnalysis
FN:40,(anonymous_1)
FN:42,(anonymous_2)
FN:50,(anonymous_3)
FN:59,(anonymous_4)
FN:81,(anonymous_5)
FN:119,(anonymous_6)
FNF:7
FNH:6
FNDA:3,rowToAnalysis
FNDA:8,(anonymous_1)
FNDA:3,(anonymous_2)
FNDA:2,(anonymous_3)
FNDA:2,(anonymous_4)
FNDA:0,(anonymous_5)
FNDA:1,(anonymous_6)
DA:22,3
DA:23,3
DA:43,3
DA:47,3
DA:51,2
DA:55,2
DA:56,1
DA:60,2
DA:61,1
DA:78,1
DA:90,0
DA:91,0
DA:93,0
DA:94,0
DA:95,0
DA:101,0
DA:102,0
DA:103,0
DA:105,0
DA:106,0
DA:107,0
DA:110,0
DA:112,0
DA:113,0
DA:120,1
LF:25
LH:11
BRDA:35,0,0,3
BRDA:35,0,1,2
BRDA:55,1,0,1
BRDA:55,1,1,1
BRDA:73,2,0,0
BRDA:73,2,1,1
BRDA:93,3,0,0
BRDA:93,3,1,0
BRDA:101,4,0,0
BRDA:101,4,1,0
BRDA:103,5,0,0
BRDA:103,5,1,0
BRDA:105,6,0,0
BRDA:105,6,1,0
BRDA:110,7,0,0
BRDA:110,7,1,0
BRF:16
BRH:5
end_of_record
TN:
SF:src/features/capture/domain/analysis.ts
FN:27,createAnalysis
FN:47,confidenceLabel
FNF:2
FNH:2
FNDA:11,createAnalysis
FNDA:191,confidenceLabel
DA:28,11
DA:29,10
DA:30,3
DA:32,7
DA:48,191
DA:49,61
DA:50,55
LF:7
LH:7
BRDA:28,0,0,1
BRDA:28,0,1,10
BRDA:29,1,0,3
BRDA:29,1,1,7
BRDA:29,2,0,10
BRDA:29,2,1,9
BRDA:42,3,0,7
BRDA:42,3,1,6
BRDA:43,4,0,7
BRDA:43,4,1,6
BRDA:48,5,0,130
BRDA:48,5,1,61
BRDA:49,6,0,6
BRDA:49,6,1,55
BRF:14
BRH:14
end_of_record
TN:
SF:src/features/capture/domain/capture-state.ts
FN:13,isCapturing
FN:17,isCompleted
FNF:2
FNH:2
FNDA:6,isCapturing
FNDA:4,isCompleted
DA:14,6
DA:18,4
LF:2
LH:2
BRDA:14,0,0,6
BRDA:14,0,1,5
BRF:2
BRH:2
end_of_record
TN:
SF:src/features/capture/screens/capture-screen.tsx
FN:58,CaptureScreen
FN:92,(anonymous_1)
FN:100,(anonymous_2)
FN:103,(anonymous_3)
FN:111,(anonymous_4)
FN:125,(anonymous_5)
FN:132,(anonymous_6)
FN:138,(anonymous_7)
FN:148,(anonymous_8)
FN:155,(anonymous_9)
FN:177,(anonymous_10)
FN:197,(anonymous_11)
FN:204,(anonymous_12)
FN:218,(anonymous_13)
FN:228,(anonymous_14)
FN:234,(anonymous_15)
FNF:16
FNH:0
FNDA:0,CaptureScreen
FNDA:0,(anonymous_1)
FNDA:0,(anonymous_2)
FNDA:0,(anonymous_3)
FNDA:0,(anonymous_4)
FNDA:0,(anonymous_5)
FNDA:0,(anonymous_6)
FNDA:0,(anonymous_7)
FNDA:0,(anonymous_8)
FNDA:0,(anonymous_9)
FNDA:0,(anonymous_10)
FNDA:0,(anonymous_11)
FNDA:0,(anonymous_12)
FNDA:0,(anonymous_13)
FNDA:0,(anonymous_14)
FNDA:0,(anonymous_15)
DA:29,0
DA:30,0
DA:31,0
DA:32,0
DA:33,0
DA:40,0
DA:46,0
DA:59,0
DA:60,0
DA:61,0
DA:79,0
DA:81,0
DA:82,0
DA:83,0
DA:84,0
DA:85,0
DA:86,0
DA:87,0
DA:92,0
DA:94,0
DA:95,0
DA:96,0
DA:97,0
DA:98,0
DA:103,0
DA:106,0
DA:107,0
DA:109,0
DA:111,0
DA:112,0
DA:113,0
DA:114,0
DA:115,0
DA:117,0
DA:121,0
DA:125,0
DA:126,0
DA:127,0
DA:131,0
DA:133,0
DA:138,0
DA:139,0
DA:140,0
DA:141,0
DA:142,0
DA:143,0
DA:147,0
DA:149,0
DA:150,0
DA:155,0
DA:156,0
DA:157,0
DA:158,0
DA:160,0
DA:161,0
DA:162,0
DA:163,0
DA:166,0
DA:168,0
DA:169,0
DA:171,0
DA:173,0
DA:174,0
DA:178,0
DA:179,0
DA:182,0
DA:185,0
DA:188,0
DA:190,0
DA:193,0
DA:197,0
DA:198,0
DA:199,0
DA:200,0
DA:201,0
DA:204,0
DA:205,0
DA:207,0
DA:208,0
DA:209,0
DA:212,0
DA:215,0
DA:218,0
DA:219,0
DA:220,0
DA:221,0
DA:222,0
DA:224,0
DA:228,0
DA:229,0
DA:235,0
DA:236,0
DA:237,0
DA:243,0
DA:244,0
DA:251,0
DA:252,0
DA:257,0
DA:258,0
DA:311,0
DA:312,0
DA:387,0
DA:436,0
LF:103
LH:0
BRDA:30,0,0,0
BRDA:30,0,1,0
BRDA:94,1,0,0
BRDA:94,1,1,0
BRDA:107,2,0,0
BRDA:107,2,1,0
BRDA:115,3,0,0
BRDA:115,3,1,0
BRDA:126,4,0,0
BRDA:126,4,1,0
BRDA:139,5,0,0
BRDA:139,5,1,0
BRDA:141,6,0,0
BRDA:141,6,1,0
BRDA:156,7,0,0
BRDA:156,7,1,0
BRDA:161,8,0,0
BRDA:161,8,1,0
BRDA:161,9,0,0
BRDA:161,9,1,0
BRDA:171,10,0,0
BRDA:171,10,1,0
BRDA:190,11,0,0
BRDA:190,11,1,0
BRDA:205,12,0,0
BRDA:205,12,1,0
BRDA:207,13,0,0
BRDA:207,13,1,0
BRDA:219,14,0,0
BRDA:219,14,1,0
BRDA:221,15,0,0
BRDA:221,15,1,0
BRDA:243,16,0,0
BRDA:243,16,1,0
BRDA:251,17,0,0
BRDA:251,17,1,0
BRDA:251,18,0,0
BRDA:251,18,1,0
BRDA:257,19,0,0
BRDA:257,19,1,0
BRDA:263,20,0,0
BRDA:263,20,1,0
BRDA:271,21,0,0
BRDA:271,21,1,0
BRDA:311,22,0,0
BRDA:311,22,1,0
BRDA:311,23,0,0
BRDA:311,23,1,0
BRDA:324,24,0,0
BRDA:324,24,1,0
BRDA:326,25,0,0
BRDA:326,25,1,0
BRDA:337,26,0,0
BRDA:337,26,1,0
BRDA:370,27,0,0
BRDA:370,27,1,0
BRDA:389,28,0,0
BRDA:389,28,1,0
BRDA:389,29,0,0
BRDA:389,29,1,0
BRDA:395,30,0,0
BRDA:395,30,1,0
BRDA:411,31,0,0
BRDA:411,31,1,0
BRDA:411,31,2,0
BRDA:413,32,0,0
BRDA:413,32,1,0
BRDA:423,33,0,0
BRDA:423,33,1,0
BRF:69
BRH:0
end_of_record
TN:
SF:src/features/capture/store/capture-store.ts
FN:51,(anonymous_0)
FN:58,(anonymous_1)
FN:62,(anonymous_2)
FN:66,(anonymous_3)
FN:67,(anonymous_4)
FN:72,(anonymous_5)
FN:73,(anonymous_6)
FN:78,(anonymous_7)
FN:79,(anonymous_8)
FN:84,(anonymous_9)
FN:85,(anonymous_10)
FN:91,(anonymous_11)
FN:92,(anonymous_12)
FN:100,(anonymous_13)
FN:109,(anonymous_14)
FN:118,(anonymous_15)
FN:135,(anonymous_16)
FN:146,(anonymous_17)
FN:147,(anonymous_18)
FN:152,(anonymous_19)
FN:153,(anonymous_20)
FN:158,(anonymous_21)
FN:161,(anonymous_22)
FN:170,(anonymous_23)
FN:171,(anonymous_24)
FN:176,(anonymous_25)
FN:177,(anonymous_26)
FNF:27
FNH:25
FNDA:1,(anonymous_0)
FNDA:2,(anonymous_1)
FNDA:4,(anonymous_2)
FNDA:1,(anonymous_3)
FNDA:1,(anonymous_4)
FNDA:1,(anonymous_5)
FNDA:1,(anonymous_6)
FNDA:1,(anonymous_7)
FNDA:1,(anonymous_8)
FNDA:2,(anonymous_9)
FNDA:2,(anonymous_10)
FNDA:3,(anonymous_11)
FNDA:3,(anonymous_12)
FNDA:6,(anonymous_13)
FNDA:6,(anonymous_14)
FNDA:2,(anonymous_15)
FNDA:6,(anonymous_16)
FNDA:3,(anonymous_17)
FNDA:3,(anonymous_18)
FNDA:2,(anonymous_19)
FNDA:2,(anonymous_20)
FNDA:1,(anonymous_21)
FNDA:1,(anonymous_22)
FNDA:1,(anonymous_23)
FNDA:1,(anonymous_24)
FNDA:0,(anonymous_25)
FNDA:0,(anonymous_26)
DA:41,1
DA:42,1
DA:47,1
DA:48,1
DA:50,1
DA:51,1
DA:59,2
DA:63,4
DA:67,1
DA:68,1
DA:73,1
DA:74,1
DA:79,1
DA:80,1
DA:85,2
DA:86,2
DA:87,2
DA:92,3
DA:93,3
DA:94,3
DA:95,3
DA:101,6
DA:102,6
DA:103,6
DA:104,6
DA:106,6
DA:107,6
DA:109,6
DA:110,6
DA:119,2
DA:120,1
DA:121,1
DA:126,1
DA:127,1
DA:128,1
DA:129,1
DA:131,0
DA:136,6
DA:138,5
DA:139,5
DA:142,4
DA:143,4
DA:147,3
DA:148,3
DA:153,2
DA:154,2
DA:159,1
DA:160,1
DA:161,1
DA:162,1
DA:163,1
DA:164,1
DA:165,1
DA:166,1
DA:171,1
DA:172,1
DA:177,0
DA:178,0
LF:58
LH:55
BRDA:93,0,0,3
BRDA:93,0,1,0
BRDA:119,1,0,1
BRDA:119,1,1,1
BRDA:119,2,0,2
BRDA:119,2,1,1
BRDA:136,3,0,1
BRDA:136,3,1,5
BRDA:139,4,0,1
BRDA:139,4,1,4
BRF:10
BRH:9
end_of_record
TN:
SF:src/features/onboarding/components/onboarding-page.tsx
FN:18,OnboardingPage
FNF:1
FNH:1
FNDA:36,OnboardingPage
DA:24,36
DA:26,36
DA:39,1
LF:3
LH:3
BRF:0
BRH:0
end_of_record
TN:
SF:src/features/onboarding/screens/onboarding-screen.tsx
FN:53,OnboardingScreen
FN:58,(anonymous_1)
FN:61,(anonymous_2)
FN:70,(anonymous_3)
FN:77,(anonymous_4)
FN:86,(anonymous_5)
FN:91,(anonymous_6)
FN:96,(anonymous_7)
FN:135,(anonymous_8)
FN:150,(anonymous_9)
FNF:10
FNH:6
FNDA:12,OnboardingScreen
FNDA:38,(anonymous_1)
FNDA:1,(anonymous_2)
FNDA:0,(anonymous_3)
FNDA:0,(anonymous_4)
FNDA:0,(anonymous_5)
FNDA:2,(anonymous_6)
FNDA:0,(anonymous_7)
FNDA:36,(anonymous_8)
FNDA:36,(anonymous_9)
DA:27,1
DA:51,1
DA:54,12
DA:55,12
DA:56,12
DA:57,12
DA:58,38
DA:60,12
DA:62,1
DA:63,1
DA:64,1
DA:69,12
DA:71,0
DA:72,0
DA:77,12
DA:78,0
DA:79,0
DA:81,0
DA:82,0
DA:86,12
DA:87,0
DA:88,0
DA:91,12
DA:92,2
DA:93,2
DA:96,12
DA:97,0
DA:100,0
DA:101,0
DA:102,0
DA:109,12
DA:111,12
DA:136,36
DA:151,36
DA:178,1
LF:35
LH:23
BRDA:78,0,0,0
BRDA:78,0,1,0
BRDA:81,1,0,0
BRDA:81,1,1,0
BRDA:97,2,0,0
BRDA:97,2,1,0
BRDA:155,3,0,12
BRDA:155,3,1,24
BRDA:165,4,0,0
BRDA:165,4,1,12
BRDA:166,5,0,0
BRDA:166,5,1,12
BRDA:167,6,0,0
BRDA:167,6,1,12
BRDA:170,7,0,0
BRDA:170,7,1,12
BRF:16
BRH:6
end_of_record
TN:
SF:src/features/onboarding/store/onboarding-store.ts
FN:16,readFromStorage
FN:28,writeToStorage
FN:41,(anonymous_2)
FN:45,(anonymous_3)
FN:50,(anonymous_4)
FNF:5
FNH:5
FNDA:5,readFromStorage
FNDA:4,writeToStorage
FNDA:2,(anonymous_2)
FNDA:5,(anonymous_3)
FNDA:4,(anonymous_4)
DA:4,2
DA:17,5
DA:18,4
DA:19,4
DA:21,0
DA:25,1
DA:29,4
DA:30,2
DA:31,2
DA:35,2
DA:40,2
DA:41,2
DA:46,5
DA:47,5
DA:51,4
DA:52,4
LF:16
LH:15
BRDA:17,0,0,4
BRDA:17,0,1,1
BRDA:29,1,0,2
BRDA:29,1,1,2
BRF:4
BRH:4
end_of_record
TN:
SF:src/features/patients/components/patient-history-tile.tsx
FN:14,confidenceBadgeColor
FN:20,PatientHistoryTile
FN:31,(anonymous_2)
FN:58,AngleChip
FNF:4
FNH:4
FNDA:43,confidenceBadgeColor
FNDA:43,PatientHistoryTile
FNDA:2,(anonymous_2)
FNDA:129,AngleChip
DA:15,43
DA:16,19
DA:17,17
DA:25,43
DA:26,43
DA:28,43
DA:31,2
DA:65,129
DA:73,2
LF:9
LH:9
BRDA:15,0,0,24
BRDA:15,0,1,19
BRDA:16,1,0,2
BRDA:16,1,1,17
BRF:4
BRH:4
end_of_record
TN:
SF:src/features/patients/components/patient-list-tile.tsx
FN:16,PatientListTile
FN:25,(anonymous_1)
FN:32,(anonymous_2)
FNF:3
FNH:3
FNDA:37,PatientListTile
FNDA:74,(anonymous_1)
FNDA:3,(anonymous_2)
DA:22,37
DA:23,37
DA:25,74
DA:29,37
DA:32,3
DA:58,2
LF:6
LH:6
BRDA:18,0,0,35
BRDA:25,1,0,74
BRDA:25,1,1,0
BRDA:35,2,0,37
BRDA:35,2,1,34
BRDA:52,3,0,36
BRDA:52,3,1,1
BRF:7
BRH:6
end_of_record
TN:
SF:src/features/patients/components/progression-chart.tsx
FN:19,prepareChartData
FN:24,(anonymous_1)
FN:26,(anonymous_2)
FN:34,getAngleRange
FN:40,(anonymous_4)
FN:53,ProgressionChart
FN:63,angleToY
FN:98,(anonymous_7)
FN:148,LegendItem
FNF:9
FNH:9
FNDA:9,prepareChartData
FNDA:18,(anonymous_1)
FNDA:27,(anonymous_2)
FNDA:9,getAngleRange
FNDA:27,(anonymous_4)
FNDA:9,ProgressionChart
FNDA:81,angleToY
FNDA:27,(anonymous_7)
FNDA:27,LegendItem
DA:23,9
DA:24,18
DA:26,27
DA:38,9
DA:40,27
DA:45,9
DA:46,9
DA:47,9
DA:50,1
DA:51,1
DA:54,9
DA:56,9
DA:57,0
DA:60,9
DA:61,9
DA:64,81
DA:67,9
DA:99,27
DA:155,27
DA:163,1
LF:20
LH:19
BRDA:38,0,0,0
BRDA:38,0,1,9
BRDA:56,1,0,0
BRDA:56,1,1,9
BRDA:61,2,0,9
BRDA:61,2,1,0
BRF:6
BRH:3
end_of_record
TN:
SF:src/features/patients/data/patient-repository.ts
FNF:0
FNH:0
LF:0
LH:0
BRF:0
BRH:0
end_of_record
TN:
SF:src/features/patients/data/sqlite-patient-repository.ts
FN:13,rowToPatient
FN:27,(anonymous_1)
FN:29,(anonymous_2)
FN:45,(anonymous_3)
FN:54,(anonymous_4)
FN:72,(anonymous_5)
FN:106,(anonymous_6)
FNF:7
FNH:7
FNDA:5,rowToPatient
FNDA:11,(anonymous_1)
FNDA:4,(anonymous_2)
FNDA:4,(anonymous_3)
FNDA:2,(anonymous_4)
FNDA:2,(anonymous_5)
FNDA:1,(anonymous_6)
DA:14,5
DA:15,5
DA:33,4
DA:34,1
DA:35,1
DA:37,3
DA:38,3
DA:41,4
DA:42,4
DA:46,4
DA:50,4
DA:51,2
DA:55,2
DA:56,1
DA:69,1
DA:78,2
DA:79,2
DA:81,1
DA:91,1
DA:103,1
DA:107,1
LF:21
LH:21
BRDA:19,0,0,1
BRDA:19,0,1,4
BRDA:33,1,0,1
BRDA:33,1,1,3
BRDA:33,2,0,4
BRDA:33,2,1,1
BRDA:50,3,0,2
BRDA:50,3,1,2
BRDA:63,4,0,0
BRDA:63,4,1,1
BRDA:79,5,0,1
BRDA:79,5,1,1
BRDA:83,6,0,1
BRDA:83,6,1,0
BRDA:84,7,0,1
BRDA:84,7,1,1
BRDA:86,8,0,0
BRDA:86,8,1,1
BRDA:96,9,0,0
BRDA:96,9,1,1
BRF:20
BRH:16
end_of_record
TN:
SF:src/features/patients/domain/patient.ts
FN:24,createPatient
FN:48,patientAge
FNF:2
FNH:2
FNDA:11,createPatient
FNDA:90,patientAge
DA:25,11
DA:26,3
DA:28,8
DA:29,1
DA:31,7
DA:32,7
DA:33,1
DA:35,6
DA:36,1
DA:39,5
DA:49,90
DA:50,90
DA:51,90
DA:52,90
DA:53,90
DA:54,74
DA:56,90
LF:17
LH:17
BRDA:25,0,0,3
BRDA:25,0,1,8
BRDA:28,1,0,1
BRDA:28,1,1,7
BRDA:32,2,0,1
BRDA:32,2,1,6
BRDA:35,3,0,1
BRDA:35,3,1,5
BRDA:43,4,0,5
BRDA:43,4,1,4
BRDA:53,5,0,74
BRDA:53,5,1,16
BRDA:53,6,0,90
BRDA:53,6,1,16
BRDA:53,6,2,3
BRF:15
BRH:15
end_of_record
TN:
SF:src/features/patients/screens/create-patient-screen.tsx
FN:23,CreatePatientScreen
FN:35,(anonymous_1)
FN:64,(anonymous_2)
FN:178,Field
FNF:4
FNH:4
FNDA:104,CreatePatientScreen
FNDA:21,(anonymous_1)
FNDA:21,(anonymous_2)
FNDA:520,Field
DA:24,104
DA:25,104
DA:27,104
DA:28,104
DA:29,104
DA:30,104
DA:31,104
DA:32,104
DA:33,104
DA:35,104
DA:36,21
DA:37,21
DA:38,21
DA:39,2
DA:41,19
DA:42,19
DA:43,18
DA:44,1
DA:46,21
DA:52,3
DA:53,21
DA:59,2
DA:60,21
DA:61,21
DA:64,104
DA:65,21
DA:66,11
DA:67,11
DA:68,11
DA:77,5
DA:79,4
DA:86,9
DA:99,104
DA:199,520
DA:223,1
LF:35
LH:35
BRDA:37,0,0,2
BRDA:37,0,1,19
BRDA:38,1,0,2
BRDA:38,1,1,19
BRDA:42,2,0,1
BRDA:42,2,1,18
BRDA:43,3,0,1
BRDA:43,3,1,17
BRDA:46,4,0,3
BRDA:46,4,1,18
BRDA:47,5,0,21
BRDA:47,5,1,6
BRDA:47,5,2,5
BRDA:47,5,3,4
BRDA:53,6,0,2
BRDA:53,6,1,19
BRDA:54,7,0,21
BRDA:54,7,1,4
BRDA:54,7,2,4
BRDA:54,7,3,3
BRDA:65,8,0,10
BRDA:65,8,1,11
BRDA:72,9,0,3
BRDA:72,9,1,8
BRDA:73,10,0,2
BRDA:73,10,1,9
BRDA:74,11,0,1
BRDA:74,11,1,10
BRDA:81,12,0,3
BRDA:81,12,1,1
BRDA:102,13,0,104
BRDA:102,13,1,0
BRDA:164,14,0,104
BRDA:164,14,1,11
BRDA:170,15,0,11
BRDA:170,15,1,93
BRDA:205,16,0,520
BRDA:205,16,1,104
BRDA:206,17,0,11
BRDA:206,17,1,509
BRDA:213,18,0,104
BRDA:213,18,1,416
BRDA:215,19,0,520
BRDA:215,19,1,416
BRDA:218,20,0,520
BRDA:218,20,1,11
BRF:46
BRH:45
end_of_record
TN:
SF:src/features/patients/screens/patient-detail-screen.tsx
FN:35,PatientDetailScreen
FN:46,(anonymous_1)
FN:47,(anonymous_2)
FN:52,(anonymous_3)
FN:54,loadAnalyses
FN:72,(anonymous_5)
FN:77,(anonymous_6)
FN:86,(anonymous_7)
FN:100,(anonymous_8)
FN:119,(anonymous_9)
FN:166,(anonymous_10)
FN:175,(anonymous_11)
FN:216,(anonymous_12)
FN:227,(anonymous_13)
FN:262,(anonymous_14)
FN:279,(anonymous_15)
FN:298,(anonymous_16)
FN:299,(anonymous_17)
FN:306,(anonymous_18)
FN:311,InfoRow
FNF:20
FNH:19
FNDA:72,PatientDetailScreen
FNDA:18,(anonymous_1)
FNDA:17,(anonymous_2)
FNDA:18,(anonymous_3)
FNDA:18,loadAnalyses
FNDA:18,(anonymous_5)
FNDA:3,(anonymous_6)
FNDA:1,(anonymous_7)
FNDA:1,(anonymous_8)
FNDA:102,(anonymous_9)
FNDA:1,(anonymous_10)
FNDA:1,(anonymous_11)
FNDA:0,(anonymous_12)
FNDA:30,(anonymous_13)
FNDA:51,(anonymous_14)
FNDA:1,(anonymous_15)
FNDA:45,(anonymous_16)
FNDA:30,(anonymous_17)
FNDA:15,(anonymous_18)
FNDA:102,InfoRow
DA:36,72
DA:37,72
DA:38,72
DA:39,72
DA:40,72
DA:41,72
DA:42,72
DA:43,72
DA:44,72
DA:46,72
DA:47,18
DA:48,18
DA:49,18
DA:52,72
DA:53,18
DA:55,18
DA:56,18
DA:57,18
DA:58,18
DA:59,18
DA:60,18
DA:61,18
DA:66,18
DA:67,18
DA:71,18
DA:72,18
DA:73,18
DA:77,72
DA:78,3
DA:87,1
DA:88,1
DA:89,1
DA:99,72
DA:101,1
DA:106,72
DA:107,54
DA:109,51
DA:110,51
DA:113,51
DA:119,102
DA:166,1
DA:175,1
DA:202,51
DA:216,0
DA:228,30
DA:241,51
DA:242,0
DA:262,51
DA:263,51
DA:279,1
DA:291,51
DA:298,45
DA:300,30
DA:306,15
DA:320,102
DA:330,1
LF:56
LH:54
BRDA:47,0,0,18
BRDA:47,0,1,1
BRDA:60,1,0,18
BRDA:60,1,1,0
BRDA:66,2,0,18
BRDA:66,2,1,0
BRDA:106,3,0,18
BRDA:106,3,1,54
BRDA:107,4,0,3
BRDA:107,4,1,51
BRDA:131,5,0,51
BRDA:131,5,1,0
BRDA:131,5,2,0
BRDA:131,5,3,0
BRDA:136,6,0,0
BRDA:136,6,1,0
BRDA:139,7,0,0
BRDA:139,7,1,0
BRDA:142,8,0,0
BRDA:142,8,1,0
BRDA:142,8,2,0
BRDA:150,9,0,0
BRDA:150,9,1,0
BRDA:193,10,0,51
BRDA:193,10,1,3
BRDA:207,11,0,51
BRDA:207,11,1,34
BRDA:211,12,0,51
BRDA:211,12,1,17
BRDA:211,12,2,2
BRDA:226,13,0,51
BRDA:226,13,1,17
BRDA:241,14,0,0
BRDA:241,14,1,51
BRDA:270,15,0,51
BRDA:270,15,1,34
BRDA:274,16,0,51
BRDA:274,16,1,17
BRDA:274,16,2,2
BRDA:297,17,0,34
BRDA:297,17,1,17
BRDA:323,18,0,102
BRDA:323,18,1,51
BRF:43
BRH:28
end_of_record
TN:
SF:src/features/patients/screens/patient-timeline-screen.tsx
FN:26,PatientTimelineScreen
FN:33,(anonymous_1)
FN:35,loadAnalyses
FN:53,(anonymous_3)
FN:83,(anonymous_4)
FN:93,(anonymous_5)
FN:97,(anonymous_6)
FNF:7
FNH:7
FNDA:50,PatientTimelineScreen
FNDA:17,(anonymous_1)
FNDA:17,loadAnalyses
FNDA:17,(anonymous_3)
FNDA:1,(anonymous_4)
FNDA:27,(anonymous_5)
FNDA:1,(anonymous_6)
DA:27,50
DA:28,50
DA:29,50
DA:30,50
DA:31,50
DA:33,50
DA:34,17
DA:36,17
DA:37,17
DA:38,17
DA:39,17
DA:40,17
DA:41,16
DA:42,16
DA:47,17
DA:48,17
DA:52,17
DA:53,17
DA:54,17
DA:58,50
DA:60,17
DA:62,17
DA:83,1
DA:94,27
DA:98,1
DA:129,1
LF:26
LH:26
BRDA:41,0,0,16
BRDA:41,0,1,0
BRDA:47,1,0,17
BRDA:47,1,1,0
BRDA:58,2,0,33
BRDA:58,2,1,17
BRDA:70,3,0,8
BRDA:70,3,1,9
BRDA:74,4,0,5
BRDA:74,4,1,3
BRDA:77,5,0,5
BRDA:77,5,1,3
BRDA:107,6,0,27
BRDA:107,6,1,18
BRF:14
BRH:12
end_of_record
TN:
SF:src/features/patients/screens/patients-screen.tsx
FN:26,PatientsScreen
FN:40,(anonymous_1)
FN:45,(anonymous_2)
FN:47,(anonymous_3)
FN:53,(anonymous_4)
FN:63,(anonymous_5)
FN:79,(anonymous_6)
FN:124,(anonymous_7)
FN:125,(anonymous_8)
FNF:9
FNH:9
FNDA:21,PatientsScreen
FNDA:21,(anonymous_1)
FNDA:4,(anonymous_2)
FNDA:2,(anonymous_3)
FNDA:2,(anonymous_4)
FNDA:1,(anonymous_5)
FNDA:1,(anonymous_6)
FNDA:40,(anonymous_7)
FNDA:27,(anonymous_8)
DA:24,1
DA:27,21
DA:28,21
DA:37,21
DA:38,21
DA:40,21
DA:41,21
DA:44,21
DA:46,4
DA:47,4
DA:52,21
DA:54,2
DA:59,21
DA:60,4
DA:64,1
DA:65,1
DA:71,17
DA:73,17
DA:79,1
DA:124,40
DA:126,27
DA:140,1
LF:22
LH:22
BRDA:46,0,0,2
BRDA:46,0,1,2
BRDA:59,1,0,4
BRDA:59,1,1,17
BRDA:71,2,0,0
BRDA:71,2,1,17
BRDA:91,3,0,17
BRDA:91,3,1,0
BRDA:107,4,0,1
BRDA:107,4,1,16
BRDA:107,5,0,17
BRDA:107,5,1,2
BRDA:109,6,0,3
BRDA:109,6,1,13
BRDA:114,7,0,1
BRDA:114,7,1,2
BRDA:126,8,0,0
BRDA:126,8,1,27
BRDA:130,9,0,0
BRDA:130,9,1,13
BRDA:131,10,0,13
BRDA:131,10,1,0
BRF:22
BRH:17
end_of_record
TN:
SF:src/features/patients/store/patients-store.ts
FN:26,(anonymous_0)
FN:32,(anonymous_1)
FN:36,(anonymous_2)
FN:38,(anonymous_3)
FN:41,(anonymous_4)
FN:43,(anonymous_5)
FN:50,(anonymous_6)
FN:51,(anonymous_7)
FN:55,(anonymous_8)
FN:57,(anonymous_9)
FN:60,(anonymous_10)
FN:67,(anonymous_11)
FN:72,(anonymous_12)
FN:76,(anonymous_13)
FN:77,(anonymous_14)
FN:81,(anonymous_15)
FN:87,(anonymous_16)
FN:91,(anonymous_17)
FN:92,(anonymous_18)
FN:95,(anonymous_19)
FN:101,(anonymous_20)
FN:102,(anonymous_21)
FNF:22
FNH:20
FNDA:2,(anonymous_0)
FNDA:8,(anonymous_1)
FNDA:4,(anonymous_2)
FNDA:3,(anonymous_3)
FNDA:2,(anonymous_4)
FNDA:1,(anonymous_5)
FNDA:1,(anonymous_6)
FNDA:1,(anonymous_7)
FNDA:2,(anonymous_8)
FNDA:2,(anonymous_9)
FNDA:1,(anonymous_10)
FNDA:1,(anonymous_11)
FNDA:1,(anonymous_12)
FNDA:1,(anonymous_13)
FNDA:1,(anonymous_14)
FNDA:0,(anonymous_15)
FNDA:1,(anonymous_16)
FNDA:1,(anonymous_17)
FNDA:1,(anonymous_18)
FNDA:0,(anonymous_19)
FNDA:1,(anonymous_20)
FNDA:1,(anonymous_21)
DA:23,2
DA:25,2
DA:26,2
DA:33,8
DA:37,4
DA:38,3
DA:39,3
DA:40,3
DA:41,2
DA:43,1
DA:44,1
DA:45,1
DA:51,1
DA:52,1
DA:56,2
DA:57,2
DA:58,2
DA:59,2
DA:60,1
DA:61,1
DA:62,1
DA:64,1
DA:66,1
DA:67,1
DA:68,1
DA:73,1
DA:74,1
DA:75,1
DA:76,1
DA:77,1
DA:78,1
DA:81,0
DA:82,0
DA:88,1
DA:89,1
DA:90,1
DA:91,1
DA:92,1
DA:95,0
DA:96,0
DA:102,1
LF:41
LH:37
BRDA:37,0,0,1
BRDA:37,0,1,3
BRDA:40,1,0,3
BRDA:40,1,1,2
BRDA:44,2,0,1
BRDA:44,2,1,0
BRDA:56,3,0,0
BRDA:56,3,1,2
BRDA:66,4,0,1
BRDA:66,4,1,0
BRDA:73,5,0,0
BRDA:73,5,1,1
BRDA:78,6,0,1
BRDA:78,6,1,0
BRDA:82,7,0,0
BRDA:82,7,1,0
BRDA:88,8,0,0
BRDA:88,8,1,1
BRDA:96,9,0,0
BRDA:96,9,1,0
BRF:20
BRH:10
end_of_record
TN:
SF:src/features/report/components/export-button.tsx
FN:16,ExportButton
FN:24,(anonymous_1)
FNF:2
FNH:2
FNDA:24,ExportButton
FNDA:4,(anonymous_1)
DA:21,24
DA:22,24
DA:24,24
DA:25,4
DA:27,4
DA:28,4
DA:30,4
DA:32,3
DA:33,1
DA:34,1
DA:36,2
DA:37,2
DA:41,24
DA:43,24
DA:74,2
LF:15
LH:15
BRDA:19,0,0,23
BRDA:25,1,0,0
BRDA:25,1,1,4
BRDA:25,2,0,4
BRDA:25,2,1,4
BRDA:32,3,0,1
BRDA:32,3,1,2
BRDA:41,4,0,24
BRDA:41,4,1,23
BRDA:46,5,0,24
BRDA:46,5,1,5
BRDA:53,6,0,4
BRDA:53,6,1,20
BRDA:65,7,0,24
BRDA:65,7,1,2
BRDA:65,7,2,1
BRF:16
BRH:15
end_of_record
TN:
SF:src/features/report/data/share-service.native.ts
FN:9,shareReport
FNF:1
FNH:1
FNDA:4,shareReport
DA:13,4
DA:14,4
DA:26,3
DA:27,2
DA:29,1
DA:30,1
DA:32,0
DA:35,1
DA:36,1
LF:9
LH:8
BRDA:18,0,0,3
BRDA:18,0,1,1
BRDA:26,1,0,2
BRDA:26,1,1,1
BRDA:29,2,0,1
BRDA:29,2,1,0
BRDA:35,3,0,1
BRDA:35,3,1,0
BRF:8
BRH:6
end_of_record
TN:
SF:src/features/report/data/share-service.ts
FN:20,shareReport
FNF:1
FNH:0
FNDA:0,shareReport
DA:24,0
LF:1
LH:0
BRF:0
BRH:0
end_of_record
TN:
SF:src/features/report/data/share-service.web.ts
FN:7,shareReport
FN:24,(anonymous_1)
FNF:2
FNH:0
FNDA:0,shareReport
FNDA:0,(anonymous_1)
DA:11,0
DA:13,0
DA:14,0
DA:16,0
DA:17,0
DA:18,0
DA:19,0
DA:20,0
DA:21,0
DA:24,0
DA:25,0
DA:26,0
DA:29,0
DA:32,0
DA:33,0
LF:15
LH:0
BRDA:32,0,0,0
BRDA:32,0,1,0
BRF:2
BRH:0
end_of_record
TN:
SF:src/features/report/domain/report-generator.ts
FN:12,escapeHtml
FN:64,generateReportFileName
FN:75,buildAngleEntry
FN:93,getDeviceInfo
FN:101,buildReportData
FN:139,angleRowHtml
FN:153,generateReportHtml
FNF:7
FNH:7
FNDA:523,escapeHtml
FNDA:15,generateReportFileName
FNDA:81,buildAngleEntry
FNDA:27,getDeviceInfo
FNDA:27,buildReportData
FNDA:54,angleRowHtml
FNDA:18,generateReportHtml
DA:13,523
DA:68,15
DA:69,15
DA:70,15
DA:79,81
DA:80,81
DA:81,81
DA:94,27
DA:95,27
DA:97,0
DA:105,27
DA:112,27
DA:116,27
DA:140,54
DA:141,54
DA:144,54
DA:154,18
DA:156,18
DA:160,18
LF:19
LH:18
BRDA:95,0,0,27
BRDA:95,0,1,27
BRDA:112,1,0,2
BRDA:112,1,1,25
BRDA:112,2,0,27
BRDA:112,2,1,2
BRDA:140,3,0,54
BRDA:140,3,1,0
BRDA:141,4,0,54
BRDA:141,4,1,0
BRDA:156,5,0,1
BRDA:156,5,1,17
BRDA:216,6,0,1
BRDA:216,6,1,17
BRF:14
BRH:12
end_of_record
TN:
SF:src/features/report/screens/report-screen.tsx
FN:19,ReportScreen
FN:32,(anonymous_1)
FN:84,(anonymous_2)
FNF:3
FNH:3
FNDA:14,ReportScreen
FNDA:7,(anonymous_1)
FNDA:21,(anonymous_2)
DA:20,14
DA:21,14
DA:30,14
DA:32,14
DA:33,7
DA:34,7
DA:38,14
DA:39,0
DA:44,14
DA:45,0
DA:54,14
DA:55,7
DA:85,21
DA:137,7
DA:144,1
LF:15
LH:13
BRDA:33,0,0,7
BRDA:33,0,1,0
BRDA:33,1,0,7
BRDA:33,1,1,7
BRDA:38,2,0,0
BRDA:38,2,1,14
BRDA:44,3,0,0
BRDA:44,3,1,14
BRDA:48,4,0,0
BRDA:48,4,1,0
BRDA:54,5,0,7
BRDA:54,5,1,7
BRDA:54,6,0,14
BRDA:54,6,1,7
BRDA:54,6,2,7
BRDA:54,6,3,7
BRDA:94,7,0,21
BRDA:94,7,1,0
BRDA:97,8,0,21
BRDA:97,8,1,0
BRDA:114,9,0,0
BRDA:114,9,1,7
BRDA:116,10,0,7
BRDA:116,10,1,0
BRF:24
BRH:15
end_of_record
TN:
SF:src/features/report/store/report-store.ts
FN:32,(anonymous_0)
FN:39,(anonymous_1)
FN:40,(anonymous_2)
FN:53,(anonymous_3)
FN:65,(anonymous_4)
FN:72,(anonymous_5)
FN:73,(anonymous_6)
FNF:7
FNH:6
FNDA:2,(anonymous_0)
FNDA:11,(anonymous_1)
FNDA:11,(anonymous_2)
FNDA:11,(anonymous_3)
FNDA:0,(anonymous_4)
FNDA:13,(anonymous_5)
FNDA:13,(anonymous_6)
DA:31,2
DA:32,2
DA:40,11
DA:41,11
DA:42,11
DA:45,11
DA:46,11
DA:47,11
DA:48,11
DA:53,11
DA:54,11
DA:56,11
DA:57,11
DA:58,11
DA:62,0
DA:65,0
DA:66,0
DA:67,0
DA:73,13
DA:74,13
DA:75,13
DA:76,13
DA:77,13
DA:78,13
LF:24
LH:20
BRDA:62,0,0,0
BRDA:62,0,1,0
BRF:2
BRH:0
end_of_record
TN:
SF:src/features/results/components/articular-angle-card.tsx
FN:26,ArticularAngleCard
FNF:1
FNH:1
FNDA:101,ArticularAngleCard
DA:13,2
DA:20,2
DA:27,101
DA:29,101
DA:86,2
LF:5
LH:5
BRDA:32,0,0,101
BRDA:32,0,1,9
BRDA:75,1,0,101
BRDA:75,1,1,5
BRF:4
BRH:4
end_of_record
TN:
SF:src/features/results/domain/manual-correction.ts
FN:28,validateCorrectionAngle
FN:50,updateAnalysisWithCorrection
FN:80,correctionDisclaimer
FN:88,isLowConfidence
FNF:4
FNH:4
FNDA:8,validateCorrectionAngle
FNDA:16,updateAnalysisWithCorrection
FNDA:6,correctionDisclaimer
FNDA:55,isLowConfidence
DA:5,2
DA:14,2
DA:29,8
DA:30,2
DA:35,6
DA:36,2
DA:41,4
DA:55,16
DA:56,1
DA:58,15
DA:59,2
DA:62,13
DA:63,13
DA:65,13
DA:81,6
DA:82,6
DA:89,55
LF:17
LH:17
BRDA:29,0,0,2
BRDA:29,0,1,6
BRDA:29,1,0,8
BRDA:29,1,1,8
BRDA:35,2,0,2
BRDA:35,2,1,4
BRDA:35,3,0,6
BRDA:35,3,1,5
BRDA:55,4,0,1
BRDA:55,4,1,15
BRDA:55,5,0,16
BRDA:55,5,1,16
BRDA:58,6,0,2
BRDA:58,6,1,13
BRDA:58,7,0,15
BRDA:58,7,1,14
BRF:16
BRH:16
end_of_record
TN:
SF:src/features/results/domain/reference-norms.ts
FN:50,assessAngle
FN:72,deviationColor
FNF:2
FNH:2
FNDA:191,assessAngle
FNDA:110,deviationColor
DA:16,6
DA:54,191
DA:55,191
DA:56,191
DA:57,191
DA:64,191
DA:65,12
DA:66,10
DA:67,4
DA:69,191
DA:73,110
DA:75,98
DA:77,3
DA:79,6
DA:81,3
LF:15
LH:15
BRDA:55,0,0,0
BRDA:55,0,1,191
BRDA:56,1,0,191
BRDA:56,1,1,185
BRDA:57,2,0,179
BRDA:57,2,1,12
BRDA:59,3,0,6
BRDA:59,3,1,6
BRDA:64,4,0,179
BRDA:64,4,1,12
BRDA:65,5,0,2
BRDA:65,5,1,10
BRDA:66,6,0,6
BRDA:66,6,1,4
BRDA:73,7,0,98
BRDA:73,7,1,3
BRDA:73,7,2,6
BRDA:73,7,3,3
BRF:18
BRH:17
end_of_record
TN:
SF:src/features/results/screens/replay-screen.tsx
FN:34,ReplayScreen
FN:49,(anonymous_1)
FN:50,(anonymous_2)
FN:64,(anonymous_3)
FN:68,(anonymous_4)
FN:69,(anonymous_5)
FN:81,(anonymous_6)
FN:123,(anonymous_7)
FN:178,(anonymous_8)
FN:186,(anonymous_9)
FN:216,(anonymous_10)
FN:220,(anonymous_11)
FN:238,(anonymous_12)
FN:298,(anonymous_13)
FN:309,DetailRow
FN:318,RawRow
FNF:16
FNH:15
FNDA:95,ReplayScreen
FNDA:20,(anonymous_1)
FNDA:20,(anonymous_2)
FNDA:1,(anonymous_3)
FNDA:10,(anonymous_4)
FNDA:10,(anonymous_5)
FNDA:4,(anonymous_6)
FNDA:0,(anonymous_7)
FNDA:165,(anonymous_8)
FNDA:10,(anonymous_9)
FNDA:35,(anonymous_10)
FNDA:35,(anonymous_11)
FNDA:4,(anonymous_12)
FNDA:1,(anonymous_13)
FNDA:55,DetailRow
FNDA:210,RawRow
DA:35,95
DA:36,95
DA:37,95
DA:38,95
DA:39,95
DA:40,95
DA:41,95
DA:42,95
DA:43,95
DA:44,95
DA:47,95
DA:49,95
DA:50,20
DA:51,20
DA:52,20
DA:53,20
DA:54,20
DA:55,18
DA:57,1
DA:59,19
DA:64,95
DA:65,1
DA:68,95
DA:69,10
DA:70,10
DA:71,10
DA:72,10
DA:73,10
DA:74,10
DA:75,10
DA:77,10
DA:81,95
DA:82,4
DA:84,4
DA:85,4
DA:87,4
DA:88,1
DA:89,1
DA:92,3
DA:93,3
DA:99,3
DA:100,3
DA:101,3
DA:107,3
DA:108,3
DA:109,3
DA:110,3
DA:112,0
DA:118,95
DA:119,39
DA:122,56
DA:123,1
DA:124,55
DA:127,55
DA:133,55
DA:135,55
DA:141,55
DA:179,165
DA:186,10
DA:216,35
DA:220,35
DA:239,4
DA:240,4
DA:299,1
DA:310,55
DA:327,210
DA:335,1
LF:67
LH:66
BRDA:57,0,0,1
BRDA:57,0,1,0
BRDA:70,1,0,1
BRDA:70,1,1,9
BRDA:71,2,0,10
BRDA:71,2,1,0
BRDA:82,3,0,0
BRDA:82,3,1,4
BRDA:82,4,0,4
BRDA:82,4,1,4
BRDA:87,5,0,1
BRDA:87,5,1,3
BRDA:113,6,0,0
BRDA:113,6,1,0
BRDA:118,7,0,39
BRDA:118,7,1,56
BRDA:122,8,0,1
BRDA:122,8,1,55
BRDA:124,9,0,0
BRDA:124,9,1,55
BRDA:127,10,0,21
BRDA:127,10,1,34
BRDA:129,11,0,0
BRDA:129,11,1,34
BRDA:183,12,0,165
BRDA:183,12,1,35
BRDA:184,13,0,165
BRDA:184,13,1,102
BRDA:192,14,0,165
BRDA:192,14,1,35
BRDA:200,15,0,165
BRDA:200,15,1,35
BRDA:205,16,0,165
BRDA:205,16,1,102
BRDA:213,17,0,55
BRDA:213,17,1,35
BRDA:226,18,0,35
BRDA:226,18,1,12
BRDA:226,18,2,12
BRDA:231,19,0,35
BRDA:231,19,1,27
BRDA:255,20,0,27
BRDA:255,20,1,1
BRDA:260,21,0,27
BRDA:260,21,1,6
BRDA:265,22,0,27
BRDA:265,22,1,3
BRDA:330,23,0,210
BRDA:330,23,1,42
BRF:49
BRH:42
end_of_record
TN:
SF:src/features/results/screens/results-screen.tsx
FN:30,jointLabel
FN:36,ResultsScreen
FN:47,(anonymous_2)
FN:52,(anonymous_3)
FN:53,(anonymous_4)
FN:67,(anonymous_5)
FN:68,(anonymous_6)
FN:71,(anonymous_7)
FN:129,(anonymous_8)
FN:136,(anonymous_9)
FN:181,(anonymous_10)
FN:192,ExpertRow
FNF:12
FNH:12
FNDA:3,jointLabel
FNDA:89,ResultsScreen
FNDA:27,(anonymous_2)
FNDA:28,(anonymous_3)
FNDA:28,(anonymous_4)
FNDA:1,(anonymous_5)
FNDA:1,(anonymous_6)
FNDA:1,(anonymous_7)
FNDA:60,(anonymous_8)
FNDA:7,(anonymous_9)
FNDA:1,(anonymous_10)
FNDA:18,ExpertRow
DA:31,3
DA:32,3
DA:33,3
DA:37,89
DA:38,89
DA:39,89
DA:40,89
DA:41,89
DA:42,89
DA:43,89
DA:44,89
DA:45,89
DA:47,89
DA:48,27
DA:49,27
DA:52,89
DA:53,28
DA:54,28
DA:55,28
DA:56,28
DA:57,28
DA:58,24
DA:60,3
DA:62,27
DA:67,89
DA:68,1
DA:71,89
DA:72,1
DA:75,89
DA:76,54
DA:77,35
DA:78,31
DA:80,30
DA:81,30
DA:82,30
DA:84,30
DA:90,30
DA:130,60
DA:136,7
DA:181,1
DA:201,18
DA:209,1
LF:42
LH:42
BRDA:31,0,0,0
BRDA:31,0,1,3
BRDA:33,1,0,3
BRDA:33,1,1,0
BRDA:60,2,0,2
BRDA:60,2,1,1
BRDA:75,3,0,54
BRDA:75,3,1,35
BRDA:77,4,0,4
BRDA:77,4,1,31
BRDA:78,5,0,1
BRDA:78,5,1,30
BRDA:84,6,0,28
BRDA:84,6,1,2
BRDA:86,7,0,1
BRDA:86,7,1,1
BRDA:93,8,0,30
BRDA:93,8,1,0
BRDA:120,9,0,30
BRDA:120,9,1,3
BRDA:134,10,0,60
BRDA:134,10,1,30
BRDA:140,11,0,30
BRDA:140,11,1,30
BRDA:147,12,0,60
BRDA:147,12,1,30
BRDA:150,13,0,30
BRDA:150,13,1,30
BRDA:156,14,0,30
BRDA:156,14,1,0
BRDA:162,15,0,30
BRDA:162,15,1,6
BRDA:174,16,0,1
BRDA:174,16,1,5
BRDA:204,17,0,18
BRDA:204,17,1,6
BRF:36
BRH:32
end_of_record
TN:
SF:src/navigation/app-navigator.tsx
FN:28,AppNavigator
FN:29,(anonymous_1)
FN:30,(anonymous_2)
FN:31,(anonymous_3)
FN:33,(anonymous_4)
FNF:5
FNH:0
FNDA:0,AppNavigator
FNDA:0,(anonymous_1)
FNDA:0,(anonymous_2)
FNDA:0,(anonymous_3)
FNDA:0,(anonymous_4)
DA:19,0
DA:21,0
DA:29,0
DA:30,0
DA:31,0
DA:33,0
DA:34,0
DA:38,0
DA:39,0
DA:50,0
LF:10
LH:0
BRDA:38,0,0,0
BRDA:38,0,1,0
BRDA:57,1,0,0
BRDA:57,1,1,0
BRDA:84,2,0,0
BRDA:84,2,1,0
BRF:6
BRH:0
end_of_record
TN:
SF:src/navigation/types.ts
FNF:0
FNH:0
LF:0
LH:0
BRF:0
BRH:0
end_of_record
TN:
SF:src/shared/components/biometric-lock-screen-screen.tsx
FN:11,BiometricLockScreen_Screen
FN:14,(anonymous_1)
FN:16,(anonymous_2)
FN:26,(anonymous_3)
FNF:4
FNH:0
FNDA:0,BiometricLockScreen_Screen
FNDA:0,(anonymous_1)
FNDA:0,(anonymous_2)
FNDA:0,(anonymous_3)
DA:12,0
DA:13,0
DA:14,0
DA:16,0
DA:17,0
DA:18,0
DA:19,0
DA:21,0
DA:26,0
DA:27,0
DA:30,0
LF:11
LH:0
BRDA:17,0,0,0
BRDA:17,0,1,0
BRDA:18,1,0,0
BRDA:18,1,1,0
BRF:4
BRH:0
end_of_record
TN:
SF:src/shared/components/biometric-lock-screen.tsx
FN:19,BiometricLockScreen
FN:24,(anonymous_1)
FNF:2
FNH:2
FNDA:8,BiometricLockScreen
FNDA:1,(anonymous_1)
DA:24,8
DA:25,1
DA:26,1
DA:30,8
DA:66,1
LF:5
LH:5
BRDA:25,0,0,1
BRDA:25,0,1,0
BRDA:39,1,0,8
BRDA:39,1,1,1
BRDA:46,2,0,8
BRDA:46,2,1,2
BRDA:54,3,0,2
BRDA:54,3,1,6
BRDA:56,4,0,6
BRDA:56,4,1,0
BRF:10
BRH:8
end_of_record
TN:
SF:src/shared/components/error-widget.tsx
FN:13,ErrorWidget
FNF:1
FNH:1
FNDA:19,ErrorWidget
DA:14,19
DA:28,5
LF:2
LH:2
BRDA:13,0,0,18
BRDA:19,1,0,19
BRDA:19,1,1,11
BRF:3
BRH:3
end_of_record
TN:
SF:src/shared/components/loading-spinner.tsx
FN:13,LoadingSpinner
FNF:1
FNH:1
FNDA:184,LoadingSpinner
DA:14,184
DA:22,7
LF:2
LH:2
BRDA:13,0,0,183
BRDA:13,1,0,39
BRDA:15,2,0,184
BRDA:15,2,1,145
BRDA:17,3,0,184
BRDA:17,3,1,129
BRF:6
BRH:6
end_of_record
TN:
SF:src/shared/design-system/colors.ts
FNF:0
FNH:0
DA:5,21
LF:1
LH:1
BRF:0
BRH:0
end_of_record
TN:
SF:src/shared/design-system/spacing.ts
FNF:0
FNH:0
DA:4,18
DA:15,18
DA:23,18
LF:3
LH:3
BRF:0
BRH:0
end_of_record
TN:
SF:src/shared/design-system/typography.ts
FNF:0
FNH:0
DA:4,14
DA:14,14
DA:21,14
LF:3
LH:3
BRF:0
BRH:0
end_of_record
TN:
SF:src/shared/hooks/use-platform.ts
FN:23,usePlatform
FNF:1
FNH:1
FNDA:191,usePlatform
DA:4,4
DA:24,191
DA:26,191
LF:3
LH:3
BRF:0
BRH:0
end_of_record
TN:
SF:src/shared/hooks/use-responsive-style.ts
FN:13,useResponsiveStyle
FN:20,(anonymous_1)
FNF:2
FNH:2
FNDA:4,useResponsiveStyle
FNDA:4,(anonymous_1)
DA:17,4
DA:19,4
DA:20,4
LF:3
LH:3
BRDA:20,0,0,2
BRDA:20,0,1,2
BRF:2
BRH:2
end_of_record
TN:
SF:src/shared/utils/date-utils.ts
FN:7,formatDisplayDate
FN:16,formatDisplayDateTime
FN:27,calculateAge
FN:38,toISODateString
FN:43,parseISODate
FN:48,formatRelativeTime
FNF:6
FNH:6
FNDA:116,formatDisplayDate
FNDA:250,formatDisplayDateTime
FNDA:3,calculateAge
FNDA:1,toISODateString
FNDA:1,parseISODate
FNDA:5,formatRelativeTime
DA:8,116
DA:17,250
DA:28,3
DA:29,3
DA:30,3
DA:31,3
DA:32,1
DA:34,3
DA:39,1
DA:44,1
DA:49,5
DA:50,5
DA:51,5
DA:52,5
DA:53,5
DA:55,5
DA:56,4
DA:57,3
DA:58,2
DA:59,1
DA:60,0
DA:61,0
DA:62,0
LF:23
LH:20
BRDA:31,0,0,1
BRDA:31,0,1,2
BRDA:31,1,0,3
BRDA:31,1,1,3
BRDA:31,1,2,3
BRDA:55,2,0,1
BRDA:55,2,1,4
BRDA:56,3,0,1
BRDA:56,3,1,3
BRDA:57,4,0,1
BRDA:57,4,1,2
BRDA:58,5,0,1
BRDA:58,5,1,1
BRDA:59,6,0,1
BRDA:59,6,1,0
BRDA:60,7,0,0
BRDA:60,7,1,0
BRDA:61,8,0,0
BRDA:61,8,1,0
BRF:19
BRH:14
end_of_record
